Using pre-set license
Built from '2021.1/staging' branch; Version is '2021.1.7f1 (d91830b65d9b) revision 14227504'; Using compiler version '192528614'; Build Type 'Release'
OS: 'Windows 10 Pro; OS build 19042.928; Version 2009; 64bit' Language: 'fr' Physical Memory: 16332 MB
BatchMode: 1, IsHumanControllingUs: 0, StartBugReporterOnCrash: 0, Is64bit: 1, IsPro: 0

 COMMAND LINE ARGUMENTS:
D:\Outerminds\Unity Editors\2021.1.7f1\Editor\Unity.exe
-adb2
-batchMode
-noUpm
-name
AssetImportWorker0
-projectPath
C:/Users/Seb/Documents/GitHub/BasuKun/Projects/Cold Idle
-logFile
Logs/AssetImportWorker0.log
-srvPort
53403
Successfully changed project path to: C:/Users/Seb/Documents/GitHub/BasuKun/Projects/Cold Idle
C:/Users/Seb/Documents/GitHub/BasuKun/Projects/Cold Idle
Using Asset Import Pipeline V2.
Refreshing native plugins compatible for Editor in 54.18 ms, found 0 plugins.
Preloading 0 native plugins for Editor in 0.00 ms.
Initialize engine version: 2021.1.7f1 (d91830b65d9b)
[Subsystems] Discovering subsystems at path D:/Outerminds/Unity Editors/2021.1.7f1/Editor/Data/Resources/UnitySubsystems
[Subsystems] Discovering subsystems at path C:/Users/Seb/Documents/GitHub/BasuKun/Projects/Cold Idle/Assets
GfxDevice: creating device client; threaded=0; jobified=0
Direct3D:
    Version:  Direct3D 11.0 [level 11.1]
    Renderer: NVIDIA GeForce RTX 3060 Ti (ID=0x2486)
    Vendor:   NVIDIA
    VRAM:     8050 MB
    Driver:   27.21.14.6611
Initialize mono
Mono path[0] = 'D:/Outerminds/Unity Editors/2021.1.7f1/Editor/Data/Managed'
Mono path[1] = 'D:/Outerminds/Unity Editors/2021.1.7f1/Editor/Data/MonoBleedingEdge/lib/mono/unityjit'
Mono config path = 'D:/Outerminds/Unity Editors/2021.1.7f1/Editor/Data/MonoBleedingEdge/etc'
Using monoOptions --debugger-agent=transport=dt_socket,embedding=1,server=y,suspend=n,address=127.0.0.1:56480
Begin MonoManager ReloadAssembly
Registering precompiled unity dll's ...
Register platform support module: D:/Outerminds/Unity Editors/2021.1.7f1/Editor/Data/PlaybackEngines/WebGLSupport/UnityEditor.WebGL.Extensions.dll
Register platform support module: D:/Outerminds/Unity Editors/2021.1.7f1/Editor/Data/PlaybackEngines/WindowsStandaloneSupport/UnityEditor.WindowsStandalone.Extensions.dll
Registered in 0.001325 seconds.
Native extension for WindowsStandalone target not found
Native extension for WebGL target not found
Refreshing native plugins compatible for Editor in 47.64 ms, found 0 plugins.
Preloading 0 native plugins for Editor in 0.00 ms.
Mono: successfully reloaded assembly
- Completed reload, in  1.036 seconds
Platform modules already initialized, skipping
Registering precompiled user dll's ...
Registered in 0.002367 seconds.
Begin MonoManager ReloadAssembly
Native extension for WindowsStandalone target not found
Native extension for WebGL target not found
Refreshing native plugins compatible for Editor in 0.54 ms, found 0 plugins.
Preloading 0 native plugins for Editor in 0.00 ms.
Mono: successfully reloaded assembly
- Completed reload, in  0.974 seconds
Platform modules already initialized, skipping
========================================================================
Worker process is ready to serve import requests
Launched and connected shader compiler UnityShaderCompiler.exe after 0.03 seconds
Refreshing native plugins compatible for Editor in 0.52 ms, found 0 plugins.
Preloading 0 native plugins for Editor in 0.00 ms.
Unloading 1740 Unused Serialized files (Serialized files now loaded: 0)
System memory in use before: 77.4 MB.
System memory in use after: 77.4 MB.

Unloading 51 unused Assets to reduce memory usage. Loaded Objects now: 2167.
Total: 5.512400 ms (FindLiveObjects: 0.151000 ms CreateObjectMapping: 0.038900 ms MarkObjects: 5.216900 ms  DeleteObjects: 0.104200 ms)

========================================================================
Received Import Request.
  path: Assets/Fonts/Coder's Crux.asset
  artifactKey: Guid(f55a494d89a44bc41885988220675a78) Importer(815301076,1909f56bfc062723c751e8b465ee728b)
Start importing Assets/Fonts/Coder's Crux.asset using Guid(f55a494d89a44bc41885988220675a78) Importer(815301076,1909f56bfc062723c751e8b465ee728b)  -> (artifact id: '9dc2c320fe7202143f957e38c3a214bb') in 0.157637 seconds 
========================================================================
Received Prepare
Registering precompiled user dll's ...
Registered in 0.002521 seconds.
Begin MonoManager ReloadAssembly
Native extension for WindowsStandalone target not found
Native extension for WebGL target not found
Refreshing native plugins compatible for Editor in 0.56 ms, found 0 plugins.
Preloading 0 native plugins for Editor in 0.00 ms.
Mono: successfully reloaded assembly
- Completed reload, in  0.914 seconds
Platform modules already initialized, skipping
Refreshing native plugins compatible for Editor in 0.56 ms, found 0 plugins.
Preloading 0 native plugins for Editor in 0.00 ms.
Unloading 1724 Unused Serialized files (Serialized files now loaded: 0)
System memory in use before: 80.7 MB.
System memory in use after: 80.7 MB.

Unloading 42 unused Assets to reduce memory usage. Loaded Objects now: 2227.
Total: 5.455900 ms (FindLiveObjects: 0.138900 ms CreateObjectMapping: 0.041000 ms MarkObjects: 5.204200 ms  DeleteObjects: 0.070600 ms)

========================================================================
Received Import Request.
  Time since last request: 19.548957 seconds.
  path: Assets/Fonts/Coder's Crux.asset
  artifactKey: Guid(f55a494d89a44bc41885988220675a78) Importer(815301076,1909f56bfc062723c751e8b465ee728b)
Start importing Assets/Fonts/Coder's Crux.asset using Guid(f55a494d89a44bc41885988220675a78) Importer(815301076,1909f56bfc062723c751e8b465ee728b)  -> (artifact id: 'd6cddd29d7ed18d40b161935c92fcd8f') in 0.080481 seconds 
========================================================================
Received Prepare
Registering precompiled user dll's ...
Registered in 0.002210 seconds.
Begin MonoManager ReloadAssembly
Native extension for WindowsStandalone target not found
Native extension for WebGL target not found
Refreshing native plugins compatible for Editor in 0.55 ms, found 0 plugins.
Preloading 0 native plugins for Editor in 0.00 ms.
Mono: successfully reloaded assembly
- Completed reload, in  0.926 seconds
Platform modules already initialized, skipping
Refreshing native plugins compatible for Editor in 0.56 ms, found 0 plugins.
Preloading 0 native plugins for Editor in 0.00 ms.
Unloading 1724 Unused Serialized files (Serialized files now loaded: 0)
System memory in use before: 81.2 MB.
System memory in use after: 81.2 MB.

Unloading 42 unused Assets to reduce memory usage. Loaded Objects now: 2246.
Total: 5.756200 ms (FindLiveObjects: 0.161600 ms CreateObjectMapping: 0.040700 ms MarkObjects: 5.477900 ms  DeleteObjects: 0.074600 ms)

========================================================================
Received Import Request.
  Time since last request: 27.103688 seconds.
  path: Assets/Fonts/Coder's Crux.asset
  artifactKey: Guid(f55a494d89a44bc41885988220675a78) Importer(815301076,1909f56bfc062723c751e8b465ee728b)
Start importing Assets/Fonts/Coder's Crux.asset using Guid(f55a494d89a44bc41885988220675a78) Importer(815301076,1909f56bfc062723c751e8b465ee728b)  -> (artifact id: 'c462033c3e24dc7969c5aaecf0e63296') in 0.082970 seconds 
========================================================================
Received Import Request.
  Time since last request: 19.551148 seconds.
  path: Assets/Fonts/Coder's Crux.asset
  artifactKey: Guid(f55a494d89a44bc41885988220675a78) Importer(815301076,1909f56bfc062723c751e8b465ee728b)
Start importing Assets/Fonts/Coder's Crux.asset using Guid(f55a494d89a44bc41885988220675a78) Importer(815301076,1909f56bfc062723c751e8b465ee728b)  -> (artifact id: 'c06beef6df05c450c863f4ba06f540fe') in 0.032132 seconds 
========================================================================
Received Import Request.
  Time since last request: 5.720128 seconds.
  path: Assets/Fonts/Coder's Crux.asset
  artifactKey: Guid(f55a494d89a44bc41885988220675a78) Importer(815301076,1909f56bfc062723c751e8b465ee728b)
Start importing Assets/Fonts/Coder's Crux.asset using Guid(f55a494d89a44bc41885988220675a78) Importer(815301076,1909f56bfc062723c751e8b465ee728b)  -> (artifact id: 'bbaefb29b894e810ba7d0fe1b478aef3') in 0.031944 seconds 
========================================================================
Received Import Request.
  Time since last request: 7.541681 seconds.
  path: Assets/Fonts/Coder's Crux.asset
  artifactKey: Guid(f55a494d89a44bc41885988220675a78) Importer(815301076,1909f56bfc062723c751e8b465ee728b)
Start importing Assets/Fonts/Coder's Crux.asset using Guid(f55a494d89a44bc41885988220675a78) Importer(815301076,1909f56bfc062723c751e8b465ee728b)  -> (artifact id: 'e610b5ba35efe7ba912e5d01319789c2') in 0.073753 seconds 
========================================================================
Received Import Request.
  Time since last request: 22.050491 seconds.
  path: Assets/Fonts/Coder's Crux.asset
  artifactKey: Guid(f55a494d89a44bc41885988220675a78) Importer(815301076,1909f56bfc062723c751e8b465ee728b)
Start importing Assets/Fonts/Coder's Crux.asset using Guid(f55a494d89a44bc41885988220675a78) Importer(815301076,1909f56bfc062723c751e8b465ee728b)  -> (artifact id: '6cf271b2319dad48eec1a08d0596e83e') in 0.881677 seconds 
========================================================================
Received Prepare
Registering precompiled user dll's ...
Registered in 0.002365 seconds.
Begin MonoManager ReloadAssembly
Native extension for WindowsStandalone target not found
Native extension for WebGL target not found
Refreshing native plugins compatible for Editor in 0.57 ms, found 0 plugins.
Preloading 0 native plugins for Editor in 0.00 ms.
Mono: successfully reloaded assembly
- Completed reload, in  1.841 seconds
Platform modules already initialized, skipping
Refreshing native plugins compatible for Editor in 0.69 ms, found 0 plugins.
Preloading 0 native plugins for Editor in 0.00 ms.
Unloading 1724 Unused Serialized files (Serialized files now loaded: 0)
System memory in use before: 147.2 MB.
System memory in use after: 147.2 MB.

Unloading 42 unused Assets to reduce memory usage. Loaded Objects now: 2322.
Total: 5.600300 ms (FindLiveObjects: 0.165900 ms CreateObjectMapping: 0.041200 ms MarkObjects: 5.297500 ms  DeleteObjects: 0.094600 ms)

========================================================================
Received Import Request.
  Time since last request: 223.410334 seconds.
  path: Assets/Fonts/Coder's Crux.asset
  artifactKey: Guid(f55a494d89a44bc41885988220675a78) Importer(815301076,1909f56bfc062723c751e8b465ee728b)
Start importing Assets/Fonts/Coder's Crux.asset using Guid(f55a494d89a44bc41885988220675a78) Importer(815301076,1909f56bfc062723c751e8b465ee728b)  -> (artifact id: '699ce4de829620094ac3e810b2228d00') in 0.287633 seconds 
========================================================================
Received Import Request.
  Time since last request: 8.950234 seconds.
  path: Assets/Fonts/Coder's Crux.asset
  artifactKey: Guid(f55a494d89a44bc41885988220675a78) Importer(815301076,1909f56bfc062723c751e8b465ee728b)
Start importing Assets/Fonts/Coder's Crux.asset using Guid(f55a494d89a44bc41885988220675a78) Importer(815301076,1909f56bfc062723c751e8b465ee728b)  -> (artifact id: '71cdacd647d2733ff25a16dfee5e6ae6') in 0.219960 seconds 
========================================================================
Received Import Request.
  Time since last request: 16.120547 seconds.
  path: Assets/Fonts/Coder's Crux.asset
  artifactKey: Guid(f55a494d89a44bc41885988220675a78) Importer(815301076,1909f56bfc062723c751e8b465ee728b)
Start importing Assets/Fonts/Coder's Crux.asset using Guid(f55a494d89a44bc41885988220675a78) Importer(815301076,1909f56bfc062723c751e8b465ee728b)  -> (artifact id: '7e9c5ecf902562d7e59b296424eb4d90') in 0.025860 seconds 
========================================================================
Received Import Request.
  Time since last request: 29.135234 seconds.
  path: Assets/Fonts/Coder's Crux.asset
  artifactKey: Guid(f55a494d89a44bc41885988220675a78) Importer(815301076,1909f56bfc062723c751e8b465ee728b)
Start importing Assets/Fonts/Coder's Crux.asset using Guid(f55a494d89a44bc41885988220675a78) Importer(815301076,1909f56bfc062723c751e8b465ee728b)  -> (artifact id: '991e7046bd773d1c7ffc9742b2ab3ee2') in 0.858530 seconds 
========================================================================
Received Prepare
Registering precompiled user dll's ...
Registered in 0.002652 seconds.
Begin MonoManager ReloadAssembly
Native extension for WindowsStandalone target not found
Native extension for WebGL target not found
Refreshing native plugins compatible for Editor in 0.58 ms, found 0 plugins.
Preloading 0 native plugins for Editor in 0.00 ms.
Mono: successfully reloaded assembly
- Completed reload, in  1.821 seconds
Platform modules already initialized, skipping
Refreshing native plugins compatible for Editor in 0.79 ms, found 0 plugins.
Preloading 0 native plugins for Editor in 0.00 ms.
Unloading 1724 Unused Serialized files (Serialized files now loaded: 0)
System memory in use before: 212.8 MB.
System memory in use after: 212.8 MB.

Unloading 42 unused Assets to reduce memory usage. Loaded Objects now: 2383.
Total: 5.689600 ms (FindLiveObjects: 0.174100 ms CreateObjectMapping: 0.040500 ms MarkObjects: 5.396300 ms  DeleteObjects: 0.077700 ms)

========================================================================
Received Prepare
Registering precompiled user dll's ...
Registered in 0.002358 seconds.
Begin MonoManager ReloadAssembly
Native extension for WindowsStandalone target not found
Native extension for WebGL target not found
Refreshing native plugins compatible for Editor in 0.57 ms, found 0 plugins.
Preloading 0 native plugins for Editor in 0.00 ms.
Mono: successfully reloaded assembly
- Completed reload, in  0.910 seconds
Platform modules already initialized, skipping
Refreshing native plugins compatible for Editor in 0.64 ms, found 0 plugins.
Preloading 0 native plugins for Editor in 0.00 ms.
Unloading 1723 Unused Serialized files (Serialized files now loaded: 0)
System memory in use before: 212.7 MB.
System memory in use after: 212.8 MB.

Unloading 42 unused Assets to reduce memory usage. Loaded Objects now: 2386.
Total: 5.302000 ms (FindLiveObjects: 0.150600 ms CreateObjectMapping: 0.041200 ms MarkObjects: 5.032700 ms  DeleteObjects: 0.076700 ms)

AssetImportWorkerClient::OnTransportError - code=2 error=End of file
