Using pre-set license
Built from '2021.1/staging' branch; Version is '2021.1.7f1 (d91830b65d9b) revision 14227504'; Using compiler version '192528614'; Build Type 'Release'
OS: 'Windows 10 Pro; OS build 19042.928; Version 2009; 64bit' Language: 'fr' Physical Memory: 16332 MB
BatchMode: 1, IsHumanControllingUs: 0, StartBugReporterOnCrash: 0, Is64bit: 1, IsPro: 0

 COMMAND LINE ARGUMENTS:
D:\Outerminds\Unity Editors\2021.1.7f1\Editor\Unity.exe
-adb2
-batchMode
-noUpm
-name
AssetImportWorker0
-projectPath
C:/Users/Seb/Documents/GitHub/BasuKun/Projects/Dice RPG/Dice RPG
-logFile
Logs/AssetImportWorker0.log
-srvPort
49655
Successfully changed project path to: C:/Users/Seb/Documents/GitHub/BasuKun/Projects/Dice RPG/Dice RPG
C:/Users/Seb/Documents/GitHub/BasuKun/Projects/Dice RPG/Dice RPG
Using Asset Import Pipeline V2.
Refreshing native plugins compatible for Editor in 112.93 ms, found 2 plugins.
Preloading 0 native plugins for Editor in 0.00 ms.
Initialize engine version: 2021.1.7f1 (d91830b65d9b)
[Subsystems] Discovering subsystems at path D:/Outerminds/Unity Editors/2021.1.7f1/Editor/Data/Resources/UnitySubsystems
[Subsystems] Discovering subsystems at path C:/Users/Seb/Documents/GitHub/BasuKun/Projects/Dice RPG/Dice RPG/Assets
GfxDevice: creating device client; threaded=0; jobified=0
Direct3D:
    Version:  Direct3D 11.0 [level 11.1]
    Renderer: NVIDIA GeForce RTX 3060 Ti (ID=0x2486)
    Vendor:   NVIDIA
    VRAM:     8050 MB
    Driver:   27.21.14.6611
Initialize mono
Mono path[0] = 'D:/Outerminds/Unity Editors/2021.1.7f1/Editor/Data/Managed'
Mono path[1] = 'D:/Outerminds/Unity Editors/2021.1.7f1/Editor/Data/MonoBleedingEdge/lib/mono/unityjit'
Mono config path = 'D:/Outerminds/Unity Editors/2021.1.7f1/Editor/Data/MonoBleedingEdge/etc'
Using monoOptions --debugger-agent=transport=dt_socket,embedding=1,server=y,suspend=n,address=127.0.0.1:56320
Begin MonoManager ReloadAssembly
Registering precompiled unity dll's ...
Register platform support module: D:/Outerminds/Unity Editors/2021.1.7f1/Editor/Data/PlaybackEngines/WebGLSupport/UnityEditor.WebGL.Extensions.dll
Register platform support module: D:/Outerminds/Unity Editors/2021.1.7f1/Editor/Data/PlaybackEngines/WindowsStandaloneSupport/UnityEditor.WindowsStandalone.Extensions.dll
Registered in 0.001424 seconds.
Native extension for WindowsStandalone target not found
Native extension for WebGL target not found
Refreshing native plugins compatible for Editor in 130.06 ms, found 2 plugins.
Preloading 0 native plugins for Editor in 0.00 ms.
Mono: successfully reloaded assembly
- Completed reload, in  1.296 seconds
Platform modules already initialized, skipping
Registering precompiled user dll's ...
Registered in 0.003745 seconds.
Begin MonoManager ReloadAssembly
Symbol file LoadedFromMemory doesn't match image C:\Users\Seb\Documents\GitHub\BasuKun\Projects\Dice RPG\Dice RPG\Library\PackageCache\com.unity.visualscripting@1.6.1\Editor\VisualScripting.Core\Dependencies\YamlDotNet\Unity.VisualScripting.YamlDotNet.dll
Symbol file LoadedFromMemory doesn't match image C:\Users\Seb\Documents\GitHub\BasuKun\Projects\Dice RPG\Dice RPG\Library\PackageCache\com.unity.visualscripting@1.6.1\Editor\VisualScripting.Core\Dependencies\DotNetZip\Unity.VisualScripting.IonicZip.dll
Native extension for WindowsStandalone target not found
Native extension for WebGL target not found
Refreshing native plugins compatible for Editor in 123.17 ms, found 2 plugins.
Preloading 0 native plugins for Editor in 0.00 ms.
Mono: successfully reloaded assembly
- Completed reload, in  1.177 seconds
Platform modules already initialized, skipping
========================================================================
Worker process is ready to serve import requests
Launched and connected shader compiler UnityShaderCompiler.exe after 0.05 seconds
Refreshing native plugins compatible for Editor in 0.96 ms, found 2 plugins.
Preloading 0 native plugins for Editor in 0.00 ms.
Unloading 3628 Unused Serialized files (Serialized files now loaded: 0)
System memory in use before: 142.6 MB.
System memory in use after: 142.7 MB.

Unloading 27 unused Assets to reduce memory usage. Loaded Objects now: 4087.
Total: 2.733600 ms (FindLiveObjects: 0.290600 ms CreateObjectMapping: 0.090500 ms MarkObjects: 2.219800 ms  DeleteObjects: 0.131300 ms)

========================================================================
Received Prepare
Registering precompiled user dll's ...
Registered in 0.003300 seconds.
Begin MonoManager ReloadAssembly
Symbol file LoadedFromMemory doesn't match image C:\Users\Seb\Documents\GitHub\BasuKun\Projects\Dice RPG\Dice RPG\Library\PackageCache\com.unity.visualscripting@1.6.1\Editor\VisualScripting.Core\Dependencies\YamlDotNet\Unity.VisualScripting.YamlDotNet.dll
Symbol file LoadedFromMemory doesn't match image C:\Users\Seb\Documents\GitHub\BasuKun\Projects\Dice RPG\Dice RPG\Library\PackageCache\com.unity.visualscripting@1.6.1\Editor\VisualScripting.Core\Dependencies\DotNetZip\Unity.VisualScripting.IonicZip.dll
Native extension for WindowsStandalone target not found
Native extension for WebGL target not found
Refreshing native plugins compatible for Editor in 0.70 ms, found 2 plugins.
Preloading 0 native plugins for Editor in 0.00 ms.
Mono: successfully reloaded assembly
- Completed reload, in  0.981 seconds
Platform modules already initialized, skipping
Refreshing native plugins compatible for Editor in 0.71 ms, found 2 plugins.
Preloading 0 native plugins for Editor in 0.00 ms.
Unloading 3583 Unused Serialized files (Serialized files now loaded: 0)
System memory in use before: 138.6 MB.
System memory in use after: 138.7 MB.

Unloading 16 unused Assets to reduce memory usage. Loaded Objects now: 4091.
Total: 2.393100 ms (FindLiveObjects: 0.265300 ms CreateObjectMapping: 0.086600 ms MarkObjects: 1.938200 ms  DeleteObjects: 0.102100 ms)

========================================================================
Received Import Request.
  path: Assets/Scripts/Classes/Skills/Ronin/Skillful.cs
  artifactKey: Guid(7084011c287853847b1f61911f7d38cd) Importer(815301076,1909f56bfc062723c751e8b465ee728b)
Start importing Assets/Scripts/Classes/Skills/Ronin/Skillful.cs using Guid(7084011c287853847b1f61911f7d38cd) Importer(815301076,1909f56bfc062723c751e8b465ee728b)  -> (artifact id: '22062187b2326421d7662b4d986ea5e6') in 0.080722 seconds 
========================================================================
Received Prepare
Registering precompiled user dll's ...
Registered in 0.003457 seconds.
Begin MonoManager ReloadAssembly
Symbol file LoadedFromMemory doesn't match image C:\Users\Seb\Documents\GitHub\BasuKun\Projects\Dice RPG\Dice RPG\Library\PackageCache\com.unity.visualscripting@1.6.1\Editor\VisualScripting.Core\Dependencies\YamlDotNet\Unity.VisualScripting.YamlDotNet.dll
Symbol file LoadedFromMemory doesn't match image C:\Users\Seb\Documents\GitHub\BasuKun\Projects\Dice RPG\Dice RPG\Library\PackageCache\com.unity.visualscripting@1.6.1\Editor\VisualScripting.Core\Dependencies\DotNetZip\Unity.VisualScripting.IonicZip.dll
Native extension for WindowsStandalone target not found
Native extension for WebGL target not found
Refreshing native plugins compatible for Editor in 0.70 ms, found 2 plugins.
Preloading 0 native plugins for Editor in 0.00 ms.
Mono: successfully reloaded assembly
- Completed reload, in  0.959 seconds
Platform modules already initialized, skipping
Refreshing native plugins compatible for Editor in 0.72 ms, found 2 plugins.
Preloading 0 native plugins for Editor in 0.00 ms.
Unloading 3583 Unused Serialized files (Serialized files now loaded: 0)
System memory in use before: 138.7 MB.
System memory in use after: 138.8 MB.

Unloading 16 unused Assets to reduce memory usage. Loaded Objects now: 4095.
Total: 2.368300 ms (FindLiveObjects: 0.262800 ms CreateObjectMapping: 0.086600 ms MarkObjects: 1.917600 ms  DeleteObjects: 0.100600 ms)

========================================================================
Received Import Request.
  Time since last request: 719.012807 seconds.
  path: Assets/Scripts/Classes/Skills/Ronin/Skillful.cs
  artifactKey: Guid(7084011c287853847b1f61911f7d38cd) Importer(815301076,1909f56bfc062723c751e8b465ee728b)
Start importing Assets/Scripts/Classes/Skills/Ronin/Skillful.cs using Guid(7084011c287853847b1f61911f7d38cd) Importer(815301076,1909f56bfc062723c751e8b465ee728b)  -> (artifact id: '0ca985451de75a077b4747582bcd8291') in 0.006846 seconds 
========================================================================
Received Prepare
Registering precompiled user dll's ...
Registered in 0.003600 seconds.
Begin MonoManager ReloadAssembly
Symbol file LoadedFromMemory doesn't match image C:\Users\Seb\Documents\GitHub\BasuKun\Projects\Dice RPG\Dice RPG\Library\PackageCache\com.unity.visualscripting@1.6.1\Editor\VisualScripting.Core\Dependencies\YamlDotNet\Unity.VisualScripting.YamlDotNet.dll
Symbol file LoadedFromMemory doesn't match image C:\Users\Seb\Documents\GitHub\BasuKun\Projects\Dice RPG\Dice RPG\Library\PackageCache\com.unity.visualscripting@1.6.1\Editor\VisualScripting.Core\Dependencies\DotNetZip\Unity.VisualScripting.IonicZip.dll
Native extension for WindowsStandalone target not found
Native extension for WebGL target not found
Refreshing native plugins compatible for Editor in 0.72 ms, found 2 plugins.
Preloading 0 native plugins for Editor in 0.00 ms.
Mono: successfully reloaded assembly
- Completed reload, in  0.949 seconds
Platform modules already initialized, skipping
Refreshing native plugins compatible for Editor in 0.78 ms, found 2 plugins.
Preloading 0 native plugins for Editor in 0.00 ms.
Unloading 3583 Unused Serialized files (Serialized files now loaded: 0)
System memory in use before: 138.7 MB.
System memory in use after: 138.8 MB.

Unloading 16 unused Assets to reduce memory usage. Loaded Objects now: 4099.
Total: 2.425900 ms (FindLiveObjects: 0.277900 ms CreateObjectMapping: 0.086100 ms MarkObjects: 1.947300 ms  DeleteObjects: 0.113200 ms)

========================================================================
Received Import Request.
  Time since last request: 283.103391 seconds.
  path: Assets/Scripts/Classes/Skills/Ronin/Skillful.cs
  artifactKey: Guid(7084011c287853847b1f61911f7d38cd) Importer(815301076,1909f56bfc062723c751e8b465ee728b)
Start importing Assets/Scripts/Classes/Skills/Ronin/Skillful.cs using Guid(7084011c287853847b1f61911f7d38cd) Importer(815301076,1909f56bfc062723c751e8b465ee728b)  -> (artifact id: 'be78ea49abde4801a6355655a99ef80d') in 0.006684 seconds 
========================================================================
Received Prepare
Registering precompiled user dll's ...
Registered in 0.003233 seconds.
Begin MonoManager ReloadAssembly
Symbol file LoadedFromMemory doesn't match image C:\Users\Seb\Documents\GitHub\BasuKun\Projects\Dice RPG\Dice RPG\Library\PackageCache\com.unity.visualscripting@1.6.1\Editor\VisualScripting.Core\Dependencies\YamlDotNet\Unity.VisualScripting.YamlDotNet.dll
Symbol file LoadedFromMemory doesn't match image C:\Users\Seb\Documents\GitHub\BasuKun\Projects\Dice RPG\Dice RPG\Library\PackageCache\com.unity.visualscripting@1.6.1\Editor\VisualScripting.Core\Dependencies\DotNetZip\Unity.VisualScripting.IonicZip.dll
Native extension for WindowsStandalone target not found
Native extension for WebGL target not found
Refreshing native plugins compatible for Editor in 0.70 ms, found 2 plugins.
Preloading 0 native plugins for Editor in 0.00 ms.
Mono: successfully reloaded assembly
- Completed reload, in  0.947 seconds
Platform modules already initialized, skipping
Refreshing native plugins compatible for Editor in 0.76 ms, found 2 plugins.
Preloading 0 native plugins for Editor in 0.00 ms.
Unloading 3583 Unused Serialized files (Serialized files now loaded: 0)
System memory in use before: 138.8 MB.
System memory in use after: 138.9 MB.

Unloading 16 unused Assets to reduce memory usage. Loaded Objects now: 4103.
Total: 2.565400 ms (FindLiveObjects: 0.300000 ms CreateObjectMapping: 0.091000 ms MarkObjects: 2.064700 ms  DeleteObjects: 0.108100 ms)

========================================================================
Received Import Request.
  Time since last request: 30.568430 seconds.
  path: Assets/Scripts/Classes/Skills/Ronin/DoubleSlash.cs
  artifactKey: Guid(d27ca9a8318957a4aab3701dc7525a80) Importer(815301076,1909f56bfc062723c751e8b465ee728b)
Start importing Assets/Scripts/Classes/Skills/Ronin/DoubleSlash.cs using Guid(d27ca9a8318957a4aab3701dc7525a80) Importer(815301076,1909f56bfc062723c751e8b465ee728b)  -> (artifact id: '8d7e4e5834d1198a822e67190ce1baf6') in 0.010614 seconds 
========================================================================
Received Import Request.
  Time since last request: 0.000325 seconds.
  path: Assets/Scripts/Classes/Skills/Ronin/Assassinate.cs
  artifactKey: Guid(c0e74051dc403cb4689067b1bf8608f5) Importer(815301076,1909f56bfc062723c751e8b465ee728b)
Start importing Assets/Scripts/Classes/Skills/Ronin/Assassinate.cs using Guid(c0e74051dc403cb4689067b1bf8608f5) Importer(815301076,1909f56bfc062723c751e8b465ee728b)  -> (artifact id: 'cd5e8149d3e784c9ae8cd8817170ccc8') in 0.005671 seconds 
========================================================================
Received Prepare
Registering precompiled user dll's ...
Registered in 0.003384 seconds.
Begin MonoManager ReloadAssembly
Symbol file LoadedFromMemory doesn't match image C:\Users\Seb\Documents\GitHub\BasuKun\Projects\Dice RPG\Dice RPG\Library\PackageCache\com.unity.visualscripting@1.6.1\Editor\VisualScripting.Core\Dependencies\YamlDotNet\Unity.VisualScripting.YamlDotNet.dll
Symbol file LoadedFromMemory doesn't match image C:\Users\Seb\Documents\GitHub\BasuKun\Projects\Dice RPG\Dice RPG\Library\PackageCache\com.unity.visualscripting@1.6.1\Editor\VisualScripting.Core\Dependencies\DotNetZip\Unity.VisualScripting.IonicZip.dll
Native extension for WindowsStandalone target not found
Native extension for WebGL target not found
Refreshing native plugins compatible for Editor in 0.69 ms, found 2 plugins.
Preloading 0 native plugins for Editor in 0.00 ms.
Mono: successfully reloaded assembly
- Completed reload, in  0.945 seconds
Platform modules already initialized, skipping
Refreshing native plugins compatible for Editor in 0.71 ms, found 2 plugins.
Preloading 0 native plugins for Editor in 0.00 ms.
Unloading 3583 Unused Serialized files (Serialized files now loaded: 0)
System memory in use before: 138.8 MB.
System memory in use after: 138.9 MB.

Unloading 16 unused Assets to reduce memory usage. Loaded Objects now: 4107.
Total: 2.619800 ms (FindLiveObjects: 0.295200 ms CreateObjectMapping: 0.089700 ms MarkObjects: 2.119300 ms  DeleteObjects: 0.113800 ms)

========================================================================
Received Import Request.
  Time since last request: 11.062208 seconds.
  path: Assets/Scripts/Classes/Skills/Ronin/Karma.cs
  artifactKey: Guid(475b94396f1b00c4a8c371c444e391bc) Importer(815301076,1909f56bfc062723c751e8b465ee728b)
Start importing Assets/Scripts/Classes/Skills/Ronin/Karma.cs using Guid(475b94396f1b00c4a8c371c444e391bc) Importer(815301076,1909f56bfc062723c751e8b465ee728b)  -> (artifact id: '3e57c84b89d9c480870384bf4e73d06c') in 0.011003 seconds 
========================================================================
Received Import Request.
  Time since last request: 0.000180 seconds.
  path: Assets/Scripts/Classes/Skills/Ronin/DoubleSlash.cs
  artifactKey: Guid(d27ca9a8318957a4aab3701dc7525a80) Importer(815301076,1909f56bfc062723c751e8b465ee728b)
Start importing Assets/Scripts/Classes/Skills/Ronin/DoubleSlash.cs using Guid(d27ca9a8318957a4aab3701dc7525a80) Importer(815301076,1909f56bfc062723c751e8b465ee728b)  -> (artifact id: '16498f5032f2a62c0c438f3919e152ae') in 0.002627 seconds 
========================================================================
Received Prepare
Registering precompiled user dll's ...
Registered in 0.003248 seconds.
Begin MonoManager ReloadAssembly
Symbol file LoadedFromMemory doesn't match image C:\Users\Seb\Documents\GitHub\BasuKun\Projects\Dice RPG\Dice RPG\Library\PackageCache\com.unity.visualscripting@1.6.1\Editor\VisualScripting.Core\Dependencies\YamlDotNet\Unity.VisualScripting.YamlDotNet.dll
Symbol file LoadedFromMemory doesn't match image C:\Users\Seb\Documents\GitHub\BasuKun\Projects\Dice RPG\Dice RPG\Library\PackageCache\com.unity.visualscripting@1.6.1\Editor\VisualScripting.Core\Dependencies\DotNetZip\Unity.VisualScripting.IonicZip.dll
Native extension for WindowsStandalone target not found
Native extension for WebGL target not found
Refreshing native plugins compatible for Editor in 0.73 ms, found 2 plugins.
Preloading 0 native plugins for Editor in 0.00 ms.
Mono: successfully reloaded assembly
- Completed reload, in  0.945 seconds
Platform modules already initialized, skipping
Refreshing native plugins compatible for Editor in 0.72 ms, found 2 plugins.
Preloading 0 native plugins for Editor in 0.00 ms.
Unloading 3583 Unused Serialized files (Serialized files now loaded: 0)
System memory in use before: 138.8 MB.
System memory in use after: 138.9 MB.

Unloading 16 unused Assets to reduce memory usage. Loaded Objects now: 4111.
Total: 2.309100 ms (FindLiveObjects: 0.271300 ms CreateObjectMapping: 0.085300 ms MarkObjects: 1.850200 ms  DeleteObjects: 0.101400 ms)

========================================================================
Received Import Request.
  Time since last request: 17.718894 seconds.
  path: Assets/Scripts/Classes/Skills/Ronin/Karma.cs
  artifactKey: Guid(475b94396f1b00c4a8c371c444e391bc) Importer(815301076,1909f56bfc062723c751e8b465ee728b)
Start importing Assets/Scripts/Classes/Skills/Ronin/Karma.cs using Guid(475b94396f1b00c4a8c371c444e391bc) Importer(815301076,1909f56bfc062723c751e8b465ee728b)  -> (artifact id: 'd1e981d512af08f2f9db9645bab08d1c') in 0.006535 seconds 
========================================================================
Received Import Request.
  Time since last request: 0.073861 seconds.
  path: Assets/Scripts/Classes/Skills/Ronin/Pickpocket.cs
  artifactKey: Guid(4dc24629559f32e449f6d2da80105a80) Importer(815301076,1909f56bfc062723c751e8b465ee728b)
Start importing Assets/Scripts/Classes/Skills/Ronin/Pickpocket.cs using Guid(4dc24629559f32e449f6d2da80105a80) Importer(815301076,1909f56bfc062723c751e8b465ee728b)  -> (artifact id: '932b9c73a81ba4422efaa7ea8d75bca2') in 0.006907 seconds 
========================================================================
Received Prepare
Registering precompiled user dll's ...
Registered in 0.003275 seconds.
Begin MonoManager ReloadAssembly
Symbol file LoadedFromMemory doesn't match image C:\Users\Seb\Documents\GitHub\BasuKun\Projects\Dice RPG\Dice RPG\Library\PackageCache\com.unity.visualscripting@1.6.1\Editor\VisualScripting.Core\Dependencies\YamlDotNet\Unity.VisualScripting.YamlDotNet.dll
Symbol file LoadedFromMemory doesn't match image C:\Users\Seb\Documents\GitHub\BasuKun\Projects\Dice RPG\Dice RPG\Library\PackageCache\com.unity.visualscripting@1.6.1\Editor\VisualScripting.Core\Dependencies\DotNetZip\Unity.VisualScripting.IonicZip.dll
Native extension for WindowsStandalone target not found
Native extension for WebGL target not found
Refreshing native plugins compatible for Editor in 0.72 ms, found 2 plugins.
Preloading 0 native plugins for Editor in 0.00 ms.
Mono: successfully reloaded assembly
- Completed reload, in  0.939 seconds
Platform modules already initialized, skipping
Refreshing native plugins compatible for Editor in 0.75 ms, found 2 plugins.
Preloading 0 native plugins for Editor in 0.00 ms.
Unloading 3583 Unused Serialized files (Serialized files now loaded: 0)
System memory in use before: 138.8 MB.
System memory in use after: 138.9 MB.

Unloading 16 unused Assets to reduce memory usage. Loaded Objects now: 4115.
Total: 2.390600 ms (FindLiveObjects: 0.272600 ms CreateObjectMapping: 0.094900 ms MarkObjects: 1.914200 ms  DeleteObjects: 0.108000 ms)

========================================================================
Received Import Request.
  Time since last request: 34.790391 seconds.
  path: Assets/Scripts/Classes/Skills/Ronin/Pickpocket.cs
  artifactKey: Guid(4dc24629559f32e449f6d2da80105a80) Importer(815301076,1909f56bfc062723c751e8b465ee728b)
Start importing Assets/Scripts/Classes/Skills/Ronin/Pickpocket.cs using Guid(4dc24629559f32e449f6d2da80105a80) Importer(815301076,1909f56bfc062723c751e8b465ee728b)  -> (artifact id: '736f5970dc0b61656c7f8837fe50492d') in 0.006797 seconds 
========================================================================
Received Import Request.
  Time since last request: 0.000193 seconds.
  path: Assets/Scripts/Classes/Skills/Ronin/ShadowRetreat.cs
  artifactKey: Guid(8f7d265bb83827f4dbb363e23c8a18ea) Importer(815301076,1909f56bfc062723c751e8b465ee728b)
Start importing Assets/Scripts/Classes/Skills/Ronin/ShadowRetreat.cs using Guid(8f7d265bb83827f4dbb363e23c8a18ea) Importer(815301076,1909f56bfc062723c751e8b465ee728b)  -> (artifact id: '74981292432f9928ff87a413b319303a') in 0.006308 seconds 
========================================================================
Received Prepare
Registering precompiled user dll's ...
Registered in 0.003433 seconds.
Begin MonoManager ReloadAssembly
Symbol file LoadedFromMemory doesn't match image C:\Users\Seb\Documents\GitHub\BasuKun\Projects\Dice RPG\Dice RPG\Library\PackageCache\com.unity.visualscripting@1.6.1\Editor\VisualScripting.Core\Dependencies\YamlDotNet\Unity.VisualScripting.YamlDotNet.dll
Symbol file LoadedFromMemory doesn't match image C:\Users\Seb\Documents\GitHub\BasuKun\Projects\Dice RPG\Dice RPG\Library\PackageCache\com.unity.visualscripting@1.6.1\Editor\VisualScripting.Core\Dependencies\DotNetZip\Unity.VisualScripting.IonicZip.dll
Native extension for WindowsStandalone target not found
Native extension for WebGL target not found
Refreshing native plugins compatible for Editor in 0.69 ms, found 2 plugins.
Preloading 0 native plugins for Editor in 0.00 ms.
Mono: successfully reloaded assembly
- Completed reload, in  0.942 seconds
Platform modules already initialized, skipping
Refreshing native plugins compatible for Editor in 0.77 ms, found 2 plugins.
Preloading 0 native plugins for Editor in 0.00 ms.
Unloading 3583 Unused Serialized files (Serialized files now loaded: 0)
System memory in use before: 138.8 MB.
System memory in use after: 138.9 MB.

Unloading 16 unused Assets to reduce memory usage. Loaded Objects now: 4119.
Total: 2.334400 ms (FindLiveObjects: 0.276700 ms CreateObjectMapping: 0.086200 ms MarkObjects: 1.852200 ms  DeleteObjects: 0.118300 ms)

========================================================================
Received Import Request.
  Time since last request: 12.164577 seconds.
  path: Assets/Scripts/Classes/Skills/Ronin/ShadowRetreat.cs
  artifactKey: Guid(8f7d265bb83827f4dbb363e23c8a18ea) Importer(815301076,1909f56bfc062723c751e8b465ee728b)
Start importing Assets/Scripts/Classes/Skills/Ronin/ShadowRetreat.cs using Guid(8f7d265bb83827f4dbb363e23c8a18ea) Importer(815301076,1909f56bfc062723c751e8b465ee728b)  -> (artifact id: 'ab305dd05fced9311242142bd90f8952') in 0.006651 seconds 
========================================================================
Received Import Request.
  Time since last request: 1.117206 seconds.
  path: Assets/Scripts/Classes/Skills/Ronin/SideStep.cs
  artifactKey: Guid(b4f13d69edb235442a9b6d2f84fc7fa9) Importer(815301076,1909f56bfc062723c751e8b465ee728b)
Start importing Assets/Scripts/Classes/Skills/Ronin/SideStep.cs using Guid(b4f13d69edb235442a9b6d2f84fc7fa9) Importer(815301076,1909f56bfc062723c751e8b465ee728b)  -> (artifact id: '63a1d34b1dd484315fe3c56f01f489b2') in 0.007871 seconds 
========================================================================
Received Prepare
Registering precompiled user dll's ...
Registered in 0.003221 seconds.
Begin MonoManager ReloadAssembly
Symbol file LoadedFromMemory doesn't match image C:\Users\Seb\Documents\GitHub\BasuKun\Projects\Dice RPG\Dice RPG\Library\PackageCache\com.unity.visualscripting@1.6.1\Editor\VisualScripting.Core\Dependencies\YamlDotNet\Unity.VisualScripting.YamlDotNet.dll
Symbol file LoadedFromMemory doesn't match image C:\Users\Seb\Documents\GitHub\BasuKun\Projects\Dice RPG\Dice RPG\Library\PackageCache\com.unity.visualscripting@1.6.1\Editor\VisualScripting.Core\Dependencies\DotNetZip\Unity.VisualScripting.IonicZip.dll
Native extension for WindowsStandalone target not found
Native extension for WebGL target not found
Refreshing native plugins compatible for Editor in 0.71 ms, found 2 plugins.
Preloading 0 native plugins for Editor in 0.00 ms.
Mono: successfully reloaded assembly
- Completed reload, in  0.938 seconds
Platform modules already initialized, skipping
Refreshing native plugins compatible for Editor in 0.79 ms, found 2 plugins.
Preloading 0 native plugins for Editor in 0.00 ms.
Unloading 3583 Unused Serialized files (Serialized files now loaded: 0)
System memory in use before: 138.8 MB.
System memory in use after: 138.9 MB.

Unloading 16 unused Assets to reduce memory usage. Loaded Objects now: 4123.
Total: 2.374400 ms (FindLiveObjects: 0.296100 ms CreateObjectMapping: 0.087200 ms MarkObjects: 1.885700 ms  DeleteObjects: 0.104700 ms)

========================================================================
Received Import Request.
  Time since last request: 54.012480 seconds.
  path: Assets/Scripts/Classes/Skills/Warrior/Berserk.cs
  artifactKey: Guid(9f6f00b0a042ed74bb3589cc4225c79f) Importer(815301076,1909f56bfc062723c751e8b465ee728b)
Start importing Assets/Scripts/Classes/Skills/Warrior/Berserk.cs using Guid(9f6f00b0a042ed74bb3589cc4225c79f) Importer(815301076,1909f56bfc062723c751e8b465ee728b)  -> (artifact id: '9d1fab98dee6025a5adfd52306437f7d') in 0.011060 seconds 
========================================================================
Received Prepare
Registering precompiled user dll's ...
Registered in 0.003381 seconds.
Begin MonoManager ReloadAssembly
Symbol file LoadedFromMemory doesn't match image C:\Users\Seb\Documents\GitHub\BasuKun\Projects\Dice RPG\Dice RPG\Library\PackageCache\com.unity.visualscripting@1.6.1\Editor\VisualScripting.Core\Dependencies\YamlDotNet\Unity.VisualScripting.YamlDotNet.dll
Symbol file LoadedFromMemory doesn't match image C:\Users\Seb\Documents\GitHub\BasuKun\Projects\Dice RPG\Dice RPG\Library\PackageCache\com.unity.visualscripting@1.6.1\Editor\VisualScripting.Core\Dependencies\DotNetZip\Unity.VisualScripting.IonicZip.dll
Native extension for WindowsStandalone target not found
Native extension for WebGL target not found
Refreshing native plugins compatible for Editor in 0.68 ms, found 2 plugins.
Preloading 0 native plugins for Editor in 0.00 ms.
Mono: successfully reloaded assembly
- Completed reload, in  0.928 seconds
Platform modules already initialized, skipping
Refreshing native plugins compatible for Editor in 0.73 ms, found 2 plugins.
Preloading 0 native plugins for Editor in 0.00 ms.
Unloading 3583 Unused Serialized files (Serialized files now loaded: 0)
System memory in use before: 138.8 MB.
System memory in use after: 138.9 MB.

Unloading 16 unused Assets to reduce memory usage. Loaded Objects now: 4127.
Total: 2.424300 ms (FindLiveObjects: 0.268000 ms CreateObjectMapping: 0.086200 ms MarkObjects: 1.961800 ms  DeleteObjects: 0.107600 ms)

========================================================================
Received Import Request.
  Time since last request: 2342.067524 seconds.
  path: Assets/Scripts/Classes/Skills/Ronin/Bandage.cs
  artifactKey: Guid(38f21a83a090a3b488b16ae1a6df76b6) Importer(815301076,1909f56bfc062723c751e8b465ee728b)
Start importing Assets/Scripts/Classes/Skills/Ronin/Bandage.cs using Guid(38f21a83a090a3b488b16ae1a6df76b6) Importer(815301076,1909f56bfc062723c751e8b465ee728b)  -> (artifact id: '8b60d3084c7ba9f07e9fa4d77ec2aa45') in 0.063766 seconds 
========================================================================
Received Prepare
Registering precompiled user dll's ...
Registered in 0.003257 seconds.
Begin MonoManager ReloadAssembly
Symbol file LoadedFromMemory doesn't match image C:\Users\Seb\Documents\GitHub\BasuKun\Projects\Dice RPG\Dice RPG\Library\PackageCache\com.unity.visualscripting@1.6.1\Editor\VisualScripting.Core\Dependencies\YamlDotNet\Unity.VisualScripting.YamlDotNet.dll
Symbol file LoadedFromMemory doesn't match image C:\Users\Seb\Documents\GitHub\BasuKun\Projects\Dice RPG\Dice RPG\Library\PackageCache\com.unity.visualscripting@1.6.1\Editor\VisualScripting.Core\Dependencies\DotNetZip\Unity.VisualScripting.IonicZip.dll
Native extension for WindowsStandalone target not found
Native extension for WebGL target not found
Refreshing native plugins compatible for Editor in 0.69 ms, found 2 plugins.
Preloading 0 native plugins for Editor in 0.00 ms.
Mono: successfully reloaded assembly
- Completed reload, in  1.168 seconds
Platform modules already initialized, skipping
Refreshing native plugins compatible for Editor in 0.70 ms, found 2 plugins.
Preloading 0 native plugins for Editor in 0.00 ms.
Unloading 3584 Unused Serialized files (Serialized files now loaded: 0)
System memory in use before: 138.9 MB.
System memory in use after: 139.0 MB.

Unloading 16 unused Assets to reduce memory usage. Loaded Objects now: 4132.
Total: 2.379100 ms (FindLiveObjects: 0.266200 ms CreateObjectMapping: 0.083600 ms MarkObjects: 1.906900 ms  DeleteObjects: 0.121600 ms)

========================================================================
Received Prepare
Registering precompiled user dll's ...
Registered in 0.003417 seconds.
Begin MonoManager ReloadAssembly
Symbol file LoadedFromMemory doesn't match image C:\Users\Seb\Documents\GitHub\BasuKun\Projects\Dice RPG\Dice RPG\Library\PackageCache\com.unity.visualscripting@1.6.1\Editor\VisualScripting.Core\Dependencies\YamlDotNet\Unity.VisualScripting.YamlDotNet.dll
Symbol file LoadedFromMemory doesn't match image C:\Users\Seb\Documents\GitHub\BasuKun\Projects\Dice RPG\Dice RPG\Library\PackageCache\com.unity.visualscripting@1.6.1\Editor\VisualScripting.Core\Dependencies\DotNetZip\Unity.VisualScripting.IonicZip.dll
Native extension for WindowsStandalone target not found
Native extension for WebGL target not found
Refreshing native plugins compatible for Editor in 0.70 ms, found 2 plugins.
Preloading 0 native plugins for Editor in 0.00 ms.
Mono: successfully reloaded assembly
- Completed reload, in  0.943 seconds
Platform modules already initialized, skipping
Refreshing native plugins compatible for Editor in 0.71 ms, found 2 plugins.
Preloading 0 native plugins for Editor in 0.00 ms.
Unloading 3584 Unused Serialized files (Serialized files now loaded: 0)
System memory in use before: 138.9 MB.
System memory in use after: 139.0 MB.

Unloading 16 unused Assets to reduce memory usage. Loaded Objects now: 4136.
Total: 2.547400 ms (FindLiveObjects: 0.269500 ms CreateObjectMapping: 0.091500 ms MarkObjects: 2.077300 ms  DeleteObjects: 0.108100 ms)

========================================================================
Received Import Request.
  Time since last request: 351.940192 seconds.
  path: Assets/Scripts/Classes/Skills/Ronin/Bandage.cs
  artifactKey: Guid(38f21a83a090a3b488b16ae1a6df76b6) Importer(815301076,1909f56bfc062723c751e8b465ee728b)
Start importing Assets/Scripts/Classes/Skills/Ronin/Bandage.cs using Guid(38f21a83a090a3b488b16ae1a6df76b6) Importer(815301076,1909f56bfc062723c751e8b465ee728b)  -> (artifact id: 'd7a1076845b447f2d8c4305a7636e778') in 0.010180 seconds 
========================================================================
Received Prepare
Registering precompiled user dll's ...
Registered in 0.003370 seconds.
Begin MonoManager ReloadAssembly
Symbol file LoadedFromMemory doesn't match image C:\Users\Seb\Documents\GitHub\BasuKun\Projects\Dice RPG\Dice RPG\Library\PackageCache\com.unity.visualscripting@1.6.1\Editor\VisualScripting.Core\Dependencies\YamlDotNet\Unity.VisualScripting.YamlDotNet.dll
Symbol file LoadedFromMemory doesn't match image C:\Users\Seb\Documents\GitHub\BasuKun\Projects\Dice RPG\Dice RPG\Library\PackageCache\com.unity.visualscripting@1.6.1\Editor\VisualScripting.Core\Dependencies\DotNetZip\Unity.VisualScripting.IonicZip.dll
Native extension for WindowsStandalone target not found
Native extension for WebGL target not found
Refreshing native plugins compatible for Editor in 0.68 ms, found 2 plugins.
Preloading 0 native plugins for Editor in 0.00 ms.
Mono: successfully reloaded assembly
- Completed reload, in  0.947 seconds
Platform modules already initialized, skipping
Refreshing native plugins compatible for Editor in 0.75 ms, found 2 plugins.
Preloading 0 native plugins for Editor in 0.00 ms.
Unloading 3584 Unused Serialized files (Serialized files now loaded: 0)
System memory in use before: 138.9 MB.
System memory in use after: 139.0 MB.

Unloading 16 unused Assets to reduce memory usage. Loaded Objects now: 4140.
Total: 2.585800 ms (FindLiveObjects: 0.280400 ms CreateObjectMapping: 0.088900 ms MarkObjects: 2.105800 ms  DeleteObjects: 0.109800 ms)

========================================================================
Received Prepare
Registering precompiled user dll's ...
Registered in 0.003335 seconds.
Begin MonoManager ReloadAssembly
Symbol file LoadedFromMemory doesn't match image C:\Users\Seb\Documents\GitHub\BasuKun\Projects\Dice RPG\Dice RPG\Library\PackageCache\com.unity.visualscripting@1.6.1\Editor\VisualScripting.Core\Dependencies\YamlDotNet\Unity.VisualScripting.YamlDotNet.dll
Symbol file LoadedFromMemory doesn't match image C:\Users\Seb\Documents\GitHub\BasuKun\Projects\Dice RPG\Dice RPG\Library\PackageCache\com.unity.visualscripting@1.6.1\Editor\VisualScripting.Core\Dependencies\DotNetZip\Unity.VisualScripting.IonicZip.dll
Native extension for WindowsStandalone target not found
Native extension for WebGL target not found
Refreshing native plugins compatible for Editor in 0.72 ms, found 2 plugins.
Preloading 0 native plugins for Editor in 0.00 ms.
Mono: successfully reloaded assembly
- Completed reload, in  0.941 seconds
Platform modules already initialized, skipping
Refreshing native plugins compatible for Editor in 0.71 ms, found 2 plugins.
Preloading 0 native plugins for Editor in 0.00 ms.
Unloading 3584 Unused Serialized files (Serialized files now loaded: 0)
System memory in use before: 138.9 MB.
System memory in use after: 139.0 MB.

Unloading 16 unused Assets to reduce memory usage. Loaded Objects now: 4144.
Total: 2.337400 ms (FindLiveObjects: 0.263600 ms CreateObjectMapping: 0.084800 ms MarkObjects: 1.878000 ms  DeleteObjects: 0.110400 ms)

========================================================================
Received Prepare
Registering precompiled user dll's ...
Registered in 0.003341 seconds.
Begin MonoManager ReloadAssembly
Symbol file LoadedFromMemory doesn't match image C:\Users\Seb\Documents\GitHub\BasuKun\Projects\Dice RPG\Dice RPG\Library\PackageCache\com.unity.visualscripting@1.6.1\Editor\VisualScripting.Core\Dependencies\YamlDotNet\Unity.VisualScripting.YamlDotNet.dll
Symbol file LoadedFromMemory doesn't match image C:\Users\Seb\Documents\GitHub\BasuKun\Projects\Dice RPG\Dice RPG\Library\PackageCache\com.unity.visualscripting@1.6.1\Editor\VisualScripting.Core\Dependencies\DotNetZip\Unity.VisualScripting.IonicZip.dll
Native extension for WindowsStandalone target not found
Native extension for WebGL target not found
Refreshing native plugins compatible for Editor in 0.69 ms, found 2 plugins.
Preloading 0 native plugins for Editor in 0.00 ms.
Mono: successfully reloaded assembly
- Completed reload, in  0.944 seconds
Platform modules already initialized, skipping
Refreshing native plugins compatible for Editor in 0.71 ms, found 2 plugins.
Preloading 0 native plugins for Editor in 0.00 ms.
Unloading 3584 Unused Serialized files (Serialized files now loaded: 0)
System memory in use before: 138.9 MB.
System memory in use after: 139.0 MB.

Unloading 16 unused Assets to reduce memory usage. Loaded Objects now: 4148.
Total: 2.348900 ms (FindLiveObjects: 0.279100 ms CreateObjectMapping: 0.088100 ms MarkObjects: 1.874100 ms  DeleteObjects: 0.106800 ms)

========================================================================
Received Prepare
Registering precompiled user dll's ...
Registered in 0.003331 seconds.
Begin MonoManager ReloadAssembly
Symbol file LoadedFromMemory doesn't match image C:\Users\Seb\Documents\GitHub\BasuKun\Projects\Dice RPG\Dice RPG\Library\PackageCache\com.unity.visualscripting@1.6.1\Editor\VisualScripting.Core\Dependencies\YamlDotNet\Unity.VisualScripting.YamlDotNet.dll
Symbol file LoadedFromMemory doesn't match image C:\Users\Seb\Documents\GitHub\BasuKun\Projects\Dice RPG\Dice RPG\Library\PackageCache\com.unity.visualscripting@1.6.1\Editor\VisualScripting.Core\Dependencies\DotNetZip\Unity.VisualScripting.IonicZip.dll
Native extension for WindowsStandalone target not found
Native extension for WebGL target not found
Refreshing native plugins compatible for Editor in 0.75 ms, found 2 plugins.
Preloading 0 native plugins for Editor in 0.00 ms.
Mono: successfully reloaded assembly
- Completed reload, in  0.965 seconds
Platform modules already initialized, skipping
Refreshing native plugins compatible for Editor in 0.70 ms, found 2 plugins.
Preloading 0 native plugins for Editor in 0.00 ms.
Unloading 3584 Unused Serialized files (Serialized files now loaded: 0)
System memory in use before: 138.9 MB.
System memory in use after: 139.0 MB.

Unloading 16 unused Assets to reduce memory usage. Loaded Objects now: 4152.
Total: 2.350600 ms (FindLiveObjects: 0.265500 ms CreateObjectMapping: 0.087700 ms MarkObjects: 1.895700 ms  DeleteObjects: 0.100500 ms)

========================================================================
Received Prepare
Registering precompiled user dll's ...
Registered in 0.003225 seconds.
Begin MonoManager ReloadAssembly
Symbol file LoadedFromMemory doesn't match image C:\Users\Seb\Documents\GitHub\BasuKun\Projects\Dice RPG\Dice RPG\Library\PackageCache\com.unity.visualscripting@1.6.1\Editor\VisualScripting.Core\Dependencies\YamlDotNet\Unity.VisualScripting.YamlDotNet.dll
Symbol file LoadedFromMemory doesn't match image C:\Users\Seb\Documents\GitHub\BasuKun\Projects\Dice RPG\Dice RPG\Library\PackageCache\com.unity.visualscripting@1.6.1\Editor\VisualScripting.Core\Dependencies\DotNetZip\Unity.VisualScripting.IonicZip.dll
Native extension for WindowsStandalone target not found
Native extension for WebGL target not found
Refreshing native plugins compatible for Editor in 0.76 ms, found 2 plugins.
Preloading 0 native plugins for Editor in 0.00 ms.
Mono: successfully reloaded assembly
- Completed reload, in  0.965 seconds
Platform modules already initialized, skipping
Refreshing native plugins compatible for Editor in 0.73 ms, found 2 plugins.
Preloading 0 native plugins for Editor in 0.00 ms.
Unloading 3584 Unused Serialized files (Serialized files now loaded: 0)
System memory in use before: 138.9 MB.
System memory in use after: 139.0 MB.

Unloading 16 unused Assets to reduce memory usage. Loaded Objects now: 4156.
Total: 2.359900 ms (FindLiveObjects: 0.266000 ms CreateObjectMapping: 0.085400 ms MarkObjects: 1.902600 ms  DeleteObjects: 0.105100 ms)

========================================================================
Received Prepare
Registering precompiled user dll's ...
Registered in 0.003342 seconds.
Begin MonoManager ReloadAssembly
Symbol file LoadedFromMemory doesn't match image C:\Users\Seb\Documents\GitHub\BasuKun\Projects\Dice RPG\Dice RPG\Library\PackageCache\com.unity.visualscripting@1.6.1\Editor\VisualScripting.Core\Dependencies\YamlDotNet\Unity.VisualScripting.YamlDotNet.dll
Symbol file LoadedFromMemory doesn't match image C:\Users\Seb\Documents\GitHub\BasuKun\Projects\Dice RPG\Dice RPG\Library\PackageCache\com.unity.visualscripting@1.6.1\Editor\VisualScripting.Core\Dependencies\DotNetZip\Unity.VisualScripting.IonicZip.dll
Native extension for WindowsStandalone target not found
Native extension for WebGL target not found
Refreshing native plugins compatible for Editor in 0.74 ms, found 2 plugins.
Preloading 0 native plugins for Editor in 0.00 ms.
Mono: successfully reloaded assembly
- Completed reload, in  1.051 seconds
Platform modules already initialized, skipping
Refreshing native plugins compatible for Editor in 1.09 ms, found 2 plugins.
Preloading 0 native plugins for Editor in 0.00 ms.
Unloading 3584 Unused Serialized files (Serialized files now loaded: 0)
System memory in use before: 138.9 MB.
System memory in use after: 139.0 MB.

Unloading 16 unused Assets to reduce memory usage. Loaded Objects now: 4160.
Total: 3.620500 ms (FindLiveObjects: 0.531800 ms CreateObjectMapping: 0.239900 ms MarkObjects: 2.727800 ms  DeleteObjects: 0.119600 ms)

========================================================================
Received Prepare
Registering precompiled user dll's ...
Registered in 0.003247 seconds.
Begin MonoManager ReloadAssembly
Symbol file LoadedFromMemory doesn't match image C:\Users\Seb\Documents\GitHub\BasuKun\Projects\Dice RPG\Dice RPG\Library\PackageCache\com.unity.visualscripting@1.6.1\Editor\VisualScripting.Core\Dependencies\YamlDotNet\Unity.VisualScripting.YamlDotNet.dll
Symbol file LoadedFromMemory doesn't match image C:\Users\Seb\Documents\GitHub\BasuKun\Projects\Dice RPG\Dice RPG\Library\PackageCache\com.unity.visualscripting@1.6.1\Editor\VisualScripting.Core\Dependencies\DotNetZip\Unity.VisualScripting.IonicZip.dll
Native extension for WindowsStandalone target not found
Native extension for WebGL target not found
Refreshing native plugins compatible for Editor in 0.76 ms, found 2 plugins.
Preloading 0 native plugins for Editor in 0.00 ms.
Mono: successfully reloaded assembly
- Completed reload, in  0.959 seconds
Platform modules already initialized, skipping
Refreshing native plugins compatible for Editor in 0.71 ms, found 2 plugins.
Preloading 0 native plugins for Editor in 0.00 ms.
Unloading 3584 Unused Serialized files (Serialized files now loaded: 0)
System memory in use before: 138.9 MB.
System memory in use after: 139.0 MB.

Unloading 16 unused Assets to reduce memory usage. Loaded Objects now: 4164.
Total: 2.401000 ms (FindLiveObjects: 0.267300 ms CreateObjectMapping: 0.088400 ms MarkObjects: 1.937800 ms  DeleteObjects: 0.106700 ms)

========================================================================
Received Prepare
Registering precompiled user dll's ...
Registered in 0.003368 seconds.
Begin MonoManager ReloadAssembly
Symbol file LoadedFromMemory doesn't match image C:\Users\Seb\Documents\GitHub\BasuKun\Projects\Dice RPG\Dice RPG\Library\PackageCache\com.unity.visualscripting@1.6.1\Editor\VisualScripting.Core\Dependencies\YamlDotNet\Unity.VisualScripting.YamlDotNet.dll
Symbol file LoadedFromMemory doesn't match image C:\Users\Seb\Documents\GitHub\BasuKun\Projects\Dice RPG\Dice RPG\Library\PackageCache\com.unity.visualscripting@1.6.1\Editor\VisualScripting.Core\Dependencies\DotNetZip\Unity.VisualScripting.IonicZip.dll
Native extension for WindowsStandalone target not found
Native extension for WebGL target not found
Refreshing native plugins compatible for Editor in 0.70 ms, found 2 plugins.
Preloading 0 native plugins for Editor in 0.00 ms.
Mono: successfully reloaded assembly
- Completed reload, in  1.032 seconds
Platform modules already initialized, skipping
Refreshing native plugins compatible for Editor in 0.73 ms, found 2 plugins.
Preloading 0 native plugins for Editor in 0.00 ms.
Unloading 3584 Unused Serialized files (Serialized files now loaded: 0)
System memory in use before: 138.9 MB.
System memory in use after: 139.0 MB.

Unloading 16 unused Assets to reduce memory usage. Loaded Objects now: 4168.
Total: 2.679200 ms (FindLiveObjects: 0.279400 ms CreateObjectMapping: 0.086100 ms MarkObjects: 2.197200 ms  DeleteObjects: 0.115300 ms)

========================================================================
Received Prepare
Registering precompiled user dll's ...
Registered in 0.003247 seconds.
Begin MonoManager ReloadAssembly
Symbol file LoadedFromMemory doesn't match image C:\Users\Seb\Documents\GitHub\BasuKun\Projects\Dice RPG\Dice RPG\Library\PackageCache\com.unity.visualscripting@1.6.1\Editor\VisualScripting.Core\Dependencies\YamlDotNet\Unity.VisualScripting.YamlDotNet.dll
Symbol file LoadedFromMemory doesn't match image C:\Users\Seb\Documents\GitHub\BasuKun\Projects\Dice RPG\Dice RPG\Library\PackageCache\com.unity.visualscripting@1.6.1\Editor\VisualScripting.Core\Dependencies\DotNetZip\Unity.VisualScripting.IonicZip.dll
Native extension for WindowsStandalone target not found
Native extension for WebGL target not found
Refreshing native plugins compatible for Editor in 0.72 ms, found 2 plugins.
Preloading 0 native plugins for Editor in 0.00 ms.
Mono: successfully reloaded assembly
- Completed reload, in  0.948 seconds
Platform modules already initialized, skipping
Refreshing native plugins compatible for Editor in 0.79 ms, found 2 plugins.
Preloading 0 native plugins for Editor in 0.00 ms.
Unloading 3584 Unused Serialized files (Serialized files now loaded: 0)
System memory in use before: 138.9 MB.
System memory in use after: 139.0 MB.

Unloading 16 unused Assets to reduce memory usage. Loaded Objects now: 4172.
Total: 2.546300 ms (FindLiveObjects: 0.273500 ms CreateObjectMapping: 0.085600 ms MarkObjects: 2.069200 ms  DeleteObjects: 0.117200 ms)

========================================================================
Received Prepare
Registering precompiled user dll's ...
Registered in 0.003262 seconds.
Begin MonoManager ReloadAssembly
Symbol file LoadedFromMemory doesn't match image C:\Users\Seb\Documents\GitHub\BasuKun\Projects\Dice RPG\Dice RPG\Library\PackageCache\com.unity.visualscripting@1.6.1\Editor\VisualScripting.Core\Dependencies\YamlDotNet\Unity.VisualScripting.YamlDotNet.dll
Symbol file LoadedFromMemory doesn't match image C:\Users\Seb\Documents\GitHub\BasuKun\Projects\Dice RPG\Dice RPG\Library\PackageCache\com.unity.visualscripting@1.6.1\Editor\VisualScripting.Core\Dependencies\DotNetZip\Unity.VisualScripting.IonicZip.dll
Native extension for WindowsStandalone target not found
Native extension for WebGL target not found
Refreshing native plugins compatible for Editor in 0.70 ms, found 2 plugins.
Preloading 0 native plugins for Editor in 0.00 ms.
Mono: successfully reloaded assembly
- Completed reload, in  0.941 seconds
Platform modules already initialized, skipping
Refreshing native plugins compatible for Editor in 0.71 ms, found 2 plugins.
Preloading 0 native plugins for Editor in 0.00 ms.
Unloading 3584 Unused Serialized files (Serialized files now loaded: 0)
System memory in use before: 139.0 MB.
System memory in use after: 139.1 MB.

Unloading 16 unused Assets to reduce memory usage. Loaded Objects now: 4176.
Total: 2.491300 ms (FindLiveObjects: 0.277000 ms CreateObjectMapping: 0.090400 ms MarkObjects: 1.997700 ms  DeleteObjects: 0.125200 ms)

========================================================================
Received Prepare
Registering precompiled user dll's ...
Registered in 0.003369 seconds.
Begin MonoManager ReloadAssembly
Symbol file LoadedFromMemory doesn't match image C:\Users\Seb\Documents\GitHub\BasuKun\Projects\Dice RPG\Dice RPG\Library\PackageCache\com.unity.visualscripting@1.6.1\Editor\VisualScripting.Core\Dependencies\YamlDotNet\Unity.VisualScripting.YamlDotNet.dll
Symbol file LoadedFromMemory doesn't match image C:\Users\Seb\Documents\GitHub\BasuKun\Projects\Dice RPG\Dice RPG\Library\PackageCache\com.unity.visualscripting@1.6.1\Editor\VisualScripting.Core\Dependencies\DotNetZip\Unity.VisualScripting.IonicZip.dll
Native extension for WindowsStandalone target not found
Native extension for WebGL target not found
Refreshing native plugins compatible for Editor in 0.73 ms, found 2 plugins.
Preloading 0 native plugins for Editor in 0.00 ms.
Mono: successfully reloaded assembly
- Completed reload, in  0.987 seconds
Platform modules already initialized, skipping
Refreshing native plugins compatible for Editor in 0.71 ms, found 2 plugins.
Preloading 0 native plugins for Editor in 0.00 ms.
Unloading 3584 Unused Serialized files (Serialized files now loaded: 0)
System memory in use before: 139.0 MB.
System memory in use after: 139.1 MB.

Unloading 16 unused Assets to reduce memory usage. Loaded Objects now: 4180.
Total: 2.486800 ms (FindLiveObjects: 0.285900 ms CreateObjectMapping: 0.087800 ms MarkObjects: 2.005200 ms  DeleteObjects: 0.106900 ms)

========================================================================
Received Import Request.
  Time since last request: 1893.983226 seconds.
  path: Assets/Prefabs/Enemies/Skeleton.prefab
  artifactKey: Guid(64429b032b26d3041b291601be7e8044) Importer(815301076,1909f56bfc062723c751e8b465ee728b)
Start importing Assets/Prefabs/Enemies/Skeleton.prefab using Guid(64429b032b26d3041b291601be7e8044) Importer(815301076,1909f56bfc062723c751e8b465ee728b)  -> (artifact id: '369e4a184aa07756f06d06d569a3c1fb') in 0.676065 seconds 
========================================================================
Received Import Request.
  Time since last request: 3.410722 seconds.
  path: Assets/Prefabs/Enemies/Skeleton.prefab
  artifactKey: Guid(64429b032b26d3041b291601be7e8044) Importer(815301076,1909f56bfc062723c751e8b465ee728b)
Start importing Assets/Prefabs/Enemies/Skeleton.prefab using Guid(64429b032b26d3041b291601be7e8044) Importer(815301076,1909f56bfc062723c751e8b465ee728b)  -> (artifact id: 'e18b97aa37bd288bd61282703c562c29') in 0.025524 seconds 
========================================================================
Received Import Request.
  Time since last request: 2.963290 seconds.
  path: Assets/Prefabs/Enemies/Skeleton.prefab
  artifactKey: Guid(64429b032b26d3041b291601be7e8044) Importer(815301076,1909f56bfc062723c751e8b465ee728b)
Start importing Assets/Prefabs/Enemies/Skeleton.prefab using Guid(64429b032b26d3041b291601be7e8044) Importer(815301076,1909f56bfc062723c751e8b465ee728b)  -> (artifact id: 'fbd5501da5dfa23810c5be977edd9cbc') in 0.023270 seconds 
========================================================================
Received Prepare
Registering precompiled user dll's ...
Registered in 0.004109 seconds.
Begin MonoManager ReloadAssembly
Symbol file LoadedFromMemory doesn't match image C:\Users\Seb\Documents\GitHub\BasuKun\Projects\Dice RPG\Dice RPG\Library\PackageCache\com.unity.visualscripting@1.6.1\Editor\VisualScripting.Core\Dependencies\YamlDotNet\Unity.VisualScripting.YamlDotNet.dll
Symbol file LoadedFromMemory doesn't match image C:\Users\Seb\Documents\GitHub\BasuKun\Projects\Dice RPG\Dice RPG\Library\PackageCache\com.unity.visualscripting@1.6.1\Editor\VisualScripting.Core\Dependencies\DotNetZip\Unity.VisualScripting.IonicZip.dll
Native extension for WindowsStandalone target not found
Native extension for WebGL target not found
Refreshing native plugins compatible for Editor in 1.75 ms, found 2 plugins.
Preloading 0 native plugins for Editor in 0.00 ms.
Mono: successfully reloaded assembly
- Completed reload, in  1.075 seconds
Platform modules already initialized, skipping
Refreshing native plugins compatible for Editor in 0.70 ms, found 2 plugins.
Preloading 0 native plugins for Editor in 0.00 ms.
Unloading 3584 Unused Serialized files (Serialized files now loaded: 0)
System memory in use before: 143.2 MB.
System memory in use after: 143.3 MB.

Unloading 16 unused Assets to reduce memory usage. Loaded Objects now: 4191.
Total: 3.404500 ms (FindLiveObjects: 0.344700 ms CreateObjectMapping: 0.114700 ms MarkObjects: 2.805900 ms  DeleteObjects: 0.138000 ms)

========================================================================
Received Prepare
Registering precompiled user dll's ...
Registered in 0.003836 seconds.
Begin MonoManager ReloadAssembly
Symbol file LoadedFromMemory doesn't match image C:\Users\Seb\Documents\GitHub\BasuKun\Projects\Dice RPG\Dice RPG\Library\PackageCache\com.unity.visualscripting@1.6.1\Editor\VisualScripting.Core\Dependencies\YamlDotNet\Unity.VisualScripting.YamlDotNet.dll
Symbol file LoadedFromMemory doesn't match image C:\Users\Seb\Documents\GitHub\BasuKun\Projects\Dice RPG\Dice RPG\Library\PackageCache\com.unity.visualscripting@1.6.1\Editor\VisualScripting.Core\Dependencies\DotNetZip\Unity.VisualScripting.IonicZip.dll
Native extension for WindowsStandalone target not found
Native extension for WebGL target not found
Refreshing native plugins compatible for Editor in 0.69 ms, found 2 plugins.
Preloading 0 native plugins for Editor in 0.00 ms.
Mono: successfully reloaded assembly
- Completed reload, in  1.038 seconds
Platform modules already initialized, skipping
Refreshing native plugins compatible for Editor in 0.78 ms, found 2 plugins.
Preloading 0 native plugins for Editor in 0.00 ms.
Unloading 3584 Unused Serialized files (Serialized files now loaded: 0)
System memory in use before: 143.2 MB.
System memory in use after: 143.3 MB.

Unloading 16 unused Assets to reduce memory usage. Loaded Objects now: 4195.
Total: 2.549200 ms (FindLiveObjects: 0.321400 ms CreateObjectMapping: 0.088100 ms MarkObjects: 2.034800 ms  DeleteObjects: 0.103700 ms)

========================================================================
Received Prepare
Registering precompiled user dll's ...
Registered in 0.003452 seconds.
Begin MonoManager ReloadAssembly
Symbol file LoadedFromMemory doesn't match image C:\Users\Seb\Documents\GitHub\BasuKun\Projects\Dice RPG\Dice RPG\Library\PackageCache\com.unity.visualscripting@1.6.1\Editor\VisualScripting.Core\Dependencies\YamlDotNet\Unity.VisualScripting.YamlDotNet.dll
Symbol file LoadedFromMemory doesn't match image C:\Users\Seb\Documents\GitHub\BasuKun\Projects\Dice RPG\Dice RPG\Library\PackageCache\com.unity.visualscripting@1.6.1\Editor\VisualScripting.Core\Dependencies\DotNetZip\Unity.VisualScripting.IonicZip.dll
Native extension for WindowsStandalone target not found
Native extension for WebGL target not found
Refreshing native plugins compatible for Editor in 0.69 ms, found 2 plugins.
Preloading 0 native plugins for Editor in 0.00 ms.
Mono: successfully reloaded assembly
- Completed reload, in  0.942 seconds
Platform modules already initialized, skipping
Refreshing native plugins compatible for Editor in 0.72 ms, found 2 plugins.
Preloading 0 native plugins for Editor in 0.00 ms.
Unloading 3584 Unused Serialized files (Serialized files now loaded: 0)
System memory in use before: 143.2 MB.
System memory in use after: 143.3 MB.

Unloading 16 unused Assets to reduce memory usage. Loaded Objects now: 4199.
Total: 2.528500 ms (FindLiveObjects: 0.270800 ms CreateObjectMapping: 0.088200 ms MarkObjects: 2.062400 ms  DeleteObjects: 0.106100 ms)

========================================================================
Received Import Request.
  Time since last request: 176.202722 seconds.
  path: Assets/Prefabs/Enemies/Skeleton.prefab
  artifactKey: Guid(64429b032b26d3041b291601be7e8044) Importer(815301076,1909f56bfc062723c751e8b465ee728b)
Start importing Assets/Prefabs/Enemies/Skeleton.prefab using Guid(64429b032b26d3041b291601be7e8044) Importer(815301076,1909f56bfc062723c751e8b465ee728b)  -> (artifact id: '0645ffff521e7967fb956aecfde1967a') in 0.093177 seconds 
========================================================================
Received Prepare
Registering precompiled user dll's ...
Registered in 0.003146 seconds.
Begin MonoManager ReloadAssembly
Symbol file LoadedFromMemory doesn't match image C:\Users\Seb\Documents\GitHub\BasuKun\Projects\Dice RPG\Dice RPG\Library\PackageCache\com.unity.visualscripting@1.6.1\Editor\VisualScripting.Core\Dependencies\YamlDotNet\Unity.VisualScripting.YamlDotNet.dll
Symbol file LoadedFromMemory doesn't match image C:\Users\Seb\Documents\GitHub\BasuKun\Projects\Dice RPG\Dice RPG\Library\PackageCache\com.unity.visualscripting@1.6.1\Editor\VisualScripting.Core\Dependencies\DotNetZip\Unity.VisualScripting.IonicZip.dll
Native extension for WindowsStandalone target not found
Native extension for WebGL target not found
Refreshing native plugins compatible for Editor in 0.69 ms, found 2 plugins.
Preloading 0 native plugins for Editor in 0.00 ms.
Mono: successfully reloaded assembly
- Completed reload, in  0.939 seconds
Platform modules already initialized, skipping
Refreshing native plugins compatible for Editor in 0.72 ms, found 2 plugins.
Preloading 0 native plugins for Editor in 0.00 ms.
Unloading 3584 Unused Serialized files (Serialized files now loaded: 0)
System memory in use before: 143.2 MB.
System memory in use after: 143.3 MB.

Unloading 16 unused Assets to reduce memory usage. Loaded Objects now: 4204.
Total: 2.568700 ms (FindLiveObjects: 0.280700 ms CreateObjectMapping: 0.099800 ms MarkObjects: 2.076400 ms  DeleteObjects: 0.110800 ms)

========================================================================
Received Prepare
Registering precompiled user dll's ...
Registered in 0.003206 seconds.
Begin MonoManager ReloadAssembly
Symbol file LoadedFromMemory doesn't match image C:\Users\Seb\Documents\GitHub\BasuKun\Projects\Dice RPG\Dice RPG\Library\PackageCache\com.unity.visualscripting@1.6.1\Editor\VisualScripting.Core\Dependencies\YamlDotNet\Unity.VisualScripting.YamlDotNet.dll
Symbol file LoadedFromMemory doesn't match image C:\Users\Seb\Documents\GitHub\BasuKun\Projects\Dice RPG\Dice RPG\Library\PackageCache\com.unity.visualscripting@1.6.1\Editor\VisualScripting.Core\Dependencies\DotNetZip\Unity.VisualScripting.IonicZip.dll
Native extension for WindowsStandalone target not found
Native extension for WebGL target not found
Refreshing native plugins compatible for Editor in 1.25 ms, found 2 plugins.
Preloading 0 native plugins for Editor in 0.00 ms.
Mono: successfully reloaded assembly
- Completed reload, in  0.996 seconds
Platform modules already initialized, skipping
Refreshing native plugins compatible for Editor in 0.86 ms, found 2 plugins.
Preloading 0 native plugins for Editor in 0.00 ms.
Unloading 3584 Unused Serialized files (Serialized files now loaded: 0)
System memory in use before: 143.2 MB.
System memory in use after: 143.3 MB.

Unloading 16 unused Assets to reduce memory usage. Loaded Objects now: 4208.
Total: 3.000100 ms (FindLiveObjects: 0.344300 ms CreateObjectMapping: 0.097500 ms MarkObjects: 2.422400 ms  DeleteObjects: 0.134600 ms)

========================================================================
Received Import Request.
  Time since last request: 12.064240 seconds.
  path: Assets/Prefabs/Enemies/Skeleton.prefab
  artifactKey: Guid(64429b032b26d3041b291601be7e8044) Importer(815301076,1909f56bfc062723c751e8b465ee728b)
Start importing Assets/Prefabs/Enemies/Skeleton.prefab using Guid(64429b032b26d3041b291601be7e8044) Importer(815301076,1909f56bfc062723c751e8b465ee728b)  -> (artifact id: '3f7ed5b2f62493df6224ce73ea3bd574') in 0.088437 seconds 
========================================================================
Received Prepare
Registering precompiled user dll's ...
Registered in 0.003462 seconds.
Begin MonoManager ReloadAssembly
Symbol file LoadedFromMemory doesn't match image C:\Users\Seb\Documents\GitHub\BasuKun\Projects\Dice RPG\Dice RPG\Library\PackageCache\com.unity.visualscripting@1.6.1\Editor\VisualScripting.Core\Dependencies\YamlDotNet\Unity.VisualScripting.YamlDotNet.dll
Symbol file LoadedFromMemory doesn't match image C:\Users\Seb\Documents\GitHub\BasuKun\Projects\Dice RPG\Dice RPG\Library\PackageCache\com.unity.visualscripting@1.6.1\Editor\VisualScripting.Core\Dependencies\DotNetZip\Unity.VisualScripting.IonicZip.dll
Native extension for WindowsStandalone target not found
Native extension for WebGL target not found
Refreshing native plugins compatible for Editor in 1.04 ms, found 2 plugins.
Preloading 0 native plugins for Editor in 0.00 ms.
Mono: successfully reloaded assembly
- Completed reload, in  1.016 seconds
Platform modules already initialized, skipping
Refreshing native plugins compatible for Editor in 1.30 ms, found 2 plugins.
Preloading 0 native plugins for Editor in 0.00 ms.
Unloading 3584 Unused Serialized files (Serialized files now loaded: 0)
System memory in use before: 143.2 MB.
System memory in use after: 143.3 MB.

Unloading 16 unused Assets to reduce memory usage. Loaded Objects now: 4213.
Total: 3.120100 ms (FindLiveObjects: 0.317400 ms CreateObjectMapping: 0.114100 ms MarkObjects: 2.579100 ms  DeleteObjects: 0.108100 ms)

========================================================================
Received Prepare
Registering precompiled user dll's ...
Registered in 0.003613 seconds.
Begin MonoManager ReloadAssembly
Symbol file LoadedFromMemory doesn't match image C:\Users\Seb\Documents\GitHub\BasuKun\Projects\Dice RPG\Dice RPG\Library\PackageCache\com.unity.visualscripting@1.6.1\Editor\VisualScripting.Core\Dependencies\YamlDotNet\Unity.VisualScripting.YamlDotNet.dll
Symbol file LoadedFromMemory doesn't match image C:\Users\Seb\Documents\GitHub\BasuKun\Projects\Dice RPG\Dice RPG\Library\PackageCache\com.unity.visualscripting@1.6.1\Editor\VisualScripting.Core\Dependencies\DotNetZip\Unity.VisualScripting.IonicZip.dll
Native extension for WindowsStandalone target not found
Native extension for WebGL target not found
Refreshing native plugins compatible for Editor in 0.85 ms, found 2 plugins.
Preloading 0 native plugins for Editor in 0.00 ms.
Mono: successfully reloaded assembly
- Completed reload, in  0.998 seconds
Platform modules already initialized, skipping
Refreshing native plugins compatible for Editor in 0.73 ms, found 2 plugins.
Preloading 0 native plugins for Editor in 0.00 ms.
Unloading 3584 Unused Serialized files (Serialized files now loaded: 0)
System memory in use before: 143.2 MB.
System memory in use after: 143.3 MB.

Unloading 16 unused Assets to reduce memory usage. Loaded Objects now: 4217.
Total: 2.465000 ms (FindLiveObjects: 0.274500 ms CreateObjectMapping: 0.087800 ms MarkObjects: 2.001300 ms  DeleteObjects: 0.100400 ms)

========================================================================
Received Prepare
Registering precompiled user dll's ...
Registered in 0.003282 seconds.
Begin MonoManager ReloadAssembly
Symbol file LoadedFromMemory doesn't match image C:\Users\Seb\Documents\GitHub\BasuKun\Projects\Dice RPG\Dice RPG\Library\PackageCache\com.unity.visualscripting@1.6.1\Editor\VisualScripting.Core\Dependencies\YamlDotNet\Unity.VisualScripting.YamlDotNet.dll
Symbol file LoadedFromMemory doesn't match image C:\Users\Seb\Documents\GitHub\BasuKun\Projects\Dice RPG\Dice RPG\Library\PackageCache\com.unity.visualscripting@1.6.1\Editor\VisualScripting.Core\Dependencies\DotNetZip\Unity.VisualScripting.IonicZip.dll
Native extension for WindowsStandalone target not found
Native extension for WebGL target not found
Refreshing native plugins compatible for Editor in 0.71 ms, found 2 plugins.
Preloading 0 native plugins for Editor in 0.00 ms.
Mono: successfully reloaded assembly
- Completed reload, in  1.003 seconds
Platform modules already initialized, skipping
Refreshing native plugins compatible for Editor in 0.72 ms, found 2 plugins.
Preloading 0 native plugins for Editor in 0.00 ms.
Unloading 3584 Unused Serialized files (Serialized files now loaded: 0)
System memory in use before: 143.3 MB.
System memory in use after: 143.4 MB.

Unloading 16 unused Assets to reduce memory usage. Loaded Objects now: 4221.
Total: 2.822100 ms (FindLiveObjects: 0.313800 ms CreateObjectMapping: 0.092800 ms MarkObjects: 2.298500 ms  DeleteObjects: 0.115800 ms)

========================================================================
Received Prepare
Registering precompiled user dll's ...
Registered in 0.003255 seconds.
Begin MonoManager ReloadAssembly
Symbol file LoadedFromMemory doesn't match image C:\Users\Seb\Documents\GitHub\BasuKun\Projects\Dice RPG\Dice RPG\Library\PackageCache\com.unity.visualscripting@1.6.1\Editor\VisualScripting.Core\Dependencies\YamlDotNet\Unity.VisualScripting.YamlDotNet.dll
Symbol file LoadedFromMemory doesn't match image C:\Users\Seb\Documents\GitHub\BasuKun\Projects\Dice RPG\Dice RPG\Library\PackageCache\com.unity.visualscripting@1.6.1\Editor\VisualScripting.Core\Dependencies\DotNetZip\Unity.VisualScripting.IonicZip.dll
Native extension for WindowsStandalone target not found
Native extension for WebGL target not found
Refreshing native plugins compatible for Editor in 0.80 ms, found 2 plugins.
Preloading 0 native plugins for Editor in 0.00 ms.
Mono: successfully reloaded assembly
- Completed reload, in  1.017 seconds
Platform modules already initialized, skipping
Refreshing native plugins compatible for Editor in 0.76 ms, found 2 plugins.
Preloading 0 native plugins for Editor in 0.00 ms.
Unloading 3584 Unused Serialized files (Serialized files now loaded: 0)
System memory in use before: 143.3 MB.
System memory in use after: 143.4 MB.

Unloading 16 unused Assets to reduce memory usage. Loaded Objects now: 4225.
Total: 3.069500 ms (FindLiveObjects: 0.351200 ms CreateObjectMapping: 0.094800 ms MarkObjects: 2.490200 ms  DeleteObjects: 0.131800 ms)

========================================================================
Received Prepare
Registering precompiled user dll's ...
Registered in 0.005114 seconds.
Begin MonoManager ReloadAssembly
Symbol file LoadedFromMemory doesn't match image C:\Users\Seb\Documents\GitHub\BasuKun\Projects\Dice RPG\Dice RPG\Library\PackageCache\com.unity.visualscripting@1.6.1\Editor\VisualScripting.Core\Dependencies\YamlDotNet\Unity.VisualScripting.YamlDotNet.dll
Symbol file LoadedFromMemory doesn't match image C:\Users\Seb\Documents\GitHub\BasuKun\Projects\Dice RPG\Dice RPG\Library\PackageCache\com.unity.visualscripting@1.6.1\Editor\VisualScripting.Core\Dependencies\DotNetZip\Unity.VisualScripting.IonicZip.dll
Native extension for WindowsStandalone target not found
Native extension for WebGL target not found
Refreshing native plugins compatible for Editor in 0.73 ms, found 2 plugins.
Preloading 0 native plugins for Editor in 0.00 ms.
Mono: successfully reloaded assembly
- Completed reload, in  1.123 seconds
Platform modules already initialized, skipping
Refreshing native plugins compatible for Editor in 0.71 ms, found 2 plugins.
Preloading 0 native plugins for Editor in 0.00 ms.
Unloading 3584 Unused Serialized files (Serialized files now loaded: 0)
System memory in use before: 143.3 MB.
System memory in use after: 143.4 MB.

Unloading 16 unused Assets to reduce memory usage. Loaded Objects now: 4229.
Total: 2.701400 ms (FindLiveObjects: 0.280400 ms CreateObjectMapping: 0.090500 ms MarkObjects: 2.198700 ms  DeleteObjects: 0.130600 ms)

AssetImportWorkerClient::OnTransportError - code=2 error=End of file
