Using pre-set license
Built from '2021.1/staging' branch; Version is '2021.1.7f1 (d91830b65d9b) revision 14227504'; Using compiler version '192528614'; Build Type 'Release'
OS: 'Windows 10 Pro; OS build 19044.2364; Version 2009; 64bit' Language: 'fr' Physical Memory: 16332 MB
BatchMode: 1, IsHumanControllingUs: 0, StartBugReporterOnCrash: 0, Is64bit: 1, IsPro: 0

 COMMAND LINE ARGUMENTS:
D:\Outerminds\Unity Editors\2021.1.7f1\Editor\Unity.exe
-adb2
-batchMode
-noUpm
-name
AssetImportWorker0
-projectPath
C:/Users/Seb/Documents/GitHub/BasuKun/Projects/Dice RPG/Dice RPG
-logFile
Logs/AssetImportWorker0.log
-srvPort
56254
Successfully changed project path to: C:/Users/Seb/Documents/GitHub/BasuKun/Projects/Dice RPG/Dice RPG
C:/Users/Seb/Documents/GitHub/BasuKun/Projects/Dice RPG/Dice RPG
Using Asset Import Pipeline V2.
Refreshing native plugins compatible for Editor in 177.58 ms, found 2 plugins.
Preloading 0 native plugins for Editor in 0.00 ms.
Initialize engine version: 2021.1.7f1 (d91830b65d9b)
[Subsystems] Discovering subsystems at path D:/Outerminds/Unity Editors/2021.1.7f1/Editor/Data/Resources/UnitySubsystems
[Subsystems] Discovering subsystems at path C:/Users/Seb/Documents/GitHub/BasuKun/Projects/Dice RPG/Dice RPG/Assets
GfxDevice: creating device client; threaded=0; jobified=0
Direct3D:
    Version:  Direct3D 11.0 [level 11.1]
    Renderer: NVIDIA GeForce RTX 3060 Ti (ID=0x2486)
    Vendor:   NVIDIA
    VRAM:     8050 MB
    Driver:   31.0.15.1694
Shader 'MoreMountains/MMRipple': fallback shader 'Particle/AlphaBlended' not found
Shader 'Universal Render Pipeline/Particles/Lit': fallback shader 'Universal Render Pipeline/Particles/SimpleLit' not found
Initialize mono
Mono path[0] = 'D:/Outerminds/Unity Editors/2021.1.7f1/Editor/Data/Managed'
Mono path[1] = 'D:/Outerminds/Unity Editors/2021.1.7f1/Editor/Data/MonoBleedingEdge/lib/mono/unityjit'
Mono config path = 'D:/Outerminds/Unity Editors/2021.1.7f1/Editor/Data/MonoBleedingEdge/etc'
Using monoOptions --debugger-agent=transport=dt_socket,embedding=1,server=y,suspend=n,address=127.0.0.1:56208
Begin MonoManager ReloadAssembly
Registering precompiled unity dll's ...
Register platform support module: D:/Outerminds/Unity Editors/2021.1.7f1/Editor/Data/PlaybackEngines/WebGLSupport/UnityEditor.WebGL.Extensions.dll
Register platform support module: D:/Outerminds/Unity Editors/2021.1.7f1/Editor/Data/PlaybackEngines/WindowsStandaloneSupport/UnityEditor.WindowsStandalone.Extensions.dll
Registered in 0.001629 seconds.
Native extension for WindowsStandalone target not found
Native extension for WebGL target not found
Refreshing native plugins compatible for Editor in 181.02 ms, found 2 plugins.
Preloading 0 native plugins for Editor in 0.00 ms.
Mono: successfully reloaded assembly
- Completed reload, in  1.821 seconds
Platform modules already initialized, skipping
Registering precompiled user dll's ...
Registered in 0.008640 seconds.
Begin MonoManager ReloadAssembly
Symbol file LoadedFromMemory doesn't match image C:\Users\Seb\Documents\GitHub\BasuKun\Projects\Dice RPG\Dice RPG\Library\PackageCache\com.unity.visualscripting@1.6.1\Editor\VisualScripting.Core\Dependencies\YamlDotNet\Unity.VisualScripting.YamlDotNet.dll
Symbol file LoadedFromMemory doesn't match image C:\Users\Seb\Documents\GitHub\BasuKun\Projects\Dice RPG\Dice RPG\Library\PackageCache\com.unity.visualscripting@1.6.1\Editor\VisualScripting.Core\Dependencies\DotNetZip\Unity.VisualScripting.IonicZip.dll
Native extension for WindowsStandalone target not found
Native extension for WebGL target not found
Refreshing native plugins compatible for Editor in 190.98 ms, found 2 plugins.
Preloading 0 native plugins for Editor in 0.00 ms.
Mono: successfully reloaded assembly
- Completed reload, in  1.569 seconds
Platform modules already initialized, skipping
========================================================================
Worker process is ready to serve import requests
Shader 'Universal Render Pipeline/Particles/Lit': fallback shader 'Universal Render Pipeline/Particles/SimpleLit' not found
Shader 'MoreMountains/MMRipple': fallback shader 'Particle/AlphaBlended' not found
Launched and connected shader compiler UnityShaderCompiler.exe after 0.04 seconds
Refreshing native plugins compatible for Editor in 1.28 ms, found 2 plugins.
Preloading 0 native plugins for Editor in 0.00 ms.
Unloading 5657 Unused Serialized files (Serialized files now loaded: 0)
System memory in use before: 297.1 MB.
System memory in use after: 297.4 MB.

Unloading 33 unused Assets to reduce memory usage. Loaded Objects now: 6112.
Total: 3.710700 ms (FindLiveObjects: 0.446200 ms CreateObjectMapping: 0.148200 ms MarkObjects: 2.960100 ms  DeleteObjects: 0.155100 ms)

========================================================================
Received Import Request.
  path: Assets/LeanTween/Examples/Material/Futuro_WindowBack.psd
  artifactKey: Guid(678c92572cc724845a460c87117f5353) Importer(815301076,1909f56bfc062723c751e8b465ee728b)
Start importing Assets/LeanTween/Examples/Material/Futuro_WindowBack.psd using Guid(678c92572cc724845a460c87117f5353) Importer(815301076,1909f56bfc062723c751e8b465ee728b)  -> (artifact id: '316d8486dc8c77ad4129398332d85c4a') in 0.143148 seconds 
========================================================================
Received Import Request.
  Time since last request: 0.000204 seconds.
  path: Assets/LeanTween/Examples/Material/Futuro_ButtonBack.psd
  artifactKey: Guid(b3abce7efa3854a4cb1dd6b47f553027) Importer(815301076,1909f56bfc062723c751e8b465ee728b)
Start importing Assets/LeanTween/Examples/Material/Futuro_ButtonBack.psd using Guid(b3abce7efa3854a4cb1dd6b47f553027) Importer(815301076,1909f56bfc062723c751e8b465ee728b)  -> (artifact id: 'f56be06f05fceaf75f67a4bce1b18e42') in 0.021581 seconds 
========================================================================
Received Import Request.
  Time since last request: 0.000205 seconds.
  path: Assets/LeanTween/Examples/Textures/Dude2d.png
  artifactKey: Guid(5f7fa9a7940a64e79b5a42d9f661d42c) Importer(815301076,1909f56bfc062723c751e8b465ee728b)
Start importing Assets/LeanTween/Examples/Textures/Dude2d.png using Guid(5f7fa9a7940a64e79b5a42d9f661d42c) Importer(815301076,1909f56bfc062723c751e8b465ee728b)  -> (artifact id: 'a621c471acf91866e0d9acf38f38b101') in 0.061729 seconds 
========================================================================
Received Import Request.
  Time since last request: 0.000191 seconds.
  path: Assets/LeanTween/Examples/Material/Futoro_Ring.psd
  artifactKey: Guid(ef31bc3f46d6047b29ff513e55daf05b) Importer(815301076,1909f56bfc062723c751e8b465ee728b)
Start importing Assets/LeanTween/Examples/Material/Futoro_Ring.psd using Guid(ef31bc3f46d6047b29ff513e55daf05b) Importer(815301076,1909f56bfc062723c751e8b465ee728b)  -> (artifact id: 'c525bc845c37607c82b586f57503e383') in 0.022189 seconds 
========================================================================
Received Import Request.
  Time since last request: 0.000165 seconds.
  path: Assets/LeanTween/Examples/Material/Futuro_Bar.psd
  artifactKey: Guid(492b9988436bd45049a9a6bc52ac8fb0) Importer(815301076,1909f56bfc062723c751e8b465ee728b)
Start importing Assets/LeanTween/Examples/Material/Futuro_Bar.psd using Guid(492b9988436bd45049a9a6bc52ac8fb0) Importer(815301076,1909f56bfc062723c751e8b465ee728b)  -> (artifact id: 'b7fdb0fe4934433250700e879a1c5e19') in 0.019283 seconds 
========================================================================
Received Import Request.
  Time since last request: 0.000236 seconds.
  path: Assets/LeanTween/Examples/Material/Futoro_PersonSprites.jpg
  artifactKey: Guid(cea2c9bf87b0c4dfdafb697a3ff00959) Importer(815301076,1909f56bfc062723c751e8b465ee728b)
Start importing Assets/LeanTween/Examples/Material/Futoro_PersonSprites.jpg using Guid(cea2c9bf87b0c4dfdafb697a3ff00959) Importer(815301076,1909f56bfc062723c751e8b465ee728b)  -> (artifact id: 'a9d98cf60ca3ec6356e871fed37ff2bd') in 0.038804 seconds 
========================================================================
Received Import Request.
  Time since last request: 0.000283 seconds.
  path: Assets/LeanTween/Examples/Textures/PowerUpStar.png
  artifactKey: Guid(70141d51621e24facbca9196bbde84b4) Importer(815301076,1909f56bfc062723c751e8b465ee728b)
Start importing Assets/LeanTween/Examples/Textures/PowerUpStar.png using Guid(70141d51621e24facbca9196bbde84b4) Importer(815301076,1909f56bfc062723c751e8b465ee728b)  -> (artifact id: '894a925a1626fbee4a08ea9092209e49') in 0.021605 seconds 
========================================================================
Received Import Request.
  Time since last request: 0.000208 seconds.
  path: Assets/LeanTween/Examples/Material/Futuro_ButtonBackDark.psd
  artifactKey: Guid(b8aaa707027cc4f79af3439c5dbc9652) Importer(815301076,1909f56bfc062723c751e8b465ee728b)
Start importing Assets/LeanTween/Examples/Material/Futuro_ButtonBackDark.psd using Guid(b8aaa707027cc4f79af3439c5dbc9652) Importer(815301076,1909f56bfc062723c751e8b465ee728b)  -> (artifact id: '8862b4ae53930454567a99551654ebf6') in 0.020268 seconds 
========================================================================
Received Import Request.
  Time since last request: 0.000175 seconds.
  path: Assets/LeanTween/Examples/Textures/DustCloud.png
  artifactKey: Guid(c4c548a339b4d41a590928c0c98934a7) Importer(815301076,1909f56bfc062723c751e8b465ee728b)
Start importing Assets/LeanTween/Examples/Textures/DustCloud.png using Guid(c4c548a339b4d41a590928c0c98934a7) Importer(815301076,1909f56bfc062723c751e8b465ee728b)  -> (artifact id: '7a05659443a622a8d556e63d55d0aae8') in 0.023638 seconds 
========================================================================
Received Import Request.
  Time since last request: 0.000234 seconds.
  path: Assets/LeanTween/Examples/Material/Futuro_SineWave.psd
  artifactKey: Guid(d835741a3c4a14a0aa5f7536c46456c4) Importer(815301076,1909f56bfc062723c751e8b465ee728b)
Start importing Assets/LeanTween/Examples/Material/Futuro_SineWave.psd using Guid(d835741a3c4a14a0aa5f7536c46456c4) Importer(815301076,1909f56bfc062723c751e8b465ee728b)  -> (artifact id: 'b2473ad222fae74265f222b906978bac') in 0.026358 seconds 
========================================================================
Received Import Request.
  Time since last request: 321.726605 seconds.
  path: Assets/Scripts/UI/Shop.cs
  artifactKey: Guid(e4c2b98e19c57844286e2ce732977ec5) Importer(815301076,1909f56bfc062723c751e8b465ee728b)
Start importing Assets/Scripts/UI/Shop.cs using Guid(e4c2b98e19c57844286e2ce732977ec5) Importer(815301076,1909f56bfc062723c751e8b465ee728b)  -> (artifact id: '0cde3779a8433c0a874e993b9482ccc6') in 0.012812 seconds 
========================================================================
Received Prepare
Registering precompiled user dll's ...
Registered in 0.005288 seconds.
Begin MonoManager ReloadAssembly
Symbol file LoadedFromMemory doesn't match image C:\Users\Seb\Documents\GitHub\BasuKun\Projects\Dice RPG\Dice RPG\Library\PackageCache\com.unity.visualscripting@1.6.1\Editor\VisualScripting.Core\Dependencies\YamlDotNet\Unity.VisualScripting.YamlDotNet.dll
Symbol file LoadedFromMemory doesn't match image C:\Users\Seb\Documents\GitHub\BasuKun\Projects\Dice RPG\Dice RPG\Library\PackageCache\com.unity.visualscripting@1.6.1\Editor\VisualScripting.Core\Dependencies\DotNetZip\Unity.VisualScripting.IonicZip.dll
Native extension for WindowsStandalone target not found
Native extension for WebGL target not found
Refreshing native plugins compatible for Editor in 1.19 ms, found 2 plugins.
Preloading 0 native plugins for Editor in 0.00 ms.
Mono: successfully reloaded assembly
- Completed reload, in  1.201 seconds
Platform modules already initialized, skipping
Shader 'Universal Render Pipeline/Particles/Lit': fallback shader 'Universal Render Pipeline/Particles/SimpleLit' not found
Shader 'MoreMountains/MMRipple': fallback shader 'Particle/AlphaBlended' not found
Refreshing native plugins compatible for Editor in 1.19 ms, found 2 plugins.
Preloading 0 native plugins for Editor in 0.00 ms.
Unloading 5500 Unused Serialized files (Serialized files now loaded: 0)
System memory in use before: 293.2 MB.
System memory in use after: 293.5 MB.

Unloading 22 unused Assets to reduce memory usage. Loaded Objects now: 6275.
Total: 3.319500 ms (FindLiveObjects: 0.416800 ms CreateObjectMapping: 0.140600 ms MarkObjects: 2.639900 ms  DeleteObjects: 0.121200 ms)

========================================================================
Received Import Request.
  Time since last request: 46.049530 seconds.
  path: Assets/Scripts/UI/IGMenu/PlayerSkills.cs
  artifactKey: Guid(a28bdf61acacbce49963fc5454ab49e3) Importer(815301076,1909f56bfc062723c751e8b465ee728b)
Start importing Assets/Scripts/UI/IGMenu/PlayerSkills.cs using Guid(a28bdf61acacbce49963fc5454ab49e3) Importer(815301076,1909f56bfc062723c751e8b465ee728b)  -> (artifact id: 'f3aab4fc8266237e5917ed6c48b5cd1f') in 0.013066 seconds 
========================================================================
Received Prepare
Registering precompiled user dll's ...
Registered in 0.005420 seconds.
Begin MonoManager ReloadAssembly
Symbol file LoadedFromMemory doesn't match image C:\Users\Seb\Documents\GitHub\BasuKun\Projects\Dice RPG\Dice RPG\Library\PackageCache\com.unity.visualscripting@1.6.1\Editor\VisualScripting.Core\Dependencies\YamlDotNet\Unity.VisualScripting.YamlDotNet.dll
Symbol file LoadedFromMemory doesn't match image C:\Users\Seb\Documents\GitHub\BasuKun\Projects\Dice RPG\Dice RPG\Library\PackageCache\com.unity.visualscripting@1.6.1\Editor\VisualScripting.Core\Dependencies\DotNetZip\Unity.VisualScripting.IonicZip.dll
Native extension for WindowsStandalone target not found
Native extension for WebGL target not found
Refreshing native plugins compatible for Editor in 1.15 ms, found 2 plugins.
Preloading 0 native plugins for Editor in 0.00 ms.
Mono: successfully reloaded assembly
- Completed reload, in  1.206 seconds
Platform modules already initialized, skipping
Shader 'Universal Render Pipeline/Particles/Lit': fallback shader 'Universal Render Pipeline/Particles/SimpleLit' not found
Shader 'MoreMountains/MMRipple': fallback shader 'Particle/AlphaBlended' not found
Refreshing native plugins compatible for Editor in 1.18 ms, found 2 plugins.
Preloading 0 native plugins for Editor in 0.00 ms.
Unloading 5489 Unused Serialized files (Serialized files now loaded: 0)
System memory in use before: 292.9 MB.
System memory in use after: 293.2 MB.

Unloading 23 unused Assets to reduce memory usage. Loaded Objects now: 6278.
Total: 4.897600 ms (FindLiveObjects: 0.536000 ms CreateObjectMapping: 0.200200 ms MarkObjects: 3.981700 ms  DeleteObjects: 0.177700 ms)

========================================================================
Received Prepare
Registering precompiled user dll's ...
Registered in 0.005478 seconds.
Begin MonoManager ReloadAssembly
Symbol file LoadedFromMemory doesn't match image C:\Users\Seb\Documents\GitHub\BasuKun\Projects\Dice RPG\Dice RPG\Library\PackageCache\com.unity.visualscripting@1.6.1\Editor\VisualScripting.Core\Dependencies\YamlDotNet\Unity.VisualScripting.YamlDotNet.dll
Symbol file LoadedFromMemory doesn't match image C:\Users\Seb\Documents\GitHub\BasuKun\Projects\Dice RPG\Dice RPG\Library\PackageCache\com.unity.visualscripting@1.6.1\Editor\VisualScripting.Core\Dependencies\DotNetZip\Unity.VisualScripting.IonicZip.dll
Native extension for WindowsStandalone target not found
Native extension for WebGL target not found
Refreshing native plugins compatible for Editor in 1.17 ms, found 2 plugins.
Preloading 0 native plugins for Editor in 0.00 ms.
Mono: successfully reloaded assembly
- Completed reload, in  1.206 seconds
Platform modules already initialized, skipping
Shader 'Universal Render Pipeline/Particles/Lit': fallback shader 'Universal Render Pipeline/Particles/SimpleLit' not found
Shader 'MoreMountains/MMRipple': fallback shader 'Particle/AlphaBlended' not found
Refreshing native plugins compatible for Editor in 1.25 ms, found 2 plugins.
Preloading 0 native plugins for Editor in 0.00 ms.
Unloading 5490 Unused Serialized files (Serialized files now loaded: 0)
System memory in use before: 292.9 MB.
System memory in use after: 293.3 MB.

Unloading 22 unused Assets to reduce memory usage. Loaded Objects now: 6283.
Total: 4.077400 ms (FindLiveObjects: 0.459100 ms CreateObjectMapping: 0.197500 ms MarkObjects: 3.272100 ms  DeleteObjects: 0.147200 ms)

========================================================================
Received Prepare
Registering precompiled user dll's ...
Registered in 0.005322 seconds.
Begin MonoManager ReloadAssembly
Symbol file LoadedFromMemory doesn't match image C:\Users\Seb\Documents\GitHub\BasuKun\Projects\Dice RPG\Dice RPG\Library\PackageCache\com.unity.visualscripting@1.6.1\Editor\VisualScripting.Core\Dependencies\YamlDotNet\Unity.VisualScripting.YamlDotNet.dll
Symbol file LoadedFromMemory doesn't match image C:\Users\Seb\Documents\GitHub\BasuKun\Projects\Dice RPG\Dice RPG\Library\PackageCache\com.unity.visualscripting@1.6.1\Editor\VisualScripting.Core\Dependencies\DotNetZip\Unity.VisualScripting.IonicZip.dll
Native extension for WindowsStandalone target not found
Native extension for WebGL target not found
Refreshing native plugins compatible for Editor in 1.15 ms, found 2 plugins.
Preloading 0 native plugins for Editor in 0.00 ms.
Mono: successfully reloaded assembly
- Completed reload, in  1.208 seconds
Platform modules already initialized, skipping
Shader 'Universal Render Pipeline/Particles/Lit': fallback shader 'Universal Render Pipeline/Particles/SimpleLit' not found
Shader 'MoreMountains/MMRipple': fallback shader 'Particle/AlphaBlended' not found
Refreshing native plugins compatible for Editor in 1.14 ms, found 2 plugins.
Preloading 0 native plugins for Editor in 0.00 ms.
Unloading 5490 Unused Serialized files (Serialized files now loaded: 0)
System memory in use before: 293.0 MB.
System memory in use after: 293.3 MB.

Unloading 22 unused Assets to reduce memory usage. Loaded Objects now: 6287.
Total: 4.102600 ms (FindLiveObjects: 0.509100 ms CreateObjectMapping: 0.190000 ms MarkObjects: 3.230600 ms  DeleteObjects: 0.171700 ms)

========================================================================
Received Import Request.
  Time since last request: 100.278530 seconds.
  path: Assets/Scripts/UI/IGMenu/Shop.cs
  artifactKey: Guid(e4c2b98e19c57844286e2ce732977ec5) Importer(815301076,1909f56bfc062723c751e8b465ee728b)
Start importing Assets/Scripts/UI/IGMenu/Shop.cs using Guid(e4c2b98e19c57844286e2ce732977ec5) Importer(815301076,1909f56bfc062723c751e8b465ee728b)  -> (artifact id: '55eaabe41fd4ef7307139a9fca1feab6') in 0.009287 seconds 
========================================================================
Received Import Request.
  Time since last request: 150.783218 seconds.
  path: Assets/Scripts/UI/IGMenu/Item.cs
  artifactKey: Guid(5fcd21c4fac3783439bd8662ad077528) Importer(815301076,1909f56bfc062723c751e8b465ee728b)
Start importing Assets/Scripts/UI/IGMenu/Item.cs using Guid(5fcd21c4fac3783439bd8662ad077528) Importer(815301076,1909f56bfc062723c751e8b465ee728b)  -> (artifact id: 'f8b550301156b1b03c68c1007b1e84fc') in 0.006618 seconds 
========================================================================
Received Prepare
Registering precompiled user dll's ...
Registered in 0.005416 seconds.
Begin MonoManager ReloadAssembly
Symbol file LoadedFromMemory doesn't match image C:\Users\Seb\Documents\GitHub\BasuKun\Projects\Dice RPG\Dice RPG\Library\PackageCache\com.unity.visualscripting@1.6.1\Editor\VisualScripting.Core\Dependencies\YamlDotNet\Unity.VisualScripting.YamlDotNet.dll
Symbol file LoadedFromMemory doesn't match image C:\Users\Seb\Documents\GitHub\BasuKun\Projects\Dice RPG\Dice RPG\Library\PackageCache\com.unity.visualscripting@1.6.1\Editor\VisualScripting.Core\Dependencies\DotNetZip\Unity.VisualScripting.IonicZip.dll
Native extension for WindowsStandalone target not found
Native extension for WebGL target not found
Refreshing native plugins compatible for Editor in 1.14 ms, found 2 plugins.
Preloading 0 native plugins for Editor in 0.00 ms.
Mono: successfully reloaded assembly
- Completed reload, in  1.205 seconds
Platform modules already initialized, skipping
Shader 'MoreMountains/MMRipple': fallback shader 'Particle/AlphaBlended' not found
Shader 'Universal Render Pipeline/Particles/Lit': fallback shader 'Universal Render Pipeline/Particles/SimpleLit' not found
Refreshing native plugins compatible for Editor in 1.19 ms, found 2 plugins.
Preloading 0 native plugins for Editor in 0.00 ms.
Unloading 5491 Unused Serialized files (Serialized files now loaded: 0)
System memory in use before: 293.0 MB.
System memory in use after: 293.4 MB.

Unloading 22 unused Assets to reduce memory usage. Loaded Objects now: 6292.
Total: 4.283100 ms (FindLiveObjects: 0.471100 ms CreateObjectMapping: 0.191500 ms MarkObjects: 3.454000 ms  DeleteObjects: 0.165000 ms)

========================================================================
Received Prepare
Registering precompiled user dll's ...
Registered in 0.005454 seconds.
Begin MonoManager ReloadAssembly
Symbol file LoadedFromMemory doesn't match image C:\Users\Seb\Documents\GitHub\BasuKun\Projects\Dice RPG\Dice RPG\Library\PackageCache\com.unity.visualscripting@1.6.1\Editor\VisualScripting.Core\Dependencies\YamlDotNet\Unity.VisualScripting.YamlDotNet.dll
Symbol file LoadedFromMemory doesn't match image C:\Users\Seb\Documents\GitHub\BasuKun\Projects\Dice RPG\Dice RPG\Library\PackageCache\com.unity.visualscripting@1.6.1\Editor\VisualScripting.Core\Dependencies\DotNetZip\Unity.VisualScripting.IonicZip.dll
Native extension for WindowsStandalone target not found
Native extension for WebGL target not found
Refreshing native plugins compatible for Editor in 1.21 ms, found 2 plugins.
Preloading 0 native plugins for Editor in 0.00 ms.
Mono: successfully reloaded assembly
- Completed reload, in  1.231 seconds
Platform modules already initialized, skipping
Shader 'MoreMountains/MMRipple': fallback shader 'Particle/AlphaBlended' not found
Shader 'Universal Render Pipeline/Particles/Lit': fallback shader 'Universal Render Pipeline/Particles/SimpleLit' not found
Refreshing native plugins compatible for Editor in 1.20 ms, found 2 plugins.
Preloading 0 native plugins for Editor in 0.00 ms.
Unloading 5491 Unused Serialized files (Serialized files now loaded: 0)
System memory in use before: 293.1 MB.
System memory in use after: 293.4 MB.

Unloading 22 unused Assets to reduce memory usage. Loaded Objects now: 6296.
Total: 4.113500 ms (FindLiveObjects: 0.484900 ms CreateObjectMapping: 0.160700 ms MarkObjects: 3.325800 ms  DeleteObjects: 0.140800 ms)

========================================================================
Received Import Request.
  Time since last request: 398.216069 seconds.
  path: Assets/Scripts/UI/IGMenu/Item.cs
  artifactKey: Guid(5fcd21c4fac3783439bd8662ad077528) Importer(815301076,1909f56bfc062723c751e8b465ee728b)
Start importing Assets/Scripts/UI/IGMenu/Item.cs using Guid(5fcd21c4fac3783439bd8662ad077528) Importer(815301076,1909f56bfc062723c751e8b465ee728b)  -> (artifact id: 'e9ebce721b69648f16dc9ac0e31b8a00') in 0.009378 seconds 
========================================================================
Received Import Request.
  Time since last request: 13.216876 seconds.
  path: Assets/Scripts/UI/IGMenu/GameAssets.cs
  artifactKey: Guid(4dc555021748dac4a9d91994e1579be5) Importer(815301076,1909f56bfc062723c751e8b465ee728b)
Start importing Assets/Scripts/UI/IGMenu/GameAssets.cs using Guid(4dc555021748dac4a9d91994e1579be5) Importer(815301076,1909f56bfc062723c751e8b465ee728b)  -> (artifact id: '11bf0c55f7ba21cb1923525595d73f16') in 0.007377 seconds 
========================================================================
Received Prepare
Registering precompiled user dll's ...
Registered in 0.005458 seconds.
Begin MonoManager ReloadAssembly
Symbol file LoadedFromMemory doesn't match image C:\Users\Seb\Documents\GitHub\BasuKun\Projects\Dice RPG\Dice RPG\Library\PackageCache\com.unity.visualscripting@1.6.1\Editor\VisualScripting.Core\Dependencies\YamlDotNet\Unity.VisualScripting.YamlDotNet.dll
Symbol file LoadedFromMemory doesn't match image C:\Users\Seb\Documents\GitHub\BasuKun\Projects\Dice RPG\Dice RPG\Library\PackageCache\com.unity.visualscripting@1.6.1\Editor\VisualScripting.Core\Dependencies\DotNetZip\Unity.VisualScripting.IonicZip.dll
Native extension for WindowsStandalone target not found
Native extension for WebGL target not found
Refreshing native plugins compatible for Editor in 1.17 ms, found 2 plugins.
Preloading 0 native plugins for Editor in 0.00 ms.
Mono: successfully reloaded assembly
- Completed reload, in  1.214 seconds
Platform modules already initialized, skipping
Shader 'MoreMountains/MMRipple': fallback shader 'Particle/AlphaBlended' not found
Shader 'Universal Render Pipeline/Particles/Lit': fallback shader 'Universal Render Pipeline/Particles/SimpleLit' not found
Refreshing native plugins compatible for Editor in 1.19 ms, found 2 plugins.
Preloading 0 native plugins for Editor in 0.00 ms.
Unloading 5492 Unused Serialized files (Serialized files now loaded: 0)
System memory in use before: 293.1 MB.
System memory in use after: 293.4 MB.

Unloading 22 unused Assets to reduce memory usage. Loaded Objects now: 6301.
Total: 3.647100 ms (FindLiveObjects: 0.424600 ms CreateObjectMapping: 0.147500 ms MarkObjects: 2.936500 ms  DeleteObjects: 0.137100 ms)

========================================================================
Received Prepare
Registering precompiled user dll's ...
Registered in 0.005327 seconds.
Begin MonoManager ReloadAssembly
Symbol file LoadedFromMemory doesn't match image C:\Users\Seb\Documents\GitHub\BasuKun\Projects\Dice RPG\Dice RPG\Library\PackageCache\com.unity.visualscripting@1.6.1\Editor\VisualScripting.Core\Dependencies\YamlDotNet\Unity.VisualScripting.YamlDotNet.dll
Symbol file LoadedFromMemory doesn't match image C:\Users\Seb\Documents\GitHub\BasuKun\Projects\Dice RPG\Dice RPG\Library\PackageCache\com.unity.visualscripting@1.6.1\Editor\VisualScripting.Core\Dependencies\DotNetZip\Unity.VisualScripting.IonicZip.dll
Native extension for WindowsStandalone target not found
Native extension for WebGL target not found
Refreshing native plugins compatible for Editor in 1.15 ms, found 2 plugins.
Preloading 0 native plugins for Editor in 0.00 ms.
Mono: successfully reloaded assembly
- Completed reload, in  1.196 seconds
Platform modules already initialized, skipping
Shader 'MoreMountains/MMRipple': fallback shader 'Particle/AlphaBlended' not found
Shader 'Universal Render Pipeline/Particles/Lit': fallback shader 'Universal Render Pipeline/Particles/SimpleLit' not found
Refreshing native plugins compatible for Editor in 1.22 ms, found 2 plugins.
Preloading 0 native plugins for Editor in 0.00 ms.
Unloading 5492 Unused Serialized files (Serialized files now loaded: 0)
System memory in use before: 293.1 MB.
System memory in use after: 293.4 MB.

Unloading 22 unused Assets to reduce memory usage. Loaded Objects now: 6305.
Total: 4.045000 ms (FindLiveObjects: 0.469900 ms CreateObjectMapping: 0.249000 ms MarkObjects: 3.177700 ms  DeleteObjects: 0.147300 ms)

========================================================================
Received Prepare
Registering precompiled user dll's ...
Registered in 0.005358 seconds.
Begin MonoManager ReloadAssembly
Symbol file LoadedFromMemory doesn't match image C:\Users\Seb\Documents\GitHub\BasuKun\Projects\Dice RPG\Dice RPG\Library\PackageCache\com.unity.visualscripting@1.6.1\Editor\VisualScripting.Core\Dependencies\YamlDotNet\Unity.VisualScripting.YamlDotNet.dll
Symbol file LoadedFromMemory doesn't match image C:\Users\Seb\Documents\GitHub\BasuKun\Projects\Dice RPG\Dice RPG\Library\PackageCache\com.unity.visualscripting@1.6.1\Editor\VisualScripting.Core\Dependencies\DotNetZip\Unity.VisualScripting.IonicZip.dll
Native extension for WindowsStandalone target not found
Native extension for WebGL target not found
Refreshing native plugins compatible for Editor in 1.18 ms, found 2 plugins.
Preloading 0 native plugins for Editor in 0.00 ms.
Mono: successfully reloaded assembly
- Completed reload, in  1.213 seconds
Platform modules already initialized, skipping
Shader 'MoreMountains/MMRipple': fallback shader 'Particle/AlphaBlended' not found
Shader 'Universal Render Pipeline/Particles/Lit': fallback shader 'Universal Render Pipeline/Particles/SimpleLit' not found
Refreshing native plugins compatible for Editor in 1.16 ms, found 2 plugins.
Preloading 0 native plugins for Editor in 0.00 ms.
Unloading 5492 Unused Serialized files (Serialized files now loaded: 0)
System memory in use before: 293.1 MB.
System memory in use after: 293.5 MB.

Unloading 22 unused Assets to reduce memory usage. Loaded Objects now: 6309.
Total: 3.712600 ms (FindLiveObjects: 0.430600 ms CreateObjectMapping: 0.167000 ms MarkObjects: 2.975000 ms  DeleteObjects: 0.139000 ms)

========================================================================
Received Import Request.
  Time since last request: 686.416250 seconds.
  path: Assets/Scripts/UI/IGMenu/ShopItem.cs
  artifactKey: Guid(e5b5b69029eee594c880fe9b39ae18e1) Importer(815301076,1909f56bfc062723c751e8b465ee728b)
Start importing Assets/Scripts/UI/IGMenu/ShopItem.cs using Guid(e5b5b69029eee594c880fe9b39ae18e1) Importer(815301076,1909f56bfc062723c751e8b465ee728b)  -> (artifact id: 'bdfbbaca7aaa89dd381ed4599b5e03af') in 0.012912 seconds 
========================================================================
Received Prepare
Registering precompiled user dll's ...
Registered in 0.005604 seconds.
Begin MonoManager ReloadAssembly
Symbol file LoadedFromMemory doesn't match image C:\Users\Seb\Documents\GitHub\BasuKun\Projects\Dice RPG\Dice RPG\Library\PackageCache\com.unity.visualscripting@1.6.1\Editor\VisualScripting.Core\Dependencies\YamlDotNet\Unity.VisualScripting.YamlDotNet.dll
Symbol file LoadedFromMemory doesn't match image C:\Users\Seb\Documents\GitHub\BasuKun\Projects\Dice RPG\Dice RPG\Library\PackageCache\com.unity.visualscripting@1.6.1\Editor\VisualScripting.Core\Dependencies\DotNetZip\Unity.VisualScripting.IonicZip.dll
Native extension for WindowsStandalone target not found
Native extension for WebGL target not found
Refreshing native plugins compatible for Editor in 1.15 ms, found 2 plugins.
Preloading 0 native plugins for Editor in 0.00 ms.
Mono: successfully reloaded assembly
- Completed reload, in  1.212 seconds
Platform modules already initialized, skipping
Shader 'MoreMountains/MMRipple': fallback shader 'Particle/AlphaBlended' not found
Shader 'Universal Render Pipeline/Particles/Lit': fallback shader 'Universal Render Pipeline/Particles/SimpleLit' not found
Refreshing native plugins compatible for Editor in 1.18 ms, found 2 plugins.
Preloading 0 native plugins for Editor in 0.00 ms.
Unloading 5493 Unused Serialized files (Serialized files now loaded: 0)
System memory in use before: 293.2 MB.
System memory in use after: 293.5 MB.

Unloading 22 unused Assets to reduce memory usage. Loaded Objects now: 6314.
Total: 4.744800 ms (FindLiveObjects: 0.517700 ms CreateObjectMapping: 0.196300 ms MarkObjects: 3.858100 ms  DeleteObjects: 0.171200 ms)

========================================================================
Received Prepare
Registering precompiled user dll's ...
Registered in 0.005417 seconds.
Begin MonoManager ReloadAssembly
Symbol file LoadedFromMemory doesn't match image C:\Users\Seb\Documents\GitHub\BasuKun\Projects\Dice RPG\Dice RPG\Library\PackageCache\com.unity.visualscripting@1.6.1\Editor\VisualScripting.Core\Dependencies\YamlDotNet\Unity.VisualScripting.YamlDotNet.dll
Symbol file LoadedFromMemory doesn't match image C:\Users\Seb\Documents\GitHub\BasuKun\Projects\Dice RPG\Dice RPG\Library\PackageCache\com.unity.visualscripting@1.6.1\Editor\VisualScripting.Core\Dependencies\DotNetZip\Unity.VisualScripting.IonicZip.dll
Native extension for WindowsStandalone target not found
Native extension for WebGL target not found
Refreshing native plugins compatible for Editor in 1.17 ms, found 2 plugins.
Preloading 0 native plugins for Editor in 0.00 ms.
Mono: successfully reloaded assembly
- Completed reload, in  1.201 seconds
Platform modules already initialized, skipping
Shader 'MoreMountains/MMRipple': fallback shader 'Particle/AlphaBlended' not found
Shader 'Universal Render Pipeline/Particles/Lit': fallback shader 'Universal Render Pipeline/Particles/SimpleLit' not found
Refreshing native plugins compatible for Editor in 1.17 ms, found 2 plugins.
Preloading 0 native plugins for Editor in 0.00 ms.
Unloading 5493 Unused Serialized files (Serialized files now loaded: 0)
System memory in use before: 293.2 MB.
System memory in use after: 293.5 MB.

Unloading 22 unused Assets to reduce memory usage. Loaded Objects now: 6318.
Total: 5.458100 ms (FindLiveObjects: 0.541000 ms CreateObjectMapping: 0.237900 ms MarkObjects: 4.472800 ms  DeleteObjects: 0.204800 ms)

========================================================================
Received Import Request.
  Time since last request: 77.870480 seconds.
  path: Assets/Scripts/UI/IGMenu/ShopItem.cs
  artifactKey: Guid(e5b5b69029eee594c880fe9b39ae18e1) Importer(815301076,1909f56bfc062723c751e8b465ee728b)
Start importing Assets/Scripts/UI/IGMenu/ShopItem.cs using Guid(e5b5b69029eee594c880fe9b39ae18e1) Importer(815301076,1909f56bfc062723c751e8b465ee728b)  -> (artifact id: '3fc2a5f07fd31269a17faf63ae16403d') in 0.009833 seconds 
========================================================================
Received Prepare
Registering precompiled user dll's ...
Registered in 0.005606 seconds.
Begin MonoManager ReloadAssembly
Symbol file LoadedFromMemory doesn't match image C:\Users\Seb\Documents\GitHub\BasuKun\Projects\Dice RPG\Dice RPG\Library\PackageCache\com.unity.visualscripting@1.6.1\Editor\VisualScripting.Core\Dependencies\YamlDotNet\Unity.VisualScripting.YamlDotNet.dll
Symbol file LoadedFromMemory doesn't match image C:\Users\Seb\Documents\GitHub\BasuKun\Projects\Dice RPG\Dice RPG\Library\PackageCache\com.unity.visualscripting@1.6.1\Editor\VisualScripting.Core\Dependencies\DotNetZip\Unity.VisualScripting.IonicZip.dll
Native extension for WindowsStandalone target not found
Native extension for WebGL target not found
Refreshing native plugins compatible for Editor in 1.50 ms, found 2 plugins.
Preloading 0 native plugins for Editor in 0.00 ms.
Mono: successfully reloaded assembly
- Completed reload, in  1.271 seconds
Platform modules already initialized, skipping
Shader 'MoreMountains/MMRipple': fallback shader 'Particle/AlphaBlended' not found
Shader 'Universal Render Pipeline/Particles/Lit': fallback shader 'Universal Render Pipeline/Particles/SimpleLit' not found
Refreshing native plugins compatible for Editor in 1.23 ms, found 2 plugins.
Preloading 0 native plugins for Editor in 0.00 ms.
Unloading 5493 Unused Serialized files (Serialized files now loaded: 0)
System memory in use before: 293.2 MB.
System memory in use after: 293.5 MB.

Unloading 22 unused Assets to reduce memory usage. Loaded Objects now: 6322.
Total: 4.438600 ms (FindLiveObjects: 0.578800 ms CreateObjectMapping: 0.234800 ms MarkObjects: 3.475500 ms  DeleteObjects: 0.148000 ms)

========================================================================
Received Import Request.
  Time since last request: 224.028148 seconds.
  path: Assets/Scripts/UI/IGMenu/Item.cs
  artifactKey: Guid(5fcd21c4fac3783439bd8662ad077528) Importer(815301076,1909f56bfc062723c751e8b465ee728b)
Start importing Assets/Scripts/UI/IGMenu/Item.cs using Guid(5fcd21c4fac3783439bd8662ad077528) Importer(815301076,1909f56bfc062723c751e8b465ee728b)  -> (artifact id: 'fe0cd13d73069c97ebe98a5087ef1386') in 0.009081 seconds 
========================================================================
Received Prepare
Registering precompiled user dll's ...
Registered in 0.005409 seconds.
Begin MonoManager ReloadAssembly
Symbol file LoadedFromMemory doesn't match image C:\Users\Seb\Documents\GitHub\BasuKun\Projects\Dice RPG\Dice RPG\Library\PackageCache\com.unity.visualscripting@1.6.1\Editor\VisualScripting.Core\Dependencies\YamlDotNet\Unity.VisualScripting.YamlDotNet.dll
Symbol file LoadedFromMemory doesn't match image C:\Users\Seb\Documents\GitHub\BasuKun\Projects\Dice RPG\Dice RPG\Library\PackageCache\com.unity.visualscripting@1.6.1\Editor\VisualScripting.Core\Dependencies\DotNetZip\Unity.VisualScripting.IonicZip.dll
Native extension for WindowsStandalone target not found
Native extension for WebGL target not found
Refreshing native plugins compatible for Editor in 1.89 ms, found 2 plugins.
Preloading 0 native plugins for Editor in 0.00 ms.
Mono: successfully reloaded assembly
- Completed reload, in  1.217 seconds
Platform modules already initialized, skipping
Shader 'MoreMountains/MMRipple': fallback shader 'Particle/AlphaBlended' not found
Shader 'Universal Render Pipeline/Particles/Lit': fallback shader 'Universal Render Pipeline/Particles/SimpleLit' not found
Refreshing native plugins compatible for Editor in 1.33 ms, found 2 plugins.
Preloading 0 native plugins for Editor in 0.00 ms.
Unloading 5493 Unused Serialized files (Serialized files now loaded: 0)
System memory in use before: 293.2 MB.
System memory in use after: 293.5 MB.

Unloading 22 unused Assets to reduce memory usage. Loaded Objects now: 6326.
Total: 3.419200 ms (FindLiveObjects: 0.437900 ms CreateObjectMapping: 0.147700 ms MarkObjects: 2.691900 ms  DeleteObjects: 0.140400 ms)

========================================================================
Received Prepare
Registering precompiled user dll's ...
Registered in 0.005720 seconds.
Begin MonoManager ReloadAssembly
Symbol file LoadedFromMemory doesn't match image C:\Users\Seb\Documents\GitHub\BasuKun\Projects\Dice RPG\Dice RPG\Library\PackageCache\com.unity.visualscripting@1.6.1\Editor\VisualScripting.Core\Dependencies\YamlDotNet\Unity.VisualScripting.YamlDotNet.dll
Symbol file LoadedFromMemory doesn't match image C:\Users\Seb\Documents\GitHub\BasuKun\Projects\Dice RPG\Dice RPG\Library\PackageCache\com.unity.visualscripting@1.6.1\Editor\VisualScripting.Core\Dependencies\DotNetZip\Unity.VisualScripting.IonicZip.dll
Native extension for WindowsStandalone target not found
Native extension for WebGL target not found
Refreshing native plugins compatible for Editor in 1.16 ms, found 2 plugins.
Preloading 0 native plugins for Editor in 0.00 ms.
Mono: successfully reloaded assembly
- Completed reload, in  1.198 seconds
Platform modules already initialized, skipping
Shader 'MoreMountains/MMRipple': fallback shader 'Particle/AlphaBlended' not found
Shader 'Universal Render Pipeline/Particles/Lit': fallback shader 'Universal Render Pipeline/Particles/SimpleLit' not found
Refreshing native plugins compatible for Editor in 1.16 ms, found 2 plugins.
Preloading 0 native plugins for Editor in 0.00 ms.
Unloading 5493 Unused Serialized files (Serialized files now loaded: 0)
System memory in use before: 293.2 MB.
System memory in use after: 293.5 MB.

Unloading 22 unused Assets to reduce memory usage. Loaded Objects now: 6330.
Total: 5.295500 ms (FindLiveObjects: 0.478400 ms CreateObjectMapping: 0.149800 ms MarkObjects: 4.512900 ms  DeleteObjects: 0.153000 ms)

========================================================================
Received Prepare
Registering precompiled user dll's ...
Registered in 0.005232 seconds.
Begin MonoManager ReloadAssembly
Symbol file LoadedFromMemory doesn't match image C:\Users\Seb\Documents\GitHub\BasuKun\Projects\Dice RPG\Dice RPG\Library\PackageCache\com.unity.visualscripting@1.6.1\Editor\VisualScripting.Core\Dependencies\YamlDotNet\Unity.VisualScripting.YamlDotNet.dll
Symbol file LoadedFromMemory doesn't match image C:\Users\Seb\Documents\GitHub\BasuKun\Projects\Dice RPG\Dice RPG\Library\PackageCache\com.unity.visualscripting@1.6.1\Editor\VisualScripting.Core\Dependencies\DotNetZip\Unity.VisualScripting.IonicZip.dll
Native extension for WindowsStandalone target not found
Native extension for WebGL target not found
Refreshing native plugins compatible for Editor in 1.17 ms, found 2 plugins.
Preloading 0 native plugins for Editor in 0.00 ms.
Mono: successfully reloaded assembly
- Completed reload, in  1.183 seconds
Platform modules already initialized, skipping
Shader 'MoreMountains/MMRipple': fallback shader 'Particle/AlphaBlended' not found
Shader 'Universal Render Pipeline/Particles/Lit': fallback shader 'Universal Render Pipeline/Particles/SimpleLit' not found
Refreshing native plugins compatible for Editor in 1.21 ms, found 2 plugins.
Preloading 0 native plugins for Editor in 0.00 ms.
Unloading 5493 Unused Serialized files (Serialized files now loaded: 0)
System memory in use before: 293.3 MB.
System memory in use after: 293.6 MB.

Unloading 22 unused Assets to reduce memory usage. Loaded Objects now: 6334.
Total: 3.513600 ms (FindLiveObjects: 0.441900 ms CreateObjectMapping: 0.160700 ms MarkObjects: 2.771700 ms  DeleteObjects: 0.137900 ms)

========================================================================
Received Prepare
Registering precompiled user dll's ...
Registered in 0.005309 seconds.
Begin MonoManager ReloadAssembly
Symbol file LoadedFromMemory doesn't match image C:\Users\Seb\Documents\GitHub\BasuKun\Projects\Dice RPG\Dice RPG\Library\PackageCache\com.unity.visualscripting@1.6.1\Editor\VisualScripting.Core\Dependencies\YamlDotNet\Unity.VisualScripting.YamlDotNet.dll
Symbol file LoadedFromMemory doesn't match image C:\Users\Seb\Documents\GitHub\BasuKun\Projects\Dice RPG\Dice RPG\Library\PackageCache\com.unity.visualscripting@1.6.1\Editor\VisualScripting.Core\Dependencies\DotNetZip\Unity.VisualScripting.IonicZip.dll
Native extension for WindowsStandalone target not found
Native extension for WebGL target not found
Refreshing native plugins compatible for Editor in 1.21 ms, found 2 plugins.
Preloading 0 native plugins for Editor in 0.00 ms.
Mono: successfully reloaded assembly
- Completed reload, in  1.180 seconds
Platform modules already initialized, skipping
Shader 'MoreMountains/MMRipple': fallback shader 'Particle/AlphaBlended' not found
Shader 'Universal Render Pipeline/Particles/Lit': fallback shader 'Universal Render Pipeline/Particles/SimpleLit' not found
Refreshing native plugins compatible for Editor in 1.24 ms, found 2 plugins.
Preloading 0 native plugins for Editor in 0.00 ms.
Unloading 5493 Unused Serialized files (Serialized files now loaded: 0)
System memory in use before: 293.3 MB.
System memory in use after: 293.6 MB.

Unloading 22 unused Assets to reduce memory usage. Loaded Objects now: 6338.
Total: 3.447700 ms (FindLiveObjects: 0.463200 ms CreateObjectMapping: 0.158100 ms MarkObjects: 2.683900 ms  DeleteObjects: 0.141200 ms)

========================================================================
Received Prepare
Registering precompiled user dll's ...
Registered in 0.007596 seconds.
Begin MonoManager ReloadAssembly
Symbol file LoadedFromMemory doesn't match image C:\Users\Seb\Documents\GitHub\BasuKun\Projects\Dice RPG\Dice RPG\Library\PackageCache\com.unity.visualscripting@1.6.1\Editor\VisualScripting.Core\Dependencies\YamlDotNet\Unity.VisualScripting.YamlDotNet.dll
Symbol file LoadedFromMemory doesn't match image C:\Users\Seb\Documents\GitHub\BasuKun\Projects\Dice RPG\Dice RPG\Library\PackageCache\com.unity.visualscripting@1.6.1\Editor\VisualScripting.Core\Dependencies\DotNetZip\Unity.VisualScripting.IonicZip.dll
Native extension for WindowsStandalone target not found
Native extension for WebGL target not found
Refreshing native plugins compatible for Editor in 1.19 ms, found 2 plugins.
Preloading 0 native plugins for Editor in 0.00 ms.
Mono: successfully reloaded assembly
- Completed reload, in  1.196 seconds
Platform modules already initialized, skipping
Shader 'MoreMountains/MMRipple': fallback shader 'Particle/AlphaBlended' not found
Shader 'Universal Render Pipeline/Particles/Lit': fallback shader 'Universal Render Pipeline/Particles/SimpleLit' not found
Refreshing native plugins compatible for Editor in 1.20 ms, found 2 plugins.
Preloading 0 native plugins for Editor in 0.00 ms.
Unloading 5493 Unused Serialized files (Serialized files now loaded: 0)
System memory in use before: 293.3 MB.
System memory in use after: 293.6 MB.

Unloading 22 unused Assets to reduce memory usage. Loaded Objects now: 6342.
Total: 3.678300 ms (FindLiveObjects: 0.512300 ms CreateObjectMapping: 0.211600 ms MarkObjects: 2.821400 ms  DeleteObjects: 0.131100 ms)

========================================================================
Received Prepare
Registering precompiled user dll's ...
Registered in 0.005407 seconds.
Begin MonoManager ReloadAssembly
Symbol file LoadedFromMemory doesn't match image C:\Users\Seb\Documents\GitHub\BasuKun\Projects\Dice RPG\Dice RPG\Library\PackageCache\com.unity.visualscripting@1.6.1\Editor\VisualScripting.Core\Dependencies\YamlDotNet\Unity.VisualScripting.YamlDotNet.dll
Symbol file LoadedFromMemory doesn't match image C:\Users\Seb\Documents\GitHub\BasuKun\Projects\Dice RPG\Dice RPG\Library\PackageCache\com.unity.visualscripting@1.6.1\Editor\VisualScripting.Core\Dependencies\DotNetZip\Unity.VisualScripting.IonicZip.dll
Native extension for WindowsStandalone target not found
Native extension for WebGL target not found
Refreshing native plugins compatible for Editor in 1.19 ms, found 2 plugins.
Preloading 0 native plugins for Editor in 0.00 ms.
Mono: successfully reloaded assembly
- Completed reload, in  1.193 seconds
Platform modules already initialized, skipping
Shader 'MoreMountains/MMRipple': fallback shader 'Particle/AlphaBlended' not found
Shader 'Universal Render Pipeline/Particles/Lit': fallback shader 'Universal Render Pipeline/Particles/SimpleLit' not found
Refreshing native plugins compatible for Editor in 1.16 ms, found 2 plugins.
Preloading 0 native plugins for Editor in 0.00 ms.
Unloading 5493 Unused Serialized files (Serialized files now loaded: 0)
System memory in use before: 293.3 MB.
System memory in use after: 293.6 MB.

Unloading 22 unused Assets to reduce memory usage. Loaded Objects now: 6346.
Total: 4.083700 ms (FindLiveObjects: 0.498600 ms CreateObjectMapping: 0.182300 ms MarkObjects: 3.248200 ms  DeleteObjects: 0.153300 ms)

========================================================================
Received Prepare
Registering precompiled user dll's ...
Registered in 0.005867 seconds.
Begin MonoManager ReloadAssembly
Symbol file LoadedFromMemory doesn't match image C:\Users\Seb\Documents\GitHub\BasuKun\Projects\Dice RPG\Dice RPG\Library\PackageCache\com.unity.visualscripting@1.6.1\Editor\VisualScripting.Core\Dependencies\YamlDotNet\Unity.VisualScripting.YamlDotNet.dll
Symbol file LoadedFromMemory doesn't match image C:\Users\Seb\Documents\GitHub\BasuKun\Projects\Dice RPG\Dice RPG\Library\PackageCache\com.unity.visualscripting@1.6.1\Editor\VisualScripting.Core\Dependencies\DotNetZip\Unity.VisualScripting.IonicZip.dll
Native extension for WindowsStandalone target not found
Native extension for WebGL target not found
Refreshing native plugins compatible for Editor in 1.31 ms, found 2 plugins.
Preloading 0 native plugins for Editor in 0.00 ms.
Mono: successfully reloaded assembly
- Completed reload, in  1.296 seconds
Platform modules already initialized, skipping
Shader 'MoreMountains/MMRipple': fallback shader 'Particle/AlphaBlended' not found
Shader 'Universal Render Pipeline/Particles/Lit': fallback shader 'Universal Render Pipeline/Particles/SimpleLit' not found
Refreshing native plugins compatible for Editor in 1.42 ms, found 2 plugins.
Preloading 0 native plugins for Editor in 0.00 ms.
Unloading 5493 Unused Serialized files (Serialized files now loaded: 0)
System memory in use before: 293.3 MB.
System memory in use after: 293.6 MB.

Unloading 22 unused Assets to reduce memory usage. Loaded Objects now: 6350.
Total: 3.775000 ms (FindLiveObjects: 0.525200 ms CreateObjectMapping: 0.154100 ms MarkObjects: 2.928200 ms  DeleteObjects: 0.165900 ms)

========================================================================
Received Prepare
Registering precompiled user dll's ...
Registered in 0.005368 seconds.
Begin MonoManager ReloadAssembly
Symbol file LoadedFromMemory doesn't match image C:\Users\Seb\Documents\GitHub\BasuKun\Projects\Dice RPG\Dice RPG\Library\PackageCache\com.unity.visualscripting@1.6.1\Editor\VisualScripting.Core\Dependencies\YamlDotNet\Unity.VisualScripting.YamlDotNet.dll
Symbol file LoadedFromMemory doesn't match image C:\Users\Seb\Documents\GitHub\BasuKun\Projects\Dice RPG\Dice RPG\Library\PackageCache\com.unity.visualscripting@1.6.1\Editor\VisualScripting.Core\Dependencies\DotNetZip\Unity.VisualScripting.IonicZip.dll
Native extension for WindowsStandalone target not found
Native extension for WebGL target not found
Refreshing native plugins compatible for Editor in 1.17 ms, found 2 plugins.
Preloading 0 native plugins for Editor in 0.00 ms.
Mono: successfully reloaded assembly
- Completed reload, in  1.178 seconds
Platform modules already initialized, skipping
Shader 'MoreMountains/MMRipple': fallback shader 'Particle/AlphaBlended' not found
Shader 'Universal Render Pipeline/Particles/Lit': fallback shader 'Universal Render Pipeline/Particles/SimpleLit' not found
Refreshing native plugins compatible for Editor in 1.18 ms, found 2 plugins.
Preloading 0 native plugins for Editor in 0.00 ms.
Unloading 5493 Unused Serialized files (Serialized files now loaded: 0)
System memory in use before: 293.3 MB.
System memory in use after: 293.6 MB.

Unloading 22 unused Assets to reduce memory usage. Loaded Objects now: 6354.
Total: 4.060600 ms (FindLiveObjects: 0.479600 ms CreateObjectMapping: 0.145100 ms MarkObjects: 3.263500 ms  DeleteObjects: 0.171100 ms)

========================================================================
Received Prepare
Registering precompiled user dll's ...
Registered in 0.005501 seconds.
Begin MonoManager ReloadAssembly
Symbol file LoadedFromMemory doesn't match image C:\Users\Seb\Documents\GitHub\BasuKun\Projects\Dice RPG\Dice RPG\Library\PackageCache\com.unity.visualscripting@1.6.1\Editor\VisualScripting.Core\Dependencies\YamlDotNet\Unity.VisualScripting.YamlDotNet.dll
Symbol file LoadedFromMemory doesn't match image C:\Users\Seb\Documents\GitHub\BasuKun\Projects\Dice RPG\Dice RPG\Library\PackageCache\com.unity.visualscripting@1.6.1\Editor\VisualScripting.Core\Dependencies\DotNetZip\Unity.VisualScripting.IonicZip.dll
Native extension for WindowsStandalone target not found
Native extension for WebGL target not found
Refreshing native plugins compatible for Editor in 1.54 ms, found 2 plugins.
Preloading 0 native plugins for Editor in 0.00 ms.
Mono: successfully reloaded assembly
- Completed reload, in  1.236 seconds
Platform modules already initialized, skipping
Shader 'MoreMountains/MMRipple': fallback shader 'Particle/AlphaBlended' not found
Shader 'Universal Render Pipeline/Particles/Lit': fallback shader 'Universal Render Pipeline/Particles/SimpleLit' not found
Refreshing native plugins compatible for Editor in 1.23 ms, found 2 plugins.
Preloading 0 native plugins for Editor in 0.00 ms.
Unloading 5494 Unused Serialized files (Serialized files now loaded: 0)
System memory in use before: 293.3 MB.
System memory in use after: 293.7 MB.

Unloading 22 unused Assets to reduce memory usage. Loaded Objects now: 6359.
Total: 3.602100 ms (FindLiveObjects: 0.440700 ms CreateObjectMapping: 0.156400 ms MarkObjects: 2.865500 ms  DeleteObjects: 0.138100 ms)

========================================================================
Received Import Request.
  Time since last request: 909.349236 seconds.
  path: Assets/Scripts/UI/IGMenu/IShopCustomer.cs
  artifactKey: Guid(141dd13a992a6174c94a3d58080730d3) Importer(815301076,1909f56bfc062723c751e8b465ee728b)
Start importing Assets/Scripts/UI/IGMenu/IShopCustomer.cs using Guid(141dd13a992a6174c94a3d58080730d3) Importer(815301076,1909f56bfc062723c751e8b465ee728b)  -> (artifact id: 'b2ef629c7d0b005f4b84dc012c36bde7') in 0.013640 seconds 
========================================================================
Received Prepare
Registering precompiled user dll's ...
Registered in 0.005584 seconds.
Begin MonoManager ReloadAssembly
Symbol file LoadedFromMemory doesn't match image C:\Users\Seb\Documents\GitHub\BasuKun\Projects\Dice RPG\Dice RPG\Library\PackageCache\com.unity.visualscripting@1.6.1\Editor\VisualScripting.Core\Dependencies\YamlDotNet\Unity.VisualScripting.YamlDotNet.dll
Symbol file LoadedFromMemory doesn't match image C:\Users\Seb\Documents\GitHub\BasuKun\Projects\Dice RPG\Dice RPG\Library\PackageCache\com.unity.visualscripting@1.6.1\Editor\VisualScripting.Core\Dependencies\DotNetZip\Unity.VisualScripting.IonicZip.dll
Native extension for WindowsStandalone target not found
Native extension for WebGL target not found
Refreshing native plugins compatible for Editor in 1.16 ms, found 2 plugins.
Preloading 0 native plugins for Editor in 0.00 ms.
Mono: successfully reloaded assembly
- Completed reload, in  1.193 seconds
Platform modules already initialized, skipping
Shader 'MoreMountains/MMRipple': fallback shader 'Particle/AlphaBlended' not found
Shader 'Universal Render Pipeline/Particles/Lit': fallback shader 'Universal Render Pipeline/Particles/SimpleLit' not found
Refreshing native plugins compatible for Editor in 1.22 ms, found 2 plugins.
Preloading 0 native plugins for Editor in 0.00 ms.
Unloading 5494 Unused Serialized files (Serialized files now loaded: 0)
System memory in use before: 293.4 MB.
System memory in use after: 293.7 MB.

Unloading 22 unused Assets to reduce memory usage. Loaded Objects now: 6363.
Total: 3.799400 ms (FindLiveObjects: 0.514600 ms CreateObjectMapping: 0.156200 ms MarkObjects: 2.983600 ms  DeleteObjects: 0.143600 ms)

========================================================================
Received Import Request.
  Time since last request: 200.033314 seconds.
  path: Assets/Scripts/UI/IGMenu/IShopCustomer.cs
  artifactKey: Guid(141dd13a992a6174c94a3d58080730d3) Importer(815301076,1909f56bfc062723c751e8b465ee728b)
Start importing Assets/Scripts/UI/IGMenu/IShopCustomer.cs using Guid(141dd13a992a6174c94a3d58080730d3) Importer(815301076,1909f56bfc062723c751e8b465ee728b)  -> (artifact id: '82dfe1b7f6037ffe7c6d1f5ab0b7bf28') in 0.009385 seconds 
========================================================================
Received Prepare
Registering precompiled user dll's ...
Registered in 0.005449 seconds.
Begin MonoManager ReloadAssembly
Symbol file LoadedFromMemory doesn't match image C:\Users\Seb\Documents\GitHub\BasuKun\Projects\Dice RPG\Dice RPG\Library\PackageCache\com.unity.visualscripting@1.6.1\Editor\VisualScripting.Core\Dependencies\YamlDotNet\Unity.VisualScripting.YamlDotNet.dll
Symbol file LoadedFromMemory doesn't match image C:\Users\Seb\Documents\GitHub\BasuKun\Projects\Dice RPG\Dice RPG\Library\PackageCache\com.unity.visualscripting@1.6.1\Editor\VisualScripting.Core\Dependencies\DotNetZip\Unity.VisualScripting.IonicZip.dll
Native extension for WindowsStandalone target not found
Native extension for WebGL target not found
Refreshing native plugins compatible for Editor in 1.16 ms, found 2 plugins.
Preloading 0 native plugins for Editor in 0.00 ms.
Mono: successfully reloaded assembly
- Completed reload, in  1.196 seconds
Platform modules already initialized, skipping
Shader 'MoreMountains/MMRipple': fallback shader 'Particle/AlphaBlended' not found
Shader 'Universal Render Pipeline/Particles/Lit': fallback shader 'Universal Render Pipeline/Particles/SimpleLit' not found
Refreshing native plugins compatible for Editor in 1.18 ms, found 2 plugins.
Preloading 0 native plugins for Editor in 0.00 ms.
Unloading 5494 Unused Serialized files (Serialized files now loaded: 0)
System memory in use before: 293.4 MB.
System memory in use after: 293.7 MB.

Unloading 22 unused Assets to reduce memory usage. Loaded Objects now: 6367.
Total: 3.516300 ms (FindLiveObjects: 0.467000 ms CreateObjectMapping: 0.154400 ms MarkObjects: 2.754500 ms  DeleteObjects: 0.139100 ms)

========================================================================
Received Import Request.
  Time since last request: 96.812587 seconds.
  path: Assets/Scripts/UI/IGMenu/MenuToggle.cs
  artifactKey: Guid(fabfaa0b6386ee94099d4a1dd6f38552) Importer(815301076,1909f56bfc062723c751e8b465ee728b)
Start importing Assets/Scripts/UI/IGMenu/MenuToggle.cs using Guid(fabfaa0b6386ee94099d4a1dd6f38552) Importer(815301076,1909f56bfc062723c751e8b465ee728b)  -> (artifact id: '3df51adaefc1b29b10b48bd77f33e8be') in 0.011818 seconds 
========================================================================
Received Prepare
Registering precompiled user dll's ...
Registered in 0.008252 seconds.
Begin MonoManager ReloadAssembly
Symbol file LoadedFromMemory doesn't match image C:\Users\Seb\Documents\GitHub\BasuKun\Projects\Dice RPG\Dice RPG\Library\PackageCache\com.unity.visualscripting@1.6.1\Editor\VisualScripting.Core\Dependencies\YamlDotNet\Unity.VisualScripting.YamlDotNet.dll
Symbol file LoadedFromMemory doesn't match image C:\Users\Seb\Documents\GitHub\BasuKun\Projects\Dice RPG\Dice RPG\Library\PackageCache\com.unity.visualscripting@1.6.1\Editor\VisualScripting.Core\Dependencies\DotNetZip\Unity.VisualScripting.IonicZip.dll
Native extension for WindowsStandalone target not found
Native extension for WebGL target not found
Refreshing native plugins compatible for Editor in 1.25 ms, found 2 plugins.
Preloading 0 native plugins for Editor in 0.00 ms.
Mono: successfully reloaded assembly
- Completed reload, in  1.458 seconds
Platform modules already initialized, skipping
Shader 'MoreMountains/MMRipple': fallback shader 'Particle/AlphaBlended' not found
Shader 'Universal Render Pipeline/Particles/Lit': fallback shader 'Universal Render Pipeline/Particles/SimpleLit' not found
Refreshing native plugins compatible for Editor in 1.53 ms, found 2 plugins.
Preloading 0 native plugins for Editor in 0.00 ms.
Unloading 5494 Unused Serialized files (Serialized files now loaded: 0)
System memory in use before: 293.4 MB.
System memory in use after: 293.7 MB.

Unloading 22 unused Assets to reduce memory usage. Loaded Objects now: 6371.
Total: 5.237100 ms (FindLiveObjects: 0.663100 ms CreateObjectMapping: 0.293900 ms MarkObjects: 4.059200 ms  DeleteObjects: 0.218300 ms)

========================================================================
Received Prepare
Registering precompiled user dll's ...
Registered in 0.005409 seconds.
Begin MonoManager ReloadAssembly
Symbol file LoadedFromMemory doesn't match image C:\Users\Seb\Documents\GitHub\BasuKun\Projects\Dice RPG\Dice RPG\Library\PackageCache\com.unity.visualscripting@1.6.1\Editor\VisualScripting.Core\Dependencies\YamlDotNet\Unity.VisualScripting.YamlDotNet.dll
Symbol file LoadedFromMemory doesn't match image C:\Users\Seb\Documents\GitHub\BasuKun\Projects\Dice RPG\Dice RPG\Library\PackageCache\com.unity.visualscripting@1.6.1\Editor\VisualScripting.Core\Dependencies\DotNetZip\Unity.VisualScripting.IonicZip.dll
Native extension for WindowsStandalone target not found
Native extension for WebGL target not found
Refreshing native plugins compatible for Editor in 1.15 ms, found 2 plugins.
Preloading 0 native plugins for Editor in 0.00 ms.
Mono: successfully reloaded assembly
- Completed reload, in  1.216 seconds
Platform modules already initialized, skipping
Shader 'MoreMountains/MMRipple': fallback shader 'Particle/AlphaBlended' not found
Shader 'Universal Render Pipeline/Particles/Lit': fallback shader 'Universal Render Pipeline/Particles/SimpleLit' not found
Refreshing native plugins compatible for Editor in 1.19 ms, found 2 plugins.
Preloading 0 native plugins for Editor in 0.00 ms.
Unloading 5494 Unused Serialized files (Serialized files now loaded: 0)
System memory in use before: 293.4 MB.
System memory in use after: 293.7 MB.

Unloading 22 unused Assets to reduce memory usage. Loaded Objects now: 6375.
Total: 4.354200 ms (FindLiveObjects: 0.484600 ms CreateObjectMapping: 0.188300 ms MarkObjects: 3.519000 ms  DeleteObjects: 0.160900 ms)

========================================================================
Received Prepare
Registering precompiled user dll's ...
Registered in 0.005666 seconds.
Begin MonoManager ReloadAssembly
Symbol file LoadedFromMemory doesn't match image C:\Users\Seb\Documents\GitHub\BasuKun\Projects\Dice RPG\Dice RPG\Library\PackageCache\com.unity.visualscripting@1.6.1\Editor\VisualScripting.Core\Dependencies\YamlDotNet\Unity.VisualScripting.YamlDotNet.dll
Symbol file LoadedFromMemory doesn't match image C:\Users\Seb\Documents\GitHub\BasuKun\Projects\Dice RPG\Dice RPG\Library\PackageCache\com.unity.visualscripting@1.6.1\Editor\VisualScripting.Core\Dependencies\DotNetZip\Unity.VisualScripting.IonicZip.dll
Native extension for WindowsStandalone target not found
Native extension for WebGL target not found
Refreshing native plugins compatible for Editor in 1.15 ms, found 2 plugins.
Preloading 0 native plugins for Editor in 0.00 ms.
Mono: successfully reloaded assembly
- Completed reload, in  1.155 seconds
Platform modules already initialized, skipping
Shader 'MoreMountains/MMRipple': fallback shader 'Particle/AlphaBlended' not found
Shader 'Universal Render Pipeline/Particles/Lit': fallback shader 'Universal Render Pipeline/Particles/SimpleLit' not found
Refreshing native plugins compatible for Editor in 1.19 ms, found 2 plugins.
Preloading 0 native plugins for Editor in 0.00 ms.
Unloading 5494 Unused Serialized files (Serialized files now loaded: 0)
System memory in use before: 293.4 MB.
System memory in use after: 293.7 MB.

Unloading 22 unused Assets to reduce memory usage. Loaded Objects now: 6379.
Total: 5.005500 ms (FindLiveObjects: 0.549300 ms CreateObjectMapping: 0.201400 ms MarkObjects: 4.109000 ms  DeleteObjects: 0.144300 ms)

========================================================================
Received Prepare
Registering precompiled user dll's ...
Registered in 0.005419 seconds.
Begin MonoManager ReloadAssembly
Symbol file LoadedFromMemory doesn't match image C:\Users\Seb\Documents\GitHub\BasuKun\Projects\Dice RPG\Dice RPG\Library\PackageCache\com.unity.visualscripting@1.6.1\Editor\VisualScripting.Core\Dependencies\YamlDotNet\Unity.VisualScripting.YamlDotNet.dll
Symbol file LoadedFromMemory doesn't match image C:\Users\Seb\Documents\GitHub\BasuKun\Projects\Dice RPG\Dice RPG\Library\PackageCache\com.unity.visualscripting@1.6.1\Editor\VisualScripting.Core\Dependencies\DotNetZip\Unity.VisualScripting.IonicZip.dll
Native extension for WindowsStandalone target not found
Native extension for WebGL target not found
Refreshing native plugins compatible for Editor in 1.15 ms, found 2 plugins.
Preloading 0 native plugins for Editor in 0.00 ms.
Mono: successfully reloaded assembly
- Completed reload, in  1.208 seconds
Platform modules already initialized, skipping
Shader 'MoreMountains/MMRipple': fallback shader 'Particle/AlphaBlended' not found
Shader 'Universal Render Pipeline/Particles/Lit': fallback shader 'Universal Render Pipeline/Particles/SimpleLit' not found
Refreshing native plugins compatible for Editor in 1.24 ms, found 2 plugins.
Preloading 0 native plugins for Editor in 0.00 ms.
Unloading 5494 Unused Serialized files (Serialized files now loaded: 0)
System memory in use before: 293.4 MB.
System memory in use after: 293.7 MB.

Unloading 22 unused Assets to reduce memory usage. Loaded Objects now: 6383.
Total: 4.359100 ms (FindLiveObjects: 0.608400 ms CreateObjectMapping: 0.262100 ms MarkObjects: 3.322300 ms  DeleteObjects: 0.164800 ms)

========================================================================
Received Prepare
Registering precompiled user dll's ...
Registered in 0.005506 seconds.
Begin MonoManager ReloadAssembly
Symbol file LoadedFromMemory doesn't match image C:\Users\Seb\Documents\GitHub\BasuKun\Projects\Dice RPG\Dice RPG\Library\PackageCache\com.unity.visualscripting@1.6.1\Editor\VisualScripting.Core\Dependencies\YamlDotNet\Unity.VisualScripting.YamlDotNet.dll
Symbol file LoadedFromMemory doesn't match image C:\Users\Seb\Documents\GitHub\BasuKun\Projects\Dice RPG\Dice RPG\Library\PackageCache\com.unity.visualscripting@1.6.1\Editor\VisualScripting.Core\Dependencies\DotNetZip\Unity.VisualScripting.IonicZip.dll
Native extension for WindowsStandalone target not found
Native extension for WebGL target not found
Refreshing native plugins compatible for Editor in 1.29 ms, found 2 plugins.
Preloading 0 native plugins for Editor in 0.00 ms.
Mono: successfully reloaded assembly
- Completed reload, in  1.259 seconds
Platform modules already initialized, skipping
Shader 'MoreMountains/MMRipple': fallback shader 'Particle/AlphaBlended' not found
Shader 'Universal Render Pipeline/Particles/Lit': fallback shader 'Universal Render Pipeline/Particles/SimpleLit' not found
Refreshing native plugins compatible for Editor in 1.21 ms, found 2 plugins.
Preloading 0 native plugins for Editor in 0.00 ms.
Unloading 5494 Unused Serialized files (Serialized files now loaded: 0)
System memory in use before: 293.4 MB.
System memory in use after: 293.7 MB.

Unloading 22 unused Assets to reduce memory usage. Loaded Objects now: 6387.
Total: 3.897000 ms (FindLiveObjects: 0.514000 ms CreateObjectMapping: 0.153700 ms MarkObjects: 3.066300 ms  DeleteObjects: 0.161300 ms)

========================================================================
Received Prepare
Registering precompiled user dll's ...
Registered in 0.005748 seconds.
Begin MonoManager ReloadAssembly
Symbol file LoadedFromMemory doesn't match image C:\Users\Seb\Documents\GitHub\BasuKun\Projects\Dice RPG\Dice RPG\Library\PackageCache\com.unity.visualscripting@1.6.1\Editor\VisualScripting.Core\Dependencies\YamlDotNet\Unity.VisualScripting.YamlDotNet.dll
Symbol file LoadedFromMemory doesn't match image C:\Users\Seb\Documents\GitHub\BasuKun\Projects\Dice RPG\Dice RPG\Library\PackageCache\com.unity.visualscripting@1.6.1\Editor\VisualScripting.Core\Dependencies\DotNetZip\Unity.VisualScripting.IonicZip.dll
Native extension for WindowsStandalone target not found
Native extension for WebGL target not found
Refreshing native plugins compatible for Editor in 1.28 ms, found 2 plugins.
Preloading 0 native plugins for Editor in 0.00 ms.
Mono: successfully reloaded assembly
- Completed reload, in  1.253 seconds
Platform modules already initialized, skipping
Shader 'MoreMountains/MMRipple': fallback shader 'Particle/AlphaBlended' not found
Shader 'Universal Render Pipeline/Particles/Lit': fallback shader 'Universal Render Pipeline/Particles/SimpleLit' not found
Refreshing native plugins compatible for Editor in 1.26 ms, found 2 plugins.
Preloading 0 native plugins for Editor in 0.00 ms.
Unloading 5494 Unused Serialized files (Serialized files now loaded: 0)
System memory in use before: 293.4 MB.
System memory in use after: 293.7 MB.

Unloading 22 unused Assets to reduce memory usage. Loaded Objects now: 6391.
Total: 5.766500 ms (FindLiveObjects: 0.603000 ms CreateObjectMapping: 0.256200 ms MarkObjects: 4.701600 ms  DeleteObjects: 0.204100 ms)

AssetImportWorkerClient::OnTransportError - code=2 error=End of file
