Using pre-set license
Built from '2021.1/staging' branch; Version is '2021.1.7f1 (d91830b65d9b) revision 14227504'; Using compiler version '192528614'; Build Type 'Release'
OS: 'Windows 10 Pro; OS build 19044.2846; Version 2009; 64bit' Language: 'fr' Physical Memory: 16332 MB
BatchMode: 1, IsHumanControllingUs: 0, StartBugReporterOnCrash: 0, Is64bit: 1, IsPro: 0

 COMMAND LINE ARGUMENTS:
D:\Outerminds\Unity Editors\2021.1.7f1\Editor\Unity.exe
-adb2
-batchMode
-noUpm
-name
AssetImportWorker0
-projectPath
C:/Users/Seb/Documents/GitHub/BasuKun/Projects/Dice RPG/Dice RPG
-logFile
Logs/AssetImportWorker0.log
-srvPort
60097
Successfully changed project path to: C:/Users/Seb/Documents/GitHub/BasuKun/Projects/Dice RPG/Dice RPG
C:/Users/Seb/Documents/GitHub/BasuKun/Projects/Dice RPG/Dice RPG
Using Asset Import Pipeline V2.
Refreshing native plugins compatible for Editor in 187.32 ms, found 2 plugins.
Preloading 0 native plugins for Editor in 0.00 ms.
Initialize engine version: 2021.1.7f1 (d91830b65d9b)
[Subsystems] Discovering subsystems at path D:/Outerminds/Unity Editors/2021.1.7f1/Editor/Data/Resources/UnitySubsystems
[Subsystems] Discovering subsystems at path C:/Users/Seb/Documents/GitHub/BasuKun/Projects/Dice RPG/Dice RPG/Assets
GfxDevice: creating device client; threaded=0; jobified=0
Direct3D:
    Version:  Direct3D 11.0 [level 11.1]
    Renderer: NVIDIA GeForce RTX 3060 Ti (ID=0x2486)
    Vendor:   NVIDIA
    VRAM:     8050 MB
    Driver:   31.0.15.1694
Shader 'MoreMountains/MMRipple': fallback shader 'Particle/AlphaBlended' not found
Shader 'Universal Render Pipeline/Particles/Lit': fallback shader 'Universal Render Pipeline/Particles/SimpleLit' not found
Initialize mono
Mono path[0] = 'D:/Outerminds/Unity Editors/2021.1.7f1/Editor/Data/Managed'
Mono path[1] = 'D:/Outerminds/Unity Editors/2021.1.7f1/Editor/Data/MonoBleedingEdge/lib/mono/unityjit'
Mono config path = 'D:/Outerminds/Unity Editors/2021.1.7f1/Editor/Data/MonoBleedingEdge/etc'
Using monoOptions --debugger-agent=transport=dt_socket,embedding=1,server=y,suspend=n,address=127.0.0.1:56236
Begin MonoManager ReloadAssembly
Registering precompiled unity dll's ...
Register platform support module: D:/Outerminds/Unity Editors/2021.1.7f1/Editor/Data/PlaybackEngines/WebGLSupport/UnityEditor.WebGL.Extensions.dll
Register platform support module: D:/Outerminds/Unity Editors/2021.1.7f1/Editor/Data/PlaybackEngines/WindowsStandaloneSupport/UnityEditor.WindowsStandalone.Extensions.dll
Registered in 0.001849 seconds.
Native extension for WindowsStandalone target not found
Native extension for WebGL target not found
Refreshing native plugins compatible for Editor in 181.58 ms, found 2 plugins.
Preloading 0 native plugins for Editor in 0.00 ms.
Mono: successfully reloaded assembly
- Completed reload, in  1.995 seconds
Platform modules already initialized, skipping
Registering precompiled user dll's ...
Registered in 0.005645 seconds.
Begin MonoManager ReloadAssembly
Symbol file LoadedFromMemory doesn't match image C:\Users\Seb\Documents\GitHub\BasuKun\Projects\Dice RPG\Dice RPG\Library\PackageCache\com.unity.visualscripting@1.6.1\Editor\VisualScripting.Core\Dependencies\YamlDotNet\Unity.VisualScripting.YamlDotNet.dll
Symbol file LoadedFromMemory doesn't match image C:\Users\Seb\Documents\GitHub\BasuKun\Projects\Dice RPG\Dice RPG\Library\PackageCache\com.unity.visualscripting@1.6.1\Editor\VisualScripting.Core\Dependencies\DotNetZip\Unity.VisualScripting.IonicZip.dll
Native extension for WindowsStandalone target not found
Native extension for WebGL target not found
Refreshing native plugins compatible for Editor in 182.01 ms, found 2 plugins.
Preloading 0 native plugins for Editor in 0.00 ms.
Mono: successfully reloaded assembly
- Completed reload, in  1.615 seconds
Platform modules already initialized, skipping
========================================================================
Worker process is ready to serve import requests
Shader 'Universal Render Pipeline/Particles/Lit': fallback shader 'Universal Render Pipeline/Particles/SimpleLit' not found
Shader 'MoreMountains/MMRipple': fallback shader 'Particle/AlphaBlended' not found
Launched and connected shader compiler UnityShaderCompiler.exe after 0.04 seconds
Refreshing native plugins compatible for Editor in 1.20 ms, found 2 plugins.
Preloading 0 native plugins for Editor in 0.00 ms.
Unloading 5665 Unused Serialized files (Serialized files now loaded: 0)
System memory in use before: 297.3 MB.
System memory in use after: 297.6 MB.

Unloading 33 unused Assets to reduce memory usage. Loaded Objects now: 6120.
Total: 3.253800 ms (FindLiveObjects: 0.418300 ms CreateObjectMapping: 0.152500 ms MarkObjects: 2.540200 ms  DeleteObjects: 0.141600 ms)

========================================================================
Received Import Request.
  path: Assets/Editor/SpellCategorizer.cs
  artifactKey: Guid(0fdd665392f7cb8489f3e80a92190d01) Importer(815301076,1909f56bfc062723c751e8b465ee728b)
Start importing Assets/Editor/SpellCategorizer.cs using Guid(0fdd665392f7cb8489f3e80a92190d01) Importer(815301076,1909f56bfc062723c751e8b465ee728b)  -> (artifact id: '4c10e086f70238352a3f9f62e9de6598') in 0.041360 seconds 
========================================================================
Received Prepare
Registering precompiled user dll's ...
Registered in 0.005425 seconds.
Begin MonoManager ReloadAssembly
Symbol file LoadedFromMemory doesn't match image C:\Users\Seb\Documents\GitHub\BasuKun\Projects\Dice RPG\Dice RPG\Library\PackageCache\com.unity.visualscripting@1.6.1\Editor\VisualScripting.Core\Dependencies\YamlDotNet\Unity.VisualScripting.YamlDotNet.dll
Symbol file LoadedFromMemory doesn't match image C:\Users\Seb\Documents\GitHub\BasuKun\Projects\Dice RPG\Dice RPG\Library\PackageCache\com.unity.visualscripting@1.6.1\Editor\VisualScripting.Core\Dependencies\DotNetZip\Unity.VisualScripting.IonicZip.dll
Native extension for WindowsStandalone target not found
Native extension for WebGL target not found
Refreshing native plugins compatible for Editor in 1.28 ms, found 2 plugins.
Preloading 0 native plugins for Editor in 0.00 ms.
Mono: successfully reloaded assembly
- Completed reload, in  1.307 seconds
Platform modules already initialized, skipping
Shader 'Universal Render Pipeline/Particles/Lit': fallback shader 'Universal Render Pipeline/Particles/SimpleLit' not found
Shader 'MoreMountains/MMRipple': fallback shader 'Particle/AlphaBlended' not found
Refreshing native plugins compatible for Editor in 1.20 ms, found 2 plugins.
Preloading 0 native plugins for Editor in 0.00 ms.
Unloading 5496 Unused Serialized files (Serialized files now loaded: 0)
System memory in use before: 284.5 MB.
System memory in use after: 284.8 MB.

Unloading 22 unused Assets to reduce memory usage. Loaded Objects now: 6124.
Total: 3.368000 ms (FindLiveObjects: 0.411800 ms CreateObjectMapping: 0.144000 ms MarkObjects: 2.685300 ms  DeleteObjects: 0.125800 ms)

========================================================================
Received Import Request.
  Time since last request: 30.820571 seconds.
  path: Assets/Resources/Skills/New Folder
  artifactKey: Guid(260eb614896e76546aafdc89c38a3963) Importer(815301076,1909f56bfc062723c751e8b465ee728b)
Start importing Assets/Resources/Skills/New Folder using Guid(260eb614896e76546aafdc89c38a3963) Importer(815301076,1909f56bfc062723c751e8b465ee728b)  -> (artifact id: '3f8e2e373db9c01203f05ffe3259be2d') in 0.013337 seconds 
========================================================================
Received Import Request.
  Time since last request: 6.800170 seconds.
  path: Assets/Resources/Skills/Warrior
  artifactKey: Guid(260eb614896e76546aafdc89c38a3963) Importer(815301076,1909f56bfc062723c751e8b465ee728b)
Start importing Assets/Resources/Skills/Warrior using Guid(260eb614896e76546aafdc89c38a3963) Importer(815301076,1909f56bfc062723c751e8b465ee728b)  -> (artifact id: 'f056ccde4669e858b4a491f3618cbebc') in 0.008437 seconds 
========================================================================
Received Import Request.
  Time since last request: 6.612300 seconds.
  path: Assets/Resources/Skills/Ronin.cs
  artifactKey: Guid(eb53b44a2802b0440b7294ca7ff0b28b) Importer(815301076,1909f56bfc062723c751e8b465ee728b)
Start importing Assets/Resources/Skills/Ronin.cs using Guid(eb53b44a2802b0440b7294ca7ff0b28b) Importer(815301076,1909f56bfc062723c751e8b465ee728b)  -> (artifact id: 'a07d388250bf7211586cf7b975e1b5d0') in 0.006909 seconds 
========================================================================
Received Prepare
Registering precompiled user dll's ...
Registered in 0.005546 seconds.
Begin MonoManager ReloadAssembly
Symbol file LoadedFromMemory doesn't match image C:\Users\Seb\Documents\GitHub\BasuKun\Projects\Dice RPG\Dice RPG\Library\PackageCache\com.unity.visualscripting@1.6.1\Editor\VisualScripting.Core\Dependencies\YamlDotNet\Unity.VisualScripting.YamlDotNet.dll
Symbol file LoadedFromMemory doesn't match image C:\Users\Seb\Documents\GitHub\BasuKun\Projects\Dice RPG\Dice RPG\Library\PackageCache\com.unity.visualscripting@1.6.1\Editor\VisualScripting.Core\Dependencies\DotNetZip\Unity.VisualScripting.IonicZip.dll
Native extension for WindowsStandalone target not found
Native extension for WebGL target not found
Refreshing native plugins compatible for Editor in 1.21 ms, found 2 plugins.
Preloading 0 native plugins for Editor in 0.00 ms.
Mono: successfully reloaded assembly
- Completed reload, in  1.287 seconds
Platform modules already initialized, skipping
Shader 'Universal Render Pipeline/Particles/Lit': fallback shader 'Universal Render Pipeline/Particles/SimpleLit' not found
Shader 'MoreMountains/MMRipple': fallback shader 'Particle/AlphaBlended' not found
Refreshing native plugins compatible for Editor in 1.22 ms, found 2 plugins.
Preloading 0 native plugins for Editor in 0.00 ms.
Unloading 5496 Unused Serialized files (Serialized files now loaded: 0)
System memory in use before: 284.6 MB.
System memory in use after: 284.9 MB.

Unloading 22 unused Assets to reduce memory usage. Loaded Objects now: 6128.
Total: 3.461500 ms (FindLiveObjects: 0.438400 ms CreateObjectMapping: 0.155800 ms MarkObjects: 2.741300 ms  DeleteObjects: 0.124900 ms)

========================================================================
Received Import Request.
  Time since last request: 18.886604 seconds.
  path: Assets/Resources/Skills/Ronin
  artifactKey: Guid(2508e136e8a288c4ebe254f77aabdd22) Importer(815301076,1909f56bfc062723c751e8b465ee728b)
Start importing Assets/Resources/Skills/Ronin using Guid(2508e136e8a288c4ebe254f77aabdd22) Importer(815301076,1909f56bfc062723c751e8b465ee728b)  -> (artifact id: '25a3cac209d41db6af540cf50a6f3ac7') in 0.008963 seconds 
========================================================================
Received Import Request.
  Time since last request: 5.597630 seconds.
  path: Assets/Resources/Skills/Gunslinger
  artifactKey: Guid(a600b766e1375714cbfeca058a2655ce) Importer(815301076,1909f56bfc062723c751e8b465ee728b)
Start importing Assets/Resources/Skills/Gunslinger using Guid(a600b766e1375714cbfeca058a2655ce) Importer(815301076,1909f56bfc062723c751e8b465ee728b)  -> (artifact id: '0391fd3f2621f32d5b1cca95b9d4cb34') in 0.006636 seconds 
========================================================================
Received Import Request.
  Time since last request: 5.343439 seconds.
  path: Assets/Resources/Skills/Technomancer
  artifactKey: Guid(29813cfe1eaa3f344ab332ac9f860e61) Importer(815301076,1909f56bfc062723c751e8b465ee728b)
Start importing Assets/Resources/Skills/Technomancer using Guid(29813cfe1eaa3f344ab332ac9f860e61) Importer(815301076,1909f56bfc062723c751e8b465ee728b)  -> (artifact id: 'fa67b59d7a7d1fae4df97793a291b4b9') in 0.006480 seconds 
========================================================================
Received Import Request.
  Time since last request: 6.048571 seconds.
  path: Assets/Resources/Skills/Warlock
  artifactKey: Guid(4f8d34b05dc65d94dbe32cb1b4e1cf1e) Importer(815301076,1909f56bfc062723c751e8b465ee728b)
Start importing Assets/Resources/Skills/Warlock using Guid(4f8d34b05dc65d94dbe32cb1b4e1cf1e) Importer(815301076,1909f56bfc062723c751e8b465ee728b)  -> (artifact id: '92e0bb38672962626b3bc935fe7f0bed') in 0.006691 seconds 
========================================================================
Received Import Request.
  Time since last request: 4.289728 seconds.
  path: Assets/Resources/Skills/Healer
  artifactKey: Guid(4f2bbe0a8e505d64fb7c9b20ab9078d1) Importer(815301076,1909f56bfc062723c751e8b465ee728b)
Start importing Assets/Resources/Skills/Healer using Guid(4f2bbe0a8e505d64fb7c9b20ab9078d1) Importer(815301076,1909f56bfc062723c751e8b465ee728b)  -> (artifact id: '92372b1ef2ca6b807204aaf15e7a12a9') in 0.006818 seconds 
========================================================================
Received Import Request.
  Time since last request: 30.734896 seconds.
  path: Assets/Resources/Skills/Warrior/Counter.asset
  artifactKey: Guid(48273483e1c027e4fba8cdf1e701db13) Importer(815301076,1909f56bfc062723c751e8b465ee728b)
Start importing Assets/Resources/Skills/Warrior/Counter.asset using Guid(48273483e1c027e4fba8cdf1e701db13) Importer(815301076,1909f56bfc062723c751e8b465ee728b)  -> (artifact id: '7b7eb56f23de8f19eef6d104d18e6f69') in 0.043944 seconds 
========================================================================
Received Import Request.
  Time since last request: 109.266070 seconds.
  path: Assets/Resources/Skills/Warrior/Parry.asset
  artifactKey: Guid(48273483e1c027e4fba8cdf1e701db13) Importer(815301076,1909f56bfc062723c751e8b465ee728b)
Start importing Assets/Resources/Skills/Warrior/Parry.asset using Guid(48273483e1c027e4fba8cdf1e701db13) Importer(815301076,1909f56bfc062723c751e8b465ee728b)  -> (artifact id: '3f269cfc0eb7853989f4bc500aed1325') in 0.008622 seconds 
========================================================================
Received Prepare
Registering precompiled user dll's ...
Registered in 0.005542 seconds.
Begin MonoManager ReloadAssembly
Symbol file LoadedFromMemory doesn't match image C:\Users\Seb\Documents\GitHub\BasuKun\Projects\Dice RPG\Dice RPG\Library\PackageCache\com.unity.visualscripting@1.6.1\Editor\VisualScripting.Core\Dependencies\YamlDotNet\Unity.VisualScripting.YamlDotNet.dll
Symbol file LoadedFromMemory doesn't match image C:\Users\Seb\Documents\GitHub\BasuKun\Projects\Dice RPG\Dice RPG\Library\PackageCache\com.unity.visualscripting@1.6.1\Editor\VisualScripting.Core\Dependencies\DotNetZip\Unity.VisualScripting.IonicZip.dll
Native extension for WindowsStandalone target not found
Native extension for WebGL target not found
Refreshing native plugins compatible for Editor in 1.18 ms, found 2 plugins.
Preloading 0 native plugins for Editor in 0.00 ms.
Mono: successfully reloaded assembly
- Completed reload, in  1.305 seconds
Platform modules already initialized, skipping
Shader 'Universal Render Pipeline/Particles/Lit': fallback shader 'Universal Render Pipeline/Particles/SimpleLit' not found
Shader 'MoreMountains/MMRipple': fallback shader 'Particle/AlphaBlended' not found
Refreshing native plugins compatible for Editor in 1.40 ms, found 2 plugins.
Preloading 0 native plugins for Editor in 0.00 ms.
Unloading 5496 Unused Serialized files (Serialized files now loaded: 0)
System memory in use before: 284.7 MB.
System memory in use after: 285.0 MB.

Unloading 22 unused Assets to reduce memory usage. Loaded Objects now: 6132.
Total: 3.833400 ms (FindLiveObjects: 0.436100 ms CreateObjectMapping: 0.186600 ms MarkObjects: 3.078300 ms  DeleteObjects: 0.131200 ms)

========================================================================
Received Import Request.
  Time since last request: 504.186412 seconds.
  path: Assets/Resources/Skills/Warrior/Counter.asset
  artifactKey: Guid(48273483e1c027e4fba8cdf1e701db13) Importer(815301076,1909f56bfc062723c751e8b465ee728b)
Start importing Assets/Resources/Skills/Warrior/Counter.asset using Guid(48273483e1c027e4fba8cdf1e701db13) Importer(815301076,1909f56bfc062723c751e8b465ee728b)  -> (artifact id: 'be9a5d7b15ac88507ae09d046cd70f54') in 0.062175 seconds 
========================================================================
Received Import Request.
  Time since last request: 43.772999 seconds.
  path: Assets/Resources/Skills/Warrior/Counter.asset
  artifactKey: Guid(48273483e1c027e4fba8cdf1e701db13) Importer(815301076,1909f56bfc062723c751e8b465ee728b)
Start importing Assets/Resources/Skills/Warrior/Counter.asset using Guid(48273483e1c027e4fba8cdf1e701db13) Importer(815301076,1909f56bfc062723c751e8b465ee728b)  -> (artifact id: '7b6d8a4ab8e3e114f69aa2eedd3c0921') in 0.004178 seconds 
========================================================================
Received Prepare
Registering precompiled user dll's ...
Registered in 0.005518 seconds.
Begin MonoManager ReloadAssembly
Symbol file LoadedFromMemory doesn't match image C:\Users\Seb\Documents\GitHub\BasuKun\Projects\Dice RPG\Dice RPG\Library\PackageCache\com.unity.visualscripting@1.6.1\Editor\VisualScripting.Core\Dependencies\YamlDotNet\Unity.VisualScripting.YamlDotNet.dll
Symbol file LoadedFromMemory doesn't match image C:\Users\Seb\Documents\GitHub\BasuKun\Projects\Dice RPG\Dice RPG\Library\PackageCache\com.unity.visualscripting@1.6.1\Editor\VisualScripting.Core\Dependencies\DotNetZip\Unity.VisualScripting.IonicZip.dll
Native extension for WindowsStandalone target not found
Native extension for WebGL target not found
Refreshing native plugins compatible for Editor in 1.20 ms, found 2 plugins.
Preloading 0 native plugins for Editor in 0.00 ms.
Mono: successfully reloaded assembly
- Completed reload, in  1.292 seconds
Platform modules already initialized, skipping
Shader 'Universal Render Pipeline/Particles/Lit': fallback shader 'Universal Render Pipeline/Particles/SimpleLit' not found
Shader 'MoreMountains/MMRipple': fallback shader 'Particle/AlphaBlended' not found
Refreshing native plugins compatible for Editor in 1.19 ms, found 2 plugins.
Preloading 0 native plugins for Editor in 0.00 ms.
Unloading 5496 Unused Serialized files (Serialized files now loaded: 0)
System memory in use before: 284.7 MB.
System memory in use after: 285.0 MB.

Unloading 22 unused Assets to reduce memory usage. Loaded Objects now: 6136.
Total: 4.230200 ms (FindLiveObjects: 0.474500 ms CreateObjectMapping: 0.194200 ms MarkObjects: 3.403900 ms  DeleteObjects: 0.156200 ms)

========================================================================
Received Prepare
Registering precompiled user dll's ...
Registered in 0.005405 seconds.
Begin MonoManager ReloadAssembly
Symbol file LoadedFromMemory doesn't match image C:\Users\Seb\Documents\GitHub\BasuKun\Projects\Dice RPG\Dice RPG\Library\PackageCache\com.unity.visualscripting@1.6.1\Editor\VisualScripting.Core\Dependencies\YamlDotNet\Unity.VisualScripting.YamlDotNet.dll
Symbol file LoadedFromMemory doesn't match image C:\Users\Seb\Documents\GitHub\BasuKun\Projects\Dice RPG\Dice RPG\Library\PackageCache\com.unity.visualscripting@1.6.1\Editor\VisualScripting.Core\Dependencies\DotNetZip\Unity.VisualScripting.IonicZip.dll
Native extension for WindowsStandalone target not found
Native extension for WebGL target not found
Refreshing native plugins compatible for Editor in 1.19 ms, found 2 plugins.
Preloading 0 native plugins for Editor in 0.00 ms.
Mono: successfully reloaded assembly
- Completed reload, in  1.301 seconds
Platform modules already initialized, skipping
Shader 'Universal Render Pipeline/Particles/Lit': fallback shader 'Universal Render Pipeline/Particles/SimpleLit' not found
Shader 'MoreMountains/MMRipple': fallback shader 'Particle/AlphaBlended' not found
Refreshing native plugins compatible for Editor in 2.01 ms, found 2 plugins.
Preloading 0 native plugins for Editor in 0.00 ms.
Unloading 5496 Unused Serialized files (Serialized files now loaded: 0)
System memory in use before: 284.7 MB.
System memory in use after: 285.0 MB.

Unloading 22 unused Assets to reduce memory usage. Loaded Objects now: 6140.
Total: 3.364900 ms (FindLiveObjects: 0.416900 ms CreateObjectMapping: 0.142000 ms MarkObjects: 2.678700 ms  DeleteObjects: 0.126300 ms)

========================================================================
Received Prepare
Registering precompiled user dll's ...
Registered in 0.008049 seconds.
Begin MonoManager ReloadAssembly
Symbol file LoadedFromMemory doesn't match image C:\Users\Seb\Documents\GitHub\BasuKun\Projects\Dice RPG\Dice RPG\Library\PackageCache\com.unity.visualscripting@1.6.1\Editor\VisualScripting.Core\Dependencies\YamlDotNet\Unity.VisualScripting.YamlDotNet.dll
Symbol file LoadedFromMemory doesn't match image C:\Users\Seb\Documents\GitHub\BasuKun\Projects\Dice RPG\Dice RPG\Library\PackageCache\com.unity.visualscripting@1.6.1\Editor\VisualScripting.Core\Dependencies\DotNetZip\Unity.VisualScripting.IonicZip.dll
Native extension for WindowsStandalone target not found
Native extension for WebGL target not found
Refreshing native plugins compatible for Editor in 1.19 ms, found 2 plugins.
Preloading 0 native plugins for Editor in 0.00 ms.
Mono: successfully reloaded assembly
- Completed reload, in  1.290 seconds
Platform modules already initialized, skipping
Shader 'MoreMountains/MMRipple': fallback shader 'Particle/AlphaBlended' not found
Shader 'Universal Render Pipeline/Particles/Lit': fallback shader 'Universal Render Pipeline/Particles/SimpleLit' not found
Refreshing native plugins compatible for Editor in 1.19 ms, found 2 plugins.
Preloading 0 native plugins for Editor in 0.00 ms.
Unloading 5496 Unused Serialized files (Serialized files now loaded: 0)
System memory in use before: 284.8 MB.
System memory in use after: 285.1 MB.

Unloading 22 unused Assets to reduce memory usage. Loaded Objects now: 6144.
Total: 3.716500 ms (FindLiveObjects: 0.486000 ms CreateObjectMapping: 0.190600 ms MarkObjects: 2.885400 ms  DeleteObjects: 0.153300 ms)

========================================================================
Received Prepare
Registering precompiled user dll's ...
Registered in 0.005368 seconds.
Begin MonoManager ReloadAssembly
Symbol file LoadedFromMemory doesn't match image C:\Users\Seb\Documents\GitHub\BasuKun\Projects\Dice RPG\Dice RPG\Library\PackageCache\com.unity.visualscripting@1.6.1\Editor\VisualScripting.Core\Dependencies\YamlDotNet\Unity.VisualScripting.YamlDotNet.dll
Symbol file LoadedFromMemory doesn't match image C:\Users\Seb\Documents\GitHub\BasuKun\Projects\Dice RPG\Dice RPG\Library\PackageCache\com.unity.visualscripting@1.6.1\Editor\VisualScripting.Core\Dependencies\DotNetZip\Unity.VisualScripting.IonicZip.dll
Native extension for WindowsStandalone target not found
Native extension for WebGL target not found
Refreshing native plugins compatible for Editor in 1.35 ms, found 2 plugins.
Preloading 0 native plugins for Editor in 0.00 ms.
Mono: successfully reloaded assembly
- Completed reload, in  1.291 seconds
Platform modules already initialized, skipping
Shader 'MoreMountains/MMRipple': fallback shader 'Particle/AlphaBlended' not found
Shader 'Universal Render Pipeline/Particles/Lit': fallback shader 'Universal Render Pipeline/Particles/SimpleLit' not found
Refreshing native plugins compatible for Editor in 2.22 ms, found 2 plugins.
Preloading 0 native plugins for Editor in 0.00 ms.
Unloading 5496 Unused Serialized files (Serialized files now loaded: 0)
System memory in use before: 284.8 MB.
System memory in use after: 285.1 MB.

Unloading 22 unused Assets to reduce memory usage. Loaded Objects now: 6148.
Total: 3.734300 ms (FindLiveObjects: 0.462000 ms CreateObjectMapping: 0.165600 ms MarkObjects: 2.967500 ms  DeleteObjects: 0.138200 ms)

========================================================================
Received Prepare
Registering precompiled user dll's ...
Registered in 0.005426 seconds.
Begin MonoManager ReloadAssembly
Symbol file LoadedFromMemory doesn't match image C:\Users\Seb\Documents\GitHub\BasuKun\Projects\Dice RPG\Dice RPG\Library\PackageCache\com.unity.visualscripting@1.6.1\Editor\VisualScripting.Core\Dependencies\YamlDotNet\Unity.VisualScripting.YamlDotNet.dll
Symbol file LoadedFromMemory doesn't match image C:\Users\Seb\Documents\GitHub\BasuKun\Projects\Dice RPG\Dice RPG\Library\PackageCache\com.unity.visualscripting@1.6.1\Editor\VisualScripting.Core\Dependencies\DotNetZip\Unity.VisualScripting.IonicZip.dll
Native extension for WindowsStandalone target not found
Native extension for WebGL target not found
Refreshing native plugins compatible for Editor in 1.24 ms, found 2 plugins.
Preloading 0 native plugins for Editor in 0.00 ms.
Mono: successfully reloaded assembly
- Completed reload, in  1.288 seconds
Platform modules already initialized, skipping
Shader 'MoreMountains/MMRipple': fallback shader 'Particle/AlphaBlended' not found
Shader 'Universal Render Pipeline/Particles/Lit': fallback shader 'Universal Render Pipeline/Particles/SimpleLit' not found
Refreshing native plugins compatible for Editor in 1.37 ms, found 2 plugins.
Preloading 0 native plugins for Editor in 0.00 ms.
Unloading 5496 Unused Serialized files (Serialized files now loaded: 0)
System memory in use before: 284.8 MB.
System memory in use after: 285.1 MB.

Unloading 22 unused Assets to reduce memory usage. Loaded Objects now: 6152.
Total: 4.113100 ms (FindLiveObjects: 0.631600 ms CreateObjectMapping: 0.277100 ms MarkObjects: 3.064500 ms  DeleteObjects: 0.138800 ms)

========================================================================
Received Prepare
Registering precompiled user dll's ...
Registered in 0.005356 seconds.
Begin MonoManager ReloadAssembly
Symbol file LoadedFromMemory doesn't match image C:\Users\Seb\Documents\GitHub\BasuKun\Projects\Dice RPG\Dice RPG\Library\PackageCache\com.unity.visualscripting@1.6.1\Editor\VisualScripting.Core\Dependencies\YamlDotNet\Unity.VisualScripting.YamlDotNet.dll
Symbol file LoadedFromMemory doesn't match image C:\Users\Seb\Documents\GitHub\BasuKun\Projects\Dice RPG\Dice RPG\Library\PackageCache\com.unity.visualscripting@1.6.1\Editor\VisualScripting.Core\Dependencies\DotNetZip\Unity.VisualScripting.IonicZip.dll
Native extension for WindowsStandalone target not found
Native extension for WebGL target not found
Refreshing native plugins compatible for Editor in 1.20 ms, found 2 plugins.
Preloading 0 native plugins for Editor in 0.00 ms.
Mono: successfully reloaded assembly
- Completed reload, in  1.302 seconds
Platform modules already initialized, skipping
Shader 'MoreMountains/MMRipple': fallback shader 'Particle/AlphaBlended' not found
Shader 'Universal Render Pipeline/Particles/Lit': fallback shader 'Universal Render Pipeline/Particles/SimpleLit' not found
Refreshing native plugins compatible for Editor in 1.40 ms, found 2 plugins.
Preloading 0 native plugins for Editor in 0.00 ms.
Unloading 5496 Unused Serialized files (Serialized files now loaded: 0)
System memory in use before: 284.8 MB.
System memory in use after: 285.1 MB.

Unloading 22 unused Assets to reduce memory usage. Loaded Objects now: 6156.
Total: 4.271300 ms (FindLiveObjects: 0.529500 ms CreateObjectMapping: 0.154600 ms MarkObjects: 3.400500 ms  DeleteObjects: 0.185100 ms)

========================================================================
Received Prepare
Registering precompiled user dll's ...
Registered in 0.005417 seconds.
Begin MonoManager ReloadAssembly
Symbol file LoadedFromMemory doesn't match image C:\Users\Seb\Documents\GitHub\BasuKun\Projects\Dice RPG\Dice RPG\Library\PackageCache\com.unity.visualscripting@1.6.1\Editor\VisualScripting.Core\Dependencies\YamlDotNet\Unity.VisualScripting.YamlDotNet.dll
Symbol file LoadedFromMemory doesn't match image C:\Users\Seb\Documents\GitHub\BasuKun\Projects\Dice RPG\Dice RPG\Library\PackageCache\com.unity.visualscripting@1.6.1\Editor\VisualScripting.Core\Dependencies\DotNetZip\Unity.VisualScripting.IonicZip.dll
Native extension for WindowsStandalone target not found
Native extension for WebGL target not found
Refreshing native plugins compatible for Editor in 1.25 ms, found 2 plugins.
Preloading 0 native plugins for Editor in 0.00 ms.
Mono: successfully reloaded assembly
- Completed reload, in  1.336 seconds
Platform modules already initialized, skipping
Shader 'MoreMountains/MMRipple': fallback shader 'Particle/AlphaBlended' not found
Shader 'Universal Render Pipeline/Particles/Lit': fallback shader 'Universal Render Pipeline/Particles/SimpleLit' not found
Refreshing native plugins compatible for Editor in 1.86 ms, found 2 plugins.
Preloading 0 native plugins for Editor in 0.00 ms.
Unloading 5496 Unused Serialized files (Serialized files now loaded: 0)
System memory in use before: 284.8 MB.
System memory in use after: 285.1 MB.

Unloading 22 unused Assets to reduce memory usage. Loaded Objects now: 6160.
Total: 3.827000 ms (FindLiveObjects: 0.515400 ms CreateObjectMapping: 0.191300 ms MarkObjects: 2.962300 ms  DeleteObjects: 0.156700 ms)

========================================================================
Received Prepare
Registering precompiled user dll's ...
Registered in 0.005534 seconds.
Begin MonoManager ReloadAssembly
Symbol file LoadedFromMemory doesn't match image C:\Users\Seb\Documents\GitHub\BasuKun\Projects\Dice RPG\Dice RPG\Library\PackageCache\com.unity.visualscripting@1.6.1\Editor\VisualScripting.Core\Dependencies\YamlDotNet\Unity.VisualScripting.YamlDotNet.dll
Symbol file LoadedFromMemory doesn't match image C:\Users\Seb\Documents\GitHub\BasuKun\Projects\Dice RPG\Dice RPG\Library\PackageCache\com.unity.visualscripting@1.6.1\Editor\VisualScripting.Core\Dependencies\DotNetZip\Unity.VisualScripting.IonicZip.dll
Native extension for WindowsStandalone target not found
Native extension for WebGL target not found
Refreshing native plugins compatible for Editor in 1.19 ms, found 2 plugins.
Preloading 0 native plugins for Editor in 0.00 ms.
Mono: successfully reloaded assembly
- Completed reload, in  1.306 seconds
Platform modules already initialized, skipping
Shader 'MoreMountains/MMRipple': fallback shader 'Particle/AlphaBlended' not found
Shader 'Universal Render Pipeline/Particles/Lit': fallback shader 'Universal Render Pipeline/Particles/SimpleLit' not found
Refreshing native plugins compatible for Editor in 1.79 ms, found 2 plugins.
Preloading 0 native plugins for Editor in 0.00 ms.
Unloading 5496 Unused Serialized files (Serialized files now loaded: 0)
System memory in use before: 284.8 MB.
System memory in use after: 285.1 MB.

Unloading 22 unused Assets to reduce memory usage. Loaded Objects now: 6164.
Total: 3.748600 ms (FindLiveObjects: 0.467700 ms CreateObjectMapping: 0.151500 ms MarkObjects: 2.983300 ms  DeleteObjects: 0.144600 ms)

========================================================================
Received Prepare
Registering precompiled user dll's ...
Registered in 0.005557 seconds.
Begin MonoManager ReloadAssembly
Symbol file LoadedFromMemory doesn't match image C:\Users\Seb\Documents\GitHub\BasuKun\Projects\Dice RPG\Dice RPG\Library\PackageCache\com.unity.visualscripting@1.6.1\Editor\VisualScripting.Core\Dependencies\YamlDotNet\Unity.VisualScripting.YamlDotNet.dll
Symbol file LoadedFromMemory doesn't match image C:\Users\Seb\Documents\GitHub\BasuKun\Projects\Dice RPG\Dice RPG\Library\PackageCache\com.unity.visualscripting@1.6.1\Editor\VisualScripting.Core\Dependencies\DotNetZip\Unity.VisualScripting.IonicZip.dll
Native extension for WindowsStandalone target not found
Native extension for WebGL target not found
Refreshing native plugins compatible for Editor in 1.21 ms, found 2 plugins.
Preloading 0 native plugins for Editor in 0.00 ms.
Mono: successfully reloaded assembly
- Completed reload, in  1.297 seconds
Platform modules already initialized, skipping
Shader 'MoreMountains/MMRipple': fallback shader 'Particle/AlphaBlended' not found
Shader 'Universal Render Pipeline/Particles/Lit': fallback shader 'Universal Render Pipeline/Particles/SimpleLit' not found
Refreshing native plugins compatible for Editor in 1.29 ms, found 2 plugins.
Preloading 0 native plugins for Editor in 0.00 ms.
Unloading 5496 Unused Serialized files (Serialized files now loaded: 0)
System memory in use before: 284.8 MB.
System memory in use after: 285.1 MB.

Unloading 22 unused Assets to reduce memory usage. Loaded Objects now: 6168.
Total: 4.099700 ms (FindLiveObjects: 0.441800 ms CreateObjectMapping: 0.202200 ms MarkObjects: 3.309300 ms  DeleteObjects: 0.144800 ms)

========================================================================
Received Prepare
Registering precompiled user dll's ...
Registered in 0.005448 seconds.
Begin MonoManager ReloadAssembly
Symbol file LoadedFromMemory doesn't match image C:\Users\Seb\Documents\GitHub\BasuKun\Projects\Dice RPG\Dice RPG\Library\PackageCache\com.unity.visualscripting@1.6.1\Editor\VisualScripting.Core\Dependencies\YamlDotNet\Unity.VisualScripting.YamlDotNet.dll
Symbol file LoadedFromMemory doesn't match image C:\Users\Seb\Documents\GitHub\BasuKun\Projects\Dice RPG\Dice RPG\Library\PackageCache\com.unity.visualscripting@1.6.1\Editor\VisualScripting.Core\Dependencies\DotNetZip\Unity.VisualScripting.IonicZip.dll
Native extension for WindowsStandalone target not found
Native extension for WebGL target not found
Refreshing native plugins compatible for Editor in 1.82 ms, found 2 plugins.
Preloading 0 native plugins for Editor in 0.00 ms.
Mono: successfully reloaded assembly
- Completed reload, in  1.293 seconds
Platform modules already initialized, skipping
Shader 'MoreMountains/MMRipple': fallback shader 'Particle/AlphaBlended' not found
Shader 'Universal Render Pipeline/Particles/Lit': fallback shader 'Universal Render Pipeline/Particles/SimpleLit' not found
Refreshing native plugins compatible for Editor in 1.30 ms, found 2 plugins.
Preloading 0 native plugins for Editor in 0.00 ms.
Unloading 5496 Unused Serialized files (Serialized files now loaded: 0)
System memory in use before: 284.8 MB.
System memory in use after: 285.2 MB.

Unloading 22 unused Assets to reduce memory usage. Loaded Objects now: 6172.
Total: 3.837900 ms (FindLiveObjects: 0.465900 ms CreateObjectMapping: 0.156500 ms MarkObjects: 3.070300 ms  DeleteObjects: 0.143600 ms)

========================================================================
Received Import Request.
  Time since last request: 912.511418 seconds.
  path: Assets/Resources/Skills/Warrior/Counter.asset
  artifactKey: Guid(48273483e1c027e4fba8cdf1e701db13) Importer(815301076,1909f56bfc062723c751e8b465ee728b)
Start importing Assets/Resources/Skills/Warrior/Counter.asset using Guid(48273483e1c027e4fba8cdf1e701db13) Importer(815301076,1909f56bfc062723c751e8b465ee728b)  -> (artifact id: '26dd32e10a049899d5141a93ee73943a') in 0.042574 seconds 
========================================================================
Received Import Request.
  Time since last request: 14.319696 seconds.
  path: Assets/Resources/Skills/Warrior/Counter.asset
  artifactKey: Guid(48273483e1c027e4fba8cdf1e701db13) Importer(815301076,1909f56bfc062723c751e8b465ee728b)
Start importing Assets/Resources/Skills/Warrior/Counter.asset using Guid(48273483e1c027e4fba8cdf1e701db13) Importer(815301076,1909f56bfc062723c751e8b465ee728b)  -> (artifact id: '4ef0704eab3e4cc3545ba91afe54a5e9') in 0.005789 seconds 
========================================================================
Received Import Request.
  Time since last request: 10.132902 seconds.
  path: Assets/Resources/Skills/Warrior/Counter.asset
  artifactKey: Guid(48273483e1c027e4fba8cdf1e701db13) Importer(815301076,1909f56bfc062723c751e8b465ee728b)
Start importing Assets/Resources/Skills/Warrior/Counter.asset using Guid(48273483e1c027e4fba8cdf1e701db13) Importer(815301076,1909f56bfc062723c751e8b465ee728b)  -> (artifact id: 'cb2a57c11af847795a2a5d4b6808dad4') in 0.007009 seconds 
========================================================================
Received Import Request.
  Time since last request: 6.806850 seconds.
  path: Assets/Art/Classes/Warrior/Counter/Warrior_Counter_1.png
  artifactKey: Guid(ab8d2ba9a651faa43960f8f6b4d35dfb) Importer(815301076,1909f56bfc062723c751e8b465ee728b)
Start importing Assets/Art/Classes/Warrior/Counter/Warrior_Counter_1.png using Guid(ab8d2ba9a651faa43960f8f6b4d35dfb) Importer(815301076,1909f56bfc062723c751e8b465ee728b)  -> (artifact id: '0a815bd27fcee33efa8f188c349f6925') in 0.125756 seconds 
========================================================================
Received Import Request.
  Time since last request: 19.996901 seconds.
  path: Assets/Art/Classes/Warrior/Counter/Warrior_Counter_2.png
  artifactKey: Guid(9cb64b2d6daa22543b29c2e80ce24318) Importer(815301076,1909f56bfc062723c751e8b465ee728b)
Start importing Assets/Art/Classes/Warrior/Counter/Warrior_Counter_2.png using Guid(9cb64b2d6daa22543b29c2e80ce24318) Importer(815301076,1909f56bfc062723c751e8b465ee728b)  -> (artifact id: '2de600c8160b4a3d4103183026ce16ce') in 0.018100 seconds 
========================================================================
Received Import Request.
  Time since last request: 0.000218 seconds.
  path: Assets/Resources/Skills/Warrior/Counter.asset
  artifactKey: Guid(48273483e1c027e4fba8cdf1e701db13) Importer(815301076,1909f56bfc062723c751e8b465ee728b)
Start importing Assets/Resources/Skills/Warrior/Counter.asset using Guid(48273483e1c027e4fba8cdf1e701db13) Importer(815301076,1909f56bfc062723c751e8b465ee728b)  -> (artifact id: '6fe3c05ba84c245b2b1f97c8829fed75') in 0.006924 seconds 
========================================================================
Received Import Request.
  Time since last request: 0.000226 seconds.
  path: Assets/Art/Classes/Warrior/Counter/Warrior_Counter_4.png
  artifactKey: Guid(6cd1debbc4f825c44a3f57b6145b4f5e) Importer(815301076,1909f56bfc062723c751e8b465ee728b)
Start importing Assets/Art/Classes/Warrior/Counter/Warrior_Counter_4.png using Guid(6cd1debbc4f825c44a3f57b6145b4f5e) Importer(815301076,1909f56bfc062723c751e8b465ee728b)  -> (artifact id: '7241ac51a92690d1b387f668defb7020') in 0.017690 seconds 
========================================================================
Received Import Request.
  Time since last request: 0.000215 seconds.
  path: Assets/Art/Classes/Warrior/Counter/Warrior_Counter_5.png
  artifactKey: Guid(54c507d1854a09e48afa40720bc19f20) Importer(815301076,1909f56bfc062723c751e8b465ee728b)
Start importing Assets/Art/Classes/Warrior/Counter/Warrior_Counter_5.png using Guid(54c507d1854a09e48afa40720bc19f20) Importer(815301076,1909f56bfc062723c751e8b465ee728b)  -> (artifact id: '43865387ba7f47a9969ea5803bc5f0c8') in 0.018935 seconds 
========================================================================
Received Import Request.
  Time since last request: 0.000213 seconds.
  path: Assets/Art/Classes/Warrior/Counter/Warrior_Counter_6.png
  artifactKey: Guid(6327df7ed0c5b914d8a9373897a43698) Importer(815301076,1909f56bfc062723c751e8b465ee728b)
Start importing Assets/Art/Classes/Warrior/Counter/Warrior_Counter_6.png using Guid(6327df7ed0c5b914d8a9373897a43698) Importer(815301076,1909f56bfc062723c751e8b465ee728b)  -> (artifact id: '425664093ac32cb8486b363a18b58aa5') in 0.019255 seconds 
========================================================================
Received Import Request.
  Time since last request: 0.000210 seconds.
  path: Assets/Art/Classes/Warrior/Counter/Warrior_Counter_3.png
  artifactKey: Guid(6750451f7d6a4c5449880662db1a6c7f) Importer(815301076,1909f56bfc062723c751e8b465ee728b)
Start importing Assets/Art/Classes/Warrior/Counter/Warrior_Counter_3.png using Guid(6750451f7d6a4c5449880662db1a6c7f) Importer(815301076,1909f56bfc062723c751e8b465ee728b)  -> (artifact id: '5099bb2f2c6d8e0643026a7c3a839f90') in 0.020500 seconds 
========================================================================
Received Import Request.
  Time since last request: 9.664174 seconds.
  path: Assets/Resources/Skills/Warrior/Counter.asset
  artifactKey: Guid(48273483e1c027e4fba8cdf1e701db13) Importer(815301076,1909f56bfc062723c751e8b465ee728b)
Start importing Assets/Resources/Skills/Warrior/Counter.asset using Guid(48273483e1c027e4fba8cdf1e701db13) Importer(815301076,1909f56bfc062723c751e8b465ee728b)  -> (artifact id: 'd0e17ad6acb5f316cf271f3d30c45e0e') in 0.006303 seconds 
========================================================================
Received Prepare
Registering precompiled user dll's ...
Registered in 0.005809 seconds.
Begin MonoManager ReloadAssembly
Symbol file LoadedFromMemory doesn't match image C:\Users\Seb\Documents\GitHub\BasuKun\Projects\Dice RPG\Dice RPG\Library\PackageCache\com.unity.visualscripting@1.6.1\Editor\VisualScripting.Core\Dependencies\YamlDotNet\Unity.VisualScripting.YamlDotNet.dll
Symbol file LoadedFromMemory doesn't match image C:\Users\Seb\Documents\GitHub\BasuKun\Projects\Dice RPG\Dice RPG\Library\PackageCache\com.unity.visualscripting@1.6.1\Editor\VisualScripting.Core\Dependencies\DotNetZip\Unity.VisualScripting.IonicZip.dll
Native extension for WindowsStandalone target not found
Native extension for WebGL target not found
Refreshing native plugins compatible for Editor in 1.25 ms, found 2 plugins.
Preloading 0 native plugins for Editor in 0.00 ms.
Mono: successfully reloaded assembly
- Completed reload, in  1.309 seconds
Platform modules already initialized, skipping
Shader 'MoreMountains/MMRipple': fallback shader 'Particle/AlphaBlended' not found
Shader 'Universal Render Pipeline/Particles/Lit': fallback shader 'Universal Render Pipeline/Particles/SimpleLit' not found
Refreshing native plugins compatible for Editor in 1.39 ms, found 2 plugins.
Preloading 0 native plugins for Editor in 0.00 ms.
Unloading 5502 Unused Serialized files (Serialized files now loaded: 0)
System memory in use before: 291.5 MB.
System memory in use after: 291.9 MB.

Unloading 22 unused Assets to reduce memory usage. Loaded Objects now: 6272.
Total: 3.614400 ms (FindLiveObjects: 0.488200 ms CreateObjectMapping: 0.162000 ms MarkObjects: 2.821800 ms  DeleteObjects: 0.141400 ms)

========================================================================
Received Prepare
Registering precompiled user dll's ...
Registered in 0.006207 seconds.
Begin MonoManager ReloadAssembly
Symbol file LoadedFromMemory doesn't match image C:\Users\Seb\Documents\GitHub\BasuKun\Projects\Dice RPG\Dice RPG\Library\PackageCache\com.unity.visualscripting@1.6.1\Editor\VisualScripting.Core\Dependencies\YamlDotNet\Unity.VisualScripting.YamlDotNet.dll
Symbol file LoadedFromMemory doesn't match image C:\Users\Seb\Documents\GitHub\BasuKun\Projects\Dice RPG\Dice RPG\Library\PackageCache\com.unity.visualscripting@1.6.1\Editor\VisualScripting.Core\Dependencies\DotNetZip\Unity.VisualScripting.IonicZip.dll
Native extension for WindowsStandalone target not found
Native extension for WebGL target not found
Refreshing native plugins compatible for Editor in 1.21 ms, found 2 plugins.
Preloading 0 native plugins for Editor in 0.00 ms.
Mono: successfully reloaded assembly
- Completed reload, in  1.304 seconds
Platform modules already initialized, skipping
Shader 'MoreMountains/MMRipple': fallback shader 'Particle/AlphaBlended' not found
Shader 'Universal Render Pipeline/Particles/Lit': fallback shader 'Universal Render Pipeline/Particles/SimpleLit' not found
Refreshing native plugins compatible for Editor in 1.25 ms, found 2 plugins.
Preloading 0 native plugins for Editor in 0.00 ms.
Unloading 5496 Unused Serialized files (Serialized files now loaded: 0)
System memory in use before: 291.3 MB.
System memory in use after: 291.6 MB.

Unloading 22 unused Assets to reduce memory usage. Loaded Objects now: 6276.
Total: 3.973200 ms (FindLiveObjects: 0.484100 ms CreateObjectMapping: 0.187500 ms MarkObjects: 3.169400 ms  DeleteObjects: 0.130900 ms)

========================================================================
Received Prepare
Registering precompiled user dll's ...
Registered in 0.005465 seconds.
Begin MonoManager ReloadAssembly
Symbol file LoadedFromMemory doesn't match image C:\Users\Seb\Documents\GitHub\BasuKun\Projects\Dice RPG\Dice RPG\Library\PackageCache\com.unity.visualscripting@1.6.1\Editor\VisualScripting.Core\Dependencies\YamlDotNet\Unity.VisualScripting.YamlDotNet.dll
Symbol file LoadedFromMemory doesn't match image C:\Users\Seb\Documents\GitHub\BasuKun\Projects\Dice RPG\Dice RPG\Library\PackageCache\com.unity.visualscripting@1.6.1\Editor\VisualScripting.Core\Dependencies\DotNetZip\Unity.VisualScripting.IonicZip.dll
Native extension for WindowsStandalone target not found
Native extension for WebGL target not found
Refreshing native plugins compatible for Editor in 1.25 ms, found 2 plugins.
Preloading 0 native plugins for Editor in 0.00 ms.
Mono: successfully reloaded assembly
- Completed reload, in  1.311 seconds
Platform modules already initialized, skipping
Shader 'MoreMountains/MMRipple': fallback shader 'Particle/AlphaBlended' not found
Shader 'Universal Render Pipeline/Particles/Lit': fallback shader 'Universal Render Pipeline/Particles/SimpleLit' not found
Refreshing native plugins compatible for Editor in 1.25 ms, found 2 plugins.
Preloading 0 native plugins for Editor in 0.00 ms.
Unloading 5496 Unused Serialized files (Serialized files now loaded: 0)
System memory in use before: 291.3 MB.
System memory in use after: 291.6 MB.

Unloading 22 unused Assets to reduce memory usage. Loaded Objects now: 6280.
Total: 3.725400 ms (FindLiveObjects: 0.472900 ms CreateObjectMapping: 0.147700 ms MarkObjects: 2.966000 ms  DeleteObjects: 0.137500 ms)

========================================================================
Received Prepare
Registering precompiled user dll's ...
Registered in 0.005528 seconds.
Begin MonoManager ReloadAssembly
Symbol file LoadedFromMemory doesn't match image C:\Users\Seb\Documents\GitHub\BasuKun\Projects\Dice RPG\Dice RPG\Library\PackageCache\com.unity.visualscripting@1.6.1\Editor\VisualScripting.Core\Dependencies\YamlDotNet\Unity.VisualScripting.YamlDotNet.dll
Symbol file LoadedFromMemory doesn't match image C:\Users\Seb\Documents\GitHub\BasuKun\Projects\Dice RPG\Dice RPG\Library\PackageCache\com.unity.visualscripting@1.6.1\Editor\VisualScripting.Core\Dependencies\DotNetZip\Unity.VisualScripting.IonicZip.dll
Native extension for WindowsStandalone target not found
Native extension for WebGL target not found
Refreshing native plugins compatible for Editor in 1.20 ms, found 2 plugins.
Preloading 0 native plugins for Editor in 0.00 ms.
Mono: successfully reloaded assembly
- Completed reload, in  1.329 seconds
Platform modules already initialized, skipping
Shader 'MoreMountains/MMRipple': fallback shader 'Particle/AlphaBlended' not found
Shader 'Universal Render Pipeline/Particles/Lit': fallback shader 'Universal Render Pipeline/Particles/SimpleLit' not found
Refreshing native plugins compatible for Editor in 1.24 ms, found 2 plugins.
Preloading 0 native plugins for Editor in 0.00 ms.
Unloading 5496 Unused Serialized files (Serialized files now loaded: 0)
System memory in use before: 291.3 MB.
System memory in use after: 291.6 MB.

Unloading 22 unused Assets to reduce memory usage. Loaded Objects now: 6284.
Total: 4.009100 ms (FindLiveObjects: 0.455000 ms CreateObjectMapping: 0.184100 ms MarkObjects: 3.214600 ms  DeleteObjects: 0.153800 ms)

========================================================================
Received Import Request.
  Time since last request: 1047.886512 seconds.
  path: Assets/Data/Skills/Warrior/Counter.asset
  artifactKey: Guid(48273483e1c027e4fba8cdf1e701db13) Importer(815301076,1909f56bfc062723c751e8b465ee728b)
Start importing Assets/Data/Skills/Warrior/Counter.asset using Guid(48273483e1c027e4fba8cdf1e701db13) Importer(815301076,1909f56bfc062723c751e8b465ee728b)  -> (artifact id: '200727a5b4a26154a5d08a0fe103bfdf') in 0.032096 seconds 
========================================================================
Received Import Request.
  Time since last request: 17.150766 seconds.
  path: Assets/Data/Skills/Warrior/Counter.asset
  artifactKey: Guid(48273483e1c027e4fba8cdf1e701db13) Importer(815301076,1909f56bfc062723c751e8b465ee728b)
Start importing Assets/Data/Skills/Warrior/Counter.asset using Guid(48273483e1c027e4fba8cdf1e701db13) Importer(815301076,1909f56bfc062723c751e8b465ee728b)  -> (artifact id: '225fcdc6b7fde9eeedb2560285ef057d') in 0.006706 seconds 
========================================================================
Received Import Request.
  Time since last request: 4.589653 seconds.
  path: Assets/Animations/Warrior/Counter.anim
  artifactKey: Guid(e97f357e77002f24380f54d05bc9930a) Importer(815301076,1909f56bfc062723c751e8b465ee728b)
Start importing Assets/Animations/Warrior/Counter.anim using Guid(e97f357e77002f24380f54d05bc9930a) Importer(815301076,1909f56bfc062723c751e8b465ee728b)  -> (artifact id: 'f12b3edea6506eb57a9298f312ddef70') in 0.007908 seconds 
========================================================================
Received Prepare
Registering precompiled user dll's ...
Registered in 0.005523 seconds.
Begin MonoManager ReloadAssembly
Symbol file LoadedFromMemory doesn't match image C:\Users\Seb\Documents\GitHub\BasuKun\Projects\Dice RPG\Dice RPG\Library\PackageCache\com.unity.visualscripting@1.6.1\Editor\VisualScripting.Core\Dependencies\YamlDotNet\Unity.VisualScripting.YamlDotNet.dll
Symbol file LoadedFromMemory doesn't match image C:\Users\Seb\Documents\GitHub\BasuKun\Projects\Dice RPG\Dice RPG\Library\PackageCache\com.unity.visualscripting@1.6.1\Editor\VisualScripting.Core\Dependencies\DotNetZip\Unity.VisualScripting.IonicZip.dll
Native extension for WindowsStandalone target not found
Native extension for WebGL target not found
Refreshing native plugins compatible for Editor in 1.21 ms, found 2 plugins.
Preloading 0 native plugins for Editor in 0.00 ms.
Mono: successfully reloaded assembly
- Completed reload, in  1.300 seconds
Platform modules already initialized, skipping
Shader 'MoreMountains/MMRipple': fallback shader 'Particle/AlphaBlended' not found
Shader 'Universal Render Pipeline/Particles/Lit': fallback shader 'Universal Render Pipeline/Particles/SimpleLit' not found
Refreshing native plugins compatible for Editor in 1.22 ms, found 2 plugins.
Preloading 0 native plugins for Editor in 0.00 ms.
Unloading 5496 Unused Serialized files (Serialized files now loaded: 0)
System memory in use before: 291.3 MB.
System memory in use after: 291.6 MB.

Unloading 22 unused Assets to reduce memory usage. Loaded Objects now: 6288.
Total: 3.631000 ms (FindLiveObjects: 0.422900 ms CreateObjectMapping: 0.138400 ms MarkObjects: 2.933100 ms  DeleteObjects: 0.135500 ms)

========================================================================
Received Prepare
Registering precompiled user dll's ...
Registered in 0.005487 seconds.
Begin MonoManager ReloadAssembly
Symbol file LoadedFromMemory doesn't match image C:\Users\Seb\Documents\GitHub\BasuKun\Projects\Dice RPG\Dice RPG\Library\PackageCache\com.unity.visualscripting@1.6.1\Editor\VisualScripting.Core\Dependencies\YamlDotNet\Unity.VisualScripting.YamlDotNet.dll
Symbol file LoadedFromMemory doesn't match image C:\Users\Seb\Documents\GitHub\BasuKun\Projects\Dice RPG\Dice RPG\Library\PackageCache\com.unity.visualscripting@1.6.1\Editor\VisualScripting.Core\Dependencies\DotNetZip\Unity.VisualScripting.IonicZip.dll
Native extension for WindowsStandalone target not found
Native extension for WebGL target not found
Refreshing native plugins compatible for Editor in 1.77 ms, found 2 plugins.
Preloading 0 native plugins for Editor in 0.00 ms.
Mono: successfully reloaded assembly
- Completed reload, in  1.296 seconds
Platform modules already initialized, skipping
Shader 'MoreMountains/MMRipple': fallback shader 'Particle/AlphaBlended' not found
Shader 'Universal Render Pipeline/Particles/Lit': fallback shader 'Universal Render Pipeline/Particles/SimpleLit' not found
Refreshing native plugins compatible for Editor in 1.28 ms, found 2 plugins.
Preloading 0 native plugins for Editor in 0.00 ms.
Unloading 5496 Unused Serialized files (Serialized files now loaded: 0)
System memory in use before: 291.3 MB.
System memory in use after: 291.7 MB.

Unloading 22 unused Assets to reduce memory usage. Loaded Objects now: 6292.
Total: 3.315700 ms (FindLiveObjects: 0.475100 ms CreateObjectMapping: 0.188100 ms MarkObjects: 2.522900 ms  DeleteObjects: 0.128600 ms)

========================================================================
Received Prepare
Registering precompiled user dll's ...
Registered in 0.005372 seconds.
Begin MonoManager ReloadAssembly
Symbol file LoadedFromMemory doesn't match image C:\Users\Seb\Documents\GitHub\BasuKun\Projects\Dice RPG\Dice RPG\Library\PackageCache\com.unity.visualscripting@1.6.1\Editor\VisualScripting.Core\Dependencies\YamlDotNet\Unity.VisualScripting.YamlDotNet.dll
Symbol file LoadedFromMemory doesn't match image C:\Users\Seb\Documents\GitHub\BasuKun\Projects\Dice RPG\Dice RPG\Library\PackageCache\com.unity.visualscripting@1.6.1\Editor\VisualScripting.Core\Dependencies\DotNetZip\Unity.VisualScripting.IonicZip.dll
Native extension for WindowsStandalone target not found
Native extension for WebGL target not found
Refreshing native plugins compatible for Editor in 1.24 ms, found 2 plugins.
Preloading 0 native plugins for Editor in 0.00 ms.
Mono: successfully reloaded assembly
- Completed reload, in  1.323 seconds
Platform modules already initialized, skipping
Shader 'MoreMountains/MMRipple': fallback shader 'Particle/AlphaBlended' not found
Shader 'Universal Render Pipeline/Particles/Lit': fallback shader 'Universal Render Pipeline/Particles/SimpleLit' not found
Refreshing native plugins compatible for Editor in 1.89 ms, found 2 plugins.
Preloading 0 native plugins for Editor in 0.00 ms.
Unloading 5496 Unused Serialized files (Serialized files now loaded: 0)
System memory in use before: 291.3 MB.
System memory in use after: 291.7 MB.

Unloading 22 unused Assets to reduce memory usage. Loaded Objects now: 6296.
Total: 4.001900 ms (FindLiveObjects: 0.522500 ms CreateObjectMapping: 0.188900 ms MarkObjects: 3.120600 ms  DeleteObjects: 0.168700 ms)

========================================================================
Received Import Request.
  Time since last request: 640.843316 seconds.
  path: Assets/Data/Skills/SkillsDictionaries.asset
  artifactKey: Guid(77334615a31a49f45a593a1291c12cb7) Importer(815301076,1909f56bfc062723c751e8b465ee728b)
Start importing Assets/Data/Skills/SkillsDictionaries.asset using Guid(77334615a31a49f45a593a1291c12cb7) Importer(815301076,1909f56bfc062723c751e8b465ee728b)  -> (artifact id: 'a59219253d1bba41f4b25b6b77eaa72b') in 0.064676 seconds 
AssetImportWorkerClient::OnTransportError - code=2 error=End of file
