Using pre-set license
Built from '2021.1/staging' branch; Version is '2021.1.7f1 (d91830b65d9b) revision 14227504'; Using compiler version '192528614'; Build Type 'Release'
OS: 'Windows 10 Pro; OS build 19045.4291; Version 2009; 64bit' Language: 'fr' Physical Memory: 32716 MB
BatchMode: 1, IsHumanControllingUs: 0, StartBugReporterOnCrash: 0, Is64bit: 1, IsPro: 0

 COMMAND LINE ARGUMENTS:
D:\Outerminds\Unity Editors\2021.1.7f1\Editor\Unity.exe
-adb2
-batchMode
-noUpm
-name
AssetImportWorker0
-projectPath
D:/_GITHUB/Root/Projects/Personal Projects/In Progress/Dice RPG/Dice RPG
-logFile
Logs/AssetImportWorker0.log
-srvPort
65109
Successfully changed project path to: D:/_GITHUB/Root/Projects/Personal Projects/In Progress/Dice RPG/Dice RPG
D:/_GITHUB/Root/Projects/Personal Projects/In Progress/Dice RPG/Dice RPG
Using Asset Import Pipeline V2.
Refreshing native plugins compatible for Editor in 178.87 ms, found 2 plugins.
Preloading 0 native plugins for Editor in 0.00 ms.
Initialize engine version: 2021.1.7f1 (d91830b65d9b)
[Subsystems] Discovering subsystems at path D:/Outerminds/Unity Editors/2021.1.7f1/Editor/Data/Resources/UnitySubsystems
[Subsystems] Discovering subsystems at path D:/_GITHUB/Root/Projects/Personal Projects/In Progress/Dice RPG/Dice RPG/Assets
GfxDevice: creating device client; threaded=0; jobified=0
Direct3D:
    Version:  Direct3D 11.0 [level 11.1]
    Renderer: NVIDIA GeForce RTX 3060 Ti (ID=0x2486)
    Vendor:   NVIDIA
    VRAM:     8038 MB
    Driver:   31.0.15.3623
Shader 'MoreMountains/MMRipple': fallback shader 'Particle/AlphaBlended' not found
Shader 'Universal Render Pipeline/Particles/Lit': fallback shader 'Universal Render Pipeline/Particles/SimpleLit' not found
Initialize mono
Mono path[0] = 'D:/Outerminds/Unity Editors/2021.1.7f1/Editor/Data/Managed'
Mono path[1] = 'D:/Outerminds/Unity Editors/2021.1.7f1/Editor/Data/MonoBleedingEdge/lib/mono/unityjit'
Mono config path = 'D:/Outerminds/Unity Editors/2021.1.7f1/Editor/Data/MonoBleedingEdge/etc'
Using monoOptions --debugger-agent=transport=dt_socket,embedding=1,server=y,suspend=n,address=127.0.0.1:56908
Begin MonoManager ReloadAssembly
Registering precompiled unity dll's ...
Register platform support module: D:/Outerminds/Unity Editors/2021.1.7f1/Editor/Data/PlaybackEngines/WebGLSupport/UnityEditor.WebGL.Extensions.dll
Register platform support module: D:/Outerminds/Unity Editors/2021.1.7f1/Editor/Data/PlaybackEngines/WindowsStandaloneSupport/UnityEditor.WindowsStandalone.Extensions.dll
Registered in 0.001733 seconds.
Native extension for WindowsStandalone target not found
Native extension for WebGL target not found
Refreshing native plugins compatible for Editor in 186.44 ms, found 2 plugins.
Preloading 0 native plugins for Editor in 0.00 ms.
Mono: successfully reloaded assembly
- Completed reload, in  2.392 seconds
Platform modules already initialized, skipping
Registering precompiled user dll's ...
Registered in 0.004970 seconds.
Begin MonoManager ReloadAssembly
Symbol file LoadedFromMemory doesn't match image D:\_GITHUB\Root\Projects\Personal Projects\In Progress\Dice RPG\Dice RPG\Library\PackageCache\com.unity.visualscripting@1.6.1\Editor\VisualScripting.Core\Dependencies\YamlDotNet\Unity.VisualScripting.YamlDotNet.dll
Symbol file LoadedFromMemory doesn't match image D:\_GITHUB\Root\Projects\Personal Projects\In Progress\Dice RPG\Dice RPG\Library\PackageCache\com.unity.visualscripting@1.6.1\Editor\VisualScripting.Core\Dependencies\DotNetZip\Unity.VisualScripting.IonicZip.dll
Native extension for WindowsStandalone target not found
Native extension for WebGL target not found
Refreshing native plugins compatible for Editor in 200.57 ms, found 2 plugins.
Preloading 0 native plugins for Editor in 0.00 ms.
Mono: successfully reloaded assembly
- Completed reload, in  1.650 seconds
Platform modules already initialized, skipping
========================================================================
Worker process is ready to serve import requests
Shader 'Universal Render Pipeline/Particles/Lit': fallback shader 'Universal Render Pipeline/Particles/SimpleLit' not found
Shader 'MoreMountains/MMRipple': fallback shader 'Particle/AlphaBlended' not found
Launched and connected shader compiler UnityShaderCompiler.exe after 0.08 seconds
Refreshing native plugins compatible for Editor in 1.31 ms, found 2 plugins.
Preloading 0 native plugins for Editor in 0.00 ms.
Unloading 5667 Unused Serialized files (Serialized files now loaded: 0)
System memory in use before: 297.3 MB.
System memory in use after: 297.7 MB.

Unloading 33 unused Assets to reduce memory usage. Loaded Objects now: 6122.
Total: 5.219500 ms (FindLiveObjects: 0.468400 ms CreateObjectMapping: 0.164900 ms MarkObjects: 4.358400 ms  DeleteObjects: 0.226400 ms)

========================================================================
Received Import Request.
  path: Assets/Art/Dice/Dice_Warrior_Counter.png
  artifactKey: Guid(4c1ba340b1d7b934286ebc971c9ddb94) Importer(815301076,1909f56bfc062723c751e8b465ee728b)
Start importing Assets/Art/Dice/Dice_Warrior_Counter.png using Guid(4c1ba340b1d7b934286ebc971c9ddb94) Importer(815301076,1909f56bfc062723c751e8b465ee728b)  -> (artifact id: 'afd810cd86165bad97147c88face7034') in 0.172982 seconds 
========================================================================
Received Import Request.
  Time since last request: 0.000212 seconds.
  path: Assets/Art/Dice/Dice_Gunslinger_DistancedAdvantage.png
  artifactKey: Guid(533a026ba530db34d927c6b9c2afdb4c) Importer(815301076,1909f56bfc062723c751e8b465ee728b)
Start importing Assets/Art/Dice/Dice_Gunslinger_DistancedAdvantage.png using Guid(533a026ba530db34d927c6b9c2afdb4c) Importer(815301076,1909f56bfc062723c751e8b465ee728b)  -> (artifact id: '6db4ca6b46c29cdce2baf67f2d456224') in 0.023463 seconds 
========================================================================
Received Import Request.
  Time since last request: 0.000234 seconds.
  path: Assets/Art/Dice/Dice_Ronin_Pickpocket.png
  artifactKey: Guid(cd3ca0405be63f047bd9c5e449eb197f) Importer(815301076,1909f56bfc062723c751e8b465ee728b)
Start importing Assets/Art/Dice/Dice_Ronin_Pickpocket.png using Guid(cd3ca0405be63f047bd9c5e449eb197f) Importer(815301076,1909f56bfc062723c751e8b465ee728b)  -> (artifact id: '3123de3bb37e5c489404701f784be993') in 0.015922 seconds 
========================================================================
Received Import Request.
  Time since last request: 0.000266 seconds.
  path: Assets/Art/Dice/Dice_Ronin_SideStep.png
  artifactKey: Guid(b5e79cc4110ae1748b7b376096e5e0a3) Importer(815301076,1909f56bfc062723c751e8b465ee728b)
Start importing Assets/Art/Dice/Dice_Ronin_SideStep.png using Guid(b5e79cc4110ae1748b7b376096e5e0a3) Importer(815301076,1909f56bfc062723c751e8b465ee728b)  -> (artifact id: '97ca10bf9d3da762718204281c0cde1e') in 0.021724 seconds 
========================================================================
Received Import Request.
  Time since last request: 0.000251 seconds.
  path: Assets/Art/Dice/Dice_Ronin_TripleSlash.png
  artifactKey: Guid(998ce412a20adf04797da57bf7256382) Importer(815301076,1909f56bfc062723c751e8b465ee728b)
Start importing Assets/Art/Dice/Dice_Ronin_TripleSlash.png using Guid(998ce412a20adf04797da57bf7256382) Importer(815301076,1909f56bfc062723c751e8b465ee728b)  -> (artifact id: 'd262f8c76ff28e55d367fa9d0aa54467') in 0.023846 seconds 
========================================================================
Received Import Request.
  Time since last request: 0.000254 seconds.
  path: Assets/Art/Dice/Dice_Ronin_DoubleSlash.png
  artifactKey: Guid(334f9596c9529e74ba1233ed3a651296) Importer(815301076,1909f56bfc062723c751e8b465ee728b)
Start importing Assets/Art/Dice/Dice_Ronin_DoubleSlash.png using Guid(334f9596c9529e74ba1233ed3a651296) Importer(815301076,1909f56bfc062723c751e8b465ee728b)  -> (artifact id: 'fb4a3253651ab6e91812da5b5693e8f0') in 0.022235 seconds 
========================================================================
Received Import Request.
  Time since last request: 0.000241 seconds.
  path: Assets/Art/Dice/Dice_Ronin_Bandage.png
  artifactKey: Guid(46eee740ce181984b96b574ba25f02fe) Importer(815301076,1909f56bfc062723c751e8b465ee728b)
Start importing Assets/Art/Dice/Dice_Ronin_Bandage.png using Guid(46eee740ce181984b96b574ba25f02fe) Importer(815301076,1909f56bfc062723c751e8b465ee728b)  -> (artifact id: 'eef0a3cabb2d909b3c4c654ced1ad493') in 0.024716 seconds 
========================================================================
Received Import Request.
  Time since last request: 0.000230 seconds.
  path: Assets/Art/Dice/Dice_Warrior_SeismicDive.png
  artifactKey: Guid(4616c4df872848147a5ba1110803a240) Importer(815301076,1909f56bfc062723c751e8b465ee728b)
Start importing Assets/Art/Dice/Dice_Warrior_SeismicDive.png using Guid(4616c4df872848147a5ba1110803a240) Importer(815301076,1909f56bfc062723c751e8b465ee728b)  -> (artifact id: 'f323ab6dc56583650543e5dc55e9837c') in 0.028410 seconds 
========================================================================
Received Import Request.
  Time since last request: 0.000265 seconds.
  path: Assets/Art/Dice/Dice_Warrior_Pierce.png
  artifactKey: Guid(806c117de59538445baacef48a341522) Importer(815301076,1909f56bfc062723c751e8b465ee728b)
Start importing Assets/Art/Dice/Dice_Warrior_Pierce.png using Guid(806c117de59538445baacef48a341522) Importer(815301076,1909f56bfc062723c751e8b465ee728b)  -> (artifact id: '8dd262498a180a725bed9cdbf307acc8') in 0.024969 seconds 
========================================================================
Received Import Request.
  Time since last request: 0.000279 seconds.
  path: Assets/Art/Dice/Dice_Warrior_Disarm.png
  artifactKey: Guid(e1d5e18535e8f994ca135653c9248de8) Importer(815301076,1909f56bfc062723c751e8b465ee728b)
Start importing Assets/Art/Dice/Dice_Warrior_Disarm.png using Guid(e1d5e18535e8f994ca135653c9248de8) Importer(815301076,1909f56bfc062723c751e8b465ee728b)  -> (artifact id: 'bd0e747678b34962c7f4a2e76c477ab3') in 0.021809 seconds 
========================================================================
Received Import Request.
  Time since last request: 0.000278 seconds.
  path: Assets/Art/Dice/Dice_Gunslinger_BleedingShot.png
  artifactKey: Guid(6f81f8b1dad398143a7d86b19753403a) Importer(815301076,1909f56bfc062723c751e8b465ee728b)
Start importing Assets/Art/Dice/Dice_Gunslinger_BleedingShot.png using Guid(6f81f8b1dad398143a7d86b19753403a) Importer(815301076,1909f56bfc062723c751e8b465ee728b)  -> (artifact id: 'c9559147245b4f636bdb9c08e26f4787') in 0.023910 seconds 
========================================================================
Received Import Request.
  Time since last request: 0.000263 seconds.
  path: Assets/Art/Dice/Dice_Gunslinger_Rebound.png
  artifactKey: Guid(972febfec82832b49a7bef999ea6e425) Importer(815301076,1909f56bfc062723c751e8b465ee728b)
Start importing Assets/Art/Dice/Dice_Gunslinger_Rebound.png using Guid(972febfec82832b49a7bef999ea6e425) Importer(815301076,1909f56bfc062723c751e8b465ee728b)  -> (artifact id: '5b14a5dc8433dc3d604554f794de5ce9') in 0.021737 seconds 
========================================================================
Received Import Request.
  Time since last request: 0.000236 seconds.
  path: Assets/Art/Dice/Dice_Warrior_Inspire.png
  artifactKey: Guid(c3dcc28742b10e043a1405f385ef363d) Importer(815301076,1909f56bfc062723c751e8b465ee728b)
Start importing Assets/Art/Dice/Dice_Warrior_Inspire.png using Guid(c3dcc28742b10e043a1405f385ef363d) Importer(815301076,1909f56bfc062723c751e8b465ee728b)  -> (artifact id: 'eb496f51e99af955e9f166a298b74acf') in 0.023326 seconds 
========================================================================
Received Import Request.
  Time since last request: 0.000230 seconds.
  path: Assets/Art/Dice/Dice_Gunslinger_GunmansInstinct.png
  artifactKey: Guid(136be214b4a913e4badf0a77d6b5dd66) Importer(815301076,1909f56bfc062723c751e8b465ee728b)
Start importing Assets/Art/Dice/Dice_Gunslinger_GunmansInstinct.png using Guid(136be214b4a913e4badf0a77d6b5dd66) Importer(815301076,1909f56bfc062723c751e8b465ee728b)  -> (artifact id: '759b827f98bde9bed1f0b3f9a4ff3973') in 0.017348 seconds 
========================================================================
Received Import Request.
  Time since last request: 0.000246 seconds.
  path: Assets/Art/Dice/Dice_Gunslinger_Dynamite.png
  artifactKey: Guid(495ed32ce39b99f4ebb6cb3b8b5c7b99) Importer(815301076,1909f56bfc062723c751e8b465ee728b)
Start importing Assets/Art/Dice/Dice_Gunslinger_Dynamite.png using Guid(495ed32ce39b99f4ebb6cb3b8b5c7b99) Importer(815301076,1909f56bfc062723c751e8b465ee728b)  -> (artifact id: '7756e3712455e41fcd69f4e1cb72e9a6') in 0.022593 seconds 
========================================================================
Received Import Request.
  Time since last request: 0.000243 seconds.
  path: Assets/Art/Dice/Dice_Warrior_LastBreath.png
  artifactKey: Guid(31f73c4298d78164b812cd306d05a0a6) Importer(815301076,1909f56bfc062723c751e8b465ee728b)
Start importing Assets/Art/Dice/Dice_Warrior_LastBreath.png using Guid(31f73c4298d78164b812cd306d05a0a6) Importer(815301076,1909f56bfc062723c751e8b465ee728b)  -> (artifact id: '201de35b3f77cf46dea6f43d372fa694') in 0.021836 seconds 
========================================================================
Received Import Request.
  Time since last request: 0.000233 seconds.
  path: Assets/Art/Dice/Dice_Warrior_WhirlwindSlash.png
  artifactKey: Guid(2eb036ac3503cf04a80f2f9168c698df) Importer(815301076,1909f56bfc062723c751e8b465ee728b)
Start importing Assets/Art/Dice/Dice_Warrior_WhirlwindSlash.png using Guid(2eb036ac3503cf04a80f2f9168c698df) Importer(815301076,1909f56bfc062723c751e8b465ee728b)  -> (artifact id: '0cb29b4b50093a5962fce6e8ec96a6f2') in 0.020469 seconds 
========================================================================
Received Import Request.
  Time since last request: 0.000243 seconds.
  path: Assets/Art/Dice/Dice_Warrior_Strengthen.png
  artifactKey: Guid(b4b257d6c6ab1b840b636b75d7f1256c) Importer(815301076,1909f56bfc062723c751e8b465ee728b)
Start importing Assets/Art/Dice/Dice_Warrior_Strengthen.png using Guid(b4b257d6c6ab1b840b636b75d7f1256c) Importer(815301076,1909f56bfc062723c751e8b465ee728b)  -> (artifact id: '18d90bd449a88c41b5d0fed58c451c96') in 0.021148 seconds 
========================================================================
Received Import Request.
  Time since last request: 0.000255 seconds.
  path: Assets/Art/Dice/Dice_Warrior_CriticalHit.png
  artifactKey: Guid(6371ec129b27a404facd6225fa19e87d) Importer(815301076,1909f56bfc062723c751e8b465ee728b)
Start importing Assets/Art/Dice/Dice_Warrior_CriticalHit.png using Guid(6371ec129b27a404facd6225fa19e87d) Importer(815301076,1909f56bfc062723c751e8b465ee728b)  -> (artifact id: '56bf7c5a76ffe9ff9a3f63179bfa94cf') in 0.016770 seconds 
========================================================================
Received Import Request.
  Time since last request: 0.000230 seconds.
  path: Assets/Art/Dice/Dice_Gunslinger_Bullseye.png
  artifactKey: Guid(692c7d62a9a6683408c31df0c083aad6) Importer(815301076,1909f56bfc062723c751e8b465ee728b)
Start importing Assets/Art/Dice/Dice_Gunslinger_Bullseye.png using Guid(692c7d62a9a6683408c31df0c083aad6) Importer(815301076,1909f56bfc062723c751e8b465ee728b)  -> (artifact id: '8da9f62c59a233db5ba6c2d3f2cd1aa9') in 0.020034 seconds 
========================================================================
Received Import Request.
  Time since last request: 0.000221 seconds.
  path: Assets/Art/Dice/Dice_Ronin_Karma.png
  artifactKey: Guid(ea05f46065219e74a9d6251c7bf04baf) Importer(815301076,1909f56bfc062723c751e8b465ee728b)
Start importing Assets/Art/Dice/Dice_Ronin_Karma.png using Guid(ea05f46065219e74a9d6251c7bf04baf) Importer(815301076,1909f56bfc062723c751e8b465ee728b)  -> (artifact id: 'b37008b954b07ed9c3ba74835d9c9548') in 0.016697 seconds 
========================================================================
Received Import Request.
  Time since last request: 0.000318 seconds.
  path: Assets/Art/Dice/Dice_Gunslinger_CripplingShot.png
  artifactKey: Guid(a5daf66a4c3499a4ebba2b2e7cfc6bb4) Importer(815301076,1909f56bfc062723c751e8b465ee728b)
Start importing Assets/Art/Dice/Dice_Gunslinger_CripplingShot.png using Guid(a5daf66a4c3499a4ebba2b2e7cfc6bb4) Importer(815301076,1909f56bfc062723c751e8b465ee728b)  -> (artifact id: '96ce351f8a90d0af51906ed82f60d639') in 0.022885 seconds 
========================================================================
Received Import Request.
  Time since last request: 0.000220 seconds.
  path: Assets/Art/Dice/Dice_Gunslinger_SuppressiveFire.png
  artifactKey: Guid(9c661670dd000e746aadfc5bb907f2c3) Importer(815301076,1909f56bfc062723c751e8b465ee728b)
Start importing Assets/Art/Dice/Dice_Gunslinger_SuppressiveFire.png using Guid(9c661670dd000e746aadfc5bb907f2c3) Importer(815301076,1909f56bfc062723c751e8b465ee728b)  -> (artifact id: '9d5bf3705321221979ab0ff6e0c4ce20') in 0.023530 seconds 
========================================================================
Received Prepare
Registering precompiled user dll's ...
Registered in 0.004996 seconds.
Begin MonoManager ReloadAssembly
Symbol file LoadedFromMemory doesn't match image D:\_GITHUB\Root\Projects\Personal Projects\In Progress\Dice RPG\Dice RPG\Library\PackageCache\com.unity.visualscripting@1.6.1\Editor\VisualScripting.Core\Dependencies\YamlDotNet\Unity.VisualScripting.YamlDotNet.dll
Symbol file LoadedFromMemory doesn't match image D:\_GITHUB\Root\Projects\Personal Projects\In Progress\Dice RPG\Dice RPG\Library\PackageCache\com.unity.visualscripting@1.6.1\Editor\VisualScripting.Core\Dependencies\DotNetZip\Unity.VisualScripting.IonicZip.dll
Native extension for WindowsStandalone target not found
Native extension for WebGL target not found
Refreshing native plugins compatible for Editor in 1.30 ms, found 2 plugins.
Preloading 0 native plugins for Editor in 0.00 ms.
Mono: successfully reloaded assembly
- Completed reload, in  1.324 seconds
Platform modules already initialized, skipping
Shader 'Universal Render Pipeline/Particles/Lit': fallback shader 'Universal Render Pipeline/Particles/SimpleLit' not found
Shader 'MoreMountains/MMRipple': fallback shader 'Particle/AlphaBlended' not found
Refreshing native plugins compatible for Editor in 1.35 ms, found 2 plugins.
Preloading 0 native plugins for Editor in 0.00 ms.
Unloading 5522 Unused Serialized files (Serialized files now loaded: 0)
System memory in use before: 298.6 MB.
System memory in use after: 298.9 MB.

Unloading 22 unused Assets to reduce memory usage. Loaded Objects now: 6505.
Total: 4.037000 ms (FindLiveObjects: 0.539100 ms CreateObjectMapping: 0.179100 ms MarkObjects: 3.176800 ms  DeleteObjects: 0.140800 ms)

========================================================================
Received Prepare
Registering precompiled user dll's ...
Registered in 0.004844 seconds.
Begin MonoManager ReloadAssembly
Symbol file LoadedFromMemory doesn't match image D:\_GITHUB\Root\Projects\Personal Projects\In Progress\Dice RPG\Dice RPG\Library\PackageCache\com.unity.visualscripting@1.6.1\Editor\VisualScripting.Core\Dependencies\YamlDotNet\Unity.VisualScripting.YamlDotNet.dll
Symbol file LoadedFromMemory doesn't match image D:\_GITHUB\Root\Projects\Personal Projects\In Progress\Dice RPG\Dice RPG\Library\PackageCache\com.unity.visualscripting@1.6.1\Editor\VisualScripting.Core\Dependencies\DotNetZip\Unity.VisualScripting.IonicZip.dll
Native extension for WindowsStandalone target not found
Native extension for WebGL target not found
Refreshing native plugins compatible for Editor in 1.48 ms, found 2 plugins.
Preloading 0 native plugins for Editor in 0.00 ms.
Mono: successfully reloaded assembly
- Completed reload, in  1.407 seconds
Platform modules already initialized, skipping
Shader 'Universal Render Pipeline/Particles/Lit': fallback shader 'Universal Render Pipeline/Particles/SimpleLit' not found
Shader 'MoreMountains/MMRipple': fallback shader 'Particle/AlphaBlended' not found
Refreshing native plugins compatible for Editor in 1.35 ms, found 2 plugins.
Preloading 0 native plugins for Editor in 0.00 ms.
Unloading 5499 Unused Serialized files (Serialized files now loaded: 0)
System memory in use before: 297.7 MB.
System memory in use after: 298.1 MB.

Unloading 22 unused Assets to reduce memory usage. Loaded Objects now: 6509.
Total: 3.891400 ms (FindLiveObjects: 0.489000 ms CreateObjectMapping: 0.149100 ms MarkObjects: 3.104300 ms  DeleteObjects: 0.147100 ms)

========================================================================
Received Prepare
Registering precompiled user dll's ...
Registered in 0.004766 seconds.
Begin MonoManager ReloadAssembly
Symbol file LoadedFromMemory doesn't match image D:\_GITHUB\Root\Projects\Personal Projects\In Progress\Dice RPG\Dice RPG\Library\PackageCache\com.unity.visualscripting@1.6.1\Editor\VisualScripting.Core\Dependencies\YamlDotNet\Unity.VisualScripting.YamlDotNet.dll
Symbol file LoadedFromMemory doesn't match image D:\_GITHUB\Root\Projects\Personal Projects\In Progress\Dice RPG\Dice RPG\Library\PackageCache\com.unity.visualscripting@1.6.1\Editor\VisualScripting.Core\Dependencies\DotNetZip\Unity.VisualScripting.IonicZip.dll
Native extension for WindowsStandalone target not found
Native extension for WebGL target not found
Refreshing native plugins compatible for Editor in 1.30 ms, found 2 plugins.
Preloading 0 native plugins for Editor in 0.00 ms.
Mono: successfully reloaded assembly
- Completed reload, in  1.299 seconds
Platform modules already initialized, skipping
Shader 'Universal Render Pipeline/Particles/Lit': fallback shader 'Universal Render Pipeline/Particles/SimpleLit' not found
Shader 'MoreMountains/MMRipple': fallback shader 'Particle/AlphaBlended' not found
Refreshing native plugins compatible for Editor in 1.67 ms, found 2 plugins.
Preloading 0 native plugins for Editor in 0.00 ms.
Unloading 5499 Unused Serialized files (Serialized files now loaded: 0)
System memory in use before: 297.8 MB.
System memory in use after: 298.1 MB.

Unloading 22 unused Assets to reduce memory usage. Loaded Objects now: 6513.
Total: 5.875200 ms (FindLiveObjects: 0.559600 ms CreateObjectMapping: 0.200200 ms MarkObjects: 4.947700 ms  DeleteObjects: 0.166300 ms)

========================================================================
Received Prepare
Registering precompiled user dll's ...
Registered in 0.005055 seconds.
Begin MonoManager ReloadAssembly
Symbol file LoadedFromMemory doesn't match image D:\_GITHUB\Root\Projects\Personal Projects\In Progress\Dice RPG\Dice RPG\Library\PackageCache\com.unity.visualscripting@1.6.1\Editor\VisualScripting.Core\Dependencies\YamlDotNet\Unity.VisualScripting.YamlDotNet.dll
Symbol file LoadedFromMemory doesn't match image D:\_GITHUB\Root\Projects\Personal Projects\In Progress\Dice RPG\Dice RPG\Library\PackageCache\com.unity.visualscripting@1.6.1\Editor\VisualScripting.Core\Dependencies\DotNetZip\Unity.VisualScripting.IonicZip.dll
Native extension for WindowsStandalone target not found
Native extension for WebGL target not found
Refreshing native plugins compatible for Editor in 1.30 ms, found 2 plugins.
Preloading 0 native plugins for Editor in 0.00 ms.
Mono: successfully reloaded assembly
- Completed reload, in  1.344 seconds
Platform modules already initialized, skipping
Shader 'Universal Render Pipeline/Particles/Lit': fallback shader 'Universal Render Pipeline/Particles/SimpleLit' not found
Shader 'MoreMountains/MMRipple': fallback shader 'Particle/AlphaBlended' not found
Refreshing native plugins compatible for Editor in 1.33 ms, found 2 plugins.
Preloading 0 native plugins for Editor in 0.00 ms.
Unloading 5499 Unused Serialized files (Serialized files now loaded: 0)
System memory in use before: 297.8 MB.
System memory in use after: 298.2 MB.

Unloading 22 unused Assets to reduce memory usage. Loaded Objects now: 6517.
Total: 3.813400 ms (FindLiveObjects: 0.604100 ms CreateObjectMapping: 0.193700 ms MarkObjects: 2.871100 ms  DeleteObjects: 0.143300 ms)

========================================================================
Received Prepare
Registering precompiled user dll's ...
Registered in 0.005082 seconds.
Begin MonoManager ReloadAssembly
Symbol file LoadedFromMemory doesn't match image D:\_GITHUB\Root\Projects\Personal Projects\In Progress\Dice RPG\Dice RPG\Library\PackageCache\com.unity.visualscripting@1.6.1\Editor\VisualScripting.Core\Dependencies\YamlDotNet\Unity.VisualScripting.YamlDotNet.dll
Symbol file LoadedFromMemory doesn't match image D:\_GITHUB\Root\Projects\Personal Projects\In Progress\Dice RPG\Dice RPG\Library\PackageCache\com.unity.visualscripting@1.6.1\Editor\VisualScripting.Core\Dependencies\DotNetZip\Unity.VisualScripting.IonicZip.dll
Native extension for WindowsStandalone target not found
Native extension for WebGL target not found
Refreshing native plugins compatible for Editor in 1.88 ms, found 2 plugins.
Preloading 0 native plugins for Editor in 0.00 ms.
Mono: successfully reloaded assembly
- Completed reload, in  1.462 seconds
Platform modules already initialized, skipping
Shader 'Universal Render Pipeline/Particles/Lit': fallback shader 'Universal Render Pipeline/Particles/SimpleLit' not found
Shader 'MoreMountains/MMRipple': fallback shader 'Particle/AlphaBlended' not found
Refreshing native plugins compatible for Editor in 1.47 ms, found 2 plugins.
Preloading 0 native plugins for Editor in 0.00 ms.
Unloading 5499 Unused Serialized files (Serialized files now loaded: 0)
System memory in use before: 297.8 MB.
System memory in use after: 298.2 MB.

Unloading 22 unused Assets to reduce memory usage. Loaded Objects now: 6521.
Total: 4.172300 ms (FindLiveObjects: 0.534000 ms CreateObjectMapping: 0.182900 ms MarkObjects: 3.298200 ms  DeleteObjects: 0.155600 ms)

========================================================================
Received Prepare
Registering precompiled user dll's ...
Registered in 0.008179 seconds.
Begin MonoManager ReloadAssembly
Symbol file LoadedFromMemory doesn't match image D:\_GITHUB\Root\Projects\Personal Projects\In Progress\Dice RPG\Dice RPG\Library\PackageCache\com.unity.visualscripting@1.6.1\Editor\VisualScripting.Core\Dependencies\YamlDotNet\Unity.VisualScripting.YamlDotNet.dll
Symbol file LoadedFromMemory doesn't match image D:\_GITHUB\Root\Projects\Personal Projects\In Progress\Dice RPG\Dice RPG\Library\PackageCache\com.unity.visualscripting@1.6.1\Editor\VisualScripting.Core\Dependencies\DotNetZip\Unity.VisualScripting.IonicZip.dll
Native extension for WindowsStandalone target not found
Native extension for WebGL target not found
Refreshing native plugins compatible for Editor in 1.33 ms, found 2 plugins.
Preloading 0 native plugins for Editor in 0.00 ms.
Mono: successfully reloaded assembly
- Completed reload, in  1.427 seconds
Platform modules already initialized, skipping
Shader 'MoreMountains/MMRipple': fallback shader 'Particle/AlphaBlended' not found
Shader 'Universal Render Pipeline/Particles/Lit': fallback shader 'Universal Render Pipeline/Particles/SimpleLit' not found
Refreshing native plugins compatible for Editor in 2.08 ms, found 2 plugins.
Preloading 0 native plugins for Editor in 0.00 ms.
Unloading 5499 Unused Serialized files (Serialized files now loaded: 0)
System memory in use before: 297.9 MB.
System memory in use after: 298.3 MB.

Unloading 22 unused Assets to reduce memory usage. Loaded Objects now: 6525.
Total: 5.056600 ms (FindLiveObjects: 0.676700 ms CreateObjectMapping: 0.249000 ms MarkObjects: 3.937100 ms  DeleteObjects: 0.192600 ms)

